<?xml version="1.0" encoding="UTF-8"?>
<robot generator="Robot 7.4.2 (Python 3.11.15 on linux)" generated="2026-04-18T01:47:26.843054" rpa="false" schemaversion="5">
<suite id="s1" name="Repo1" source="/home/runner/work/repo1/repo1">
<suite id="s1-s1" name="Playwright2" source="/home/runner/work/repo1/repo1/playwright2">
<suite id="s1-s1-s1" name="Tests" source="/home/runner/work/repo1/repo1/playwright2/tests">
<kw name="Open Default Page" owner="keywords" type="SETUP">
<kw name="Convert To Boolean" owner="BuiltIn">
<msg time="2026-04-18T01:47:29.039295" level="INFO">${headless_bool} = True</msg>
<var>${headless_bool}</var>
<arg>${HEADLESS}</arg>
<doc>Converts the given item to Boolean ``True`` or ``False``.</doc>
<status status="PASS" start="2026-04-18T01:47:29.038916" elapsed="0.000414"/>
</kw>
<kw name="New Browser" owner="Browser">
<msg time="2026-04-18T01:47:29.040059" level="INFO">{"browser": "chromium", "headless": true, "chromiumSandbox": false, "devtools": false, "handleSIGHUP": true, "handleSIGINT": true, "handleSIGTERM": true, "slowMo": 0.0, "timeout": 30000.0, "tracesDir": "/home/runner/work/repo1/repo1/tmp/browser/traces/temp/69654ccf-7fb5-4736-a628-20e022857a16"}</msg>
<msg time="2026-04-18T01:47:29.044032" level="INFO">Starting Browser process /opt/hostedtoolcache/Python/3.11.15/x64/lib/python3.11/site-packages/Browser/wrapper/index.js using at 127.0.0.1:50657</msg>
<msg time="2026-04-18T01:47:29.578185" level="INFO">Successfully created browser with options: {"browser":"chromium","headless":true,"chromiumSandbox":false,"devtools":false,"handleSIGHUP":true,"handleSIGINT":true,"handleSIGTERM":true,"slowMo":0,"timeout":30000,"tracesDir":"/home/runner/work/repo1/repo1/tmp/browser/traces/temp/69654ccf-7fb5-4736-a628-20e022857a16"}</msg>
<arg>chromium</arg>
<arg>headless=${headless_bool}</arg>
<tag>BrowserControl</tag>
<tag>Setter</tag>
<doc>Create a new playwright Browser with specified options.</doc>
<status status="PASS" start="2026-04-18T01:47:29.039498" elapsed="0.539037"/>
</kw>
<kw name="New Context" owner="Browser">
<msg time="2026-04-18T01:47:29.584298" level="INFO">{
  "acceptDownloads": true,
  "bypassCSP": false,
  "forcedColors": "none",
  "ignoreHTTPSErrors": false,
  "javaScriptEnabled": true,
  "offline": false,
  "reducedMotion": "no-preference",
  "serviceWorkers": "allow",
  "viewport": {
    "width": 1880,
    "height": 940
  }
}</msg>
<msg time="2026-04-18T01:47:29.605032" level="INFO">Successfully created context. </msg>
<msg time="2026-04-18T01:47:29.605090" level="INFO">{'acceptDownloads': True, 'bypassCSP': False, 'forcedColors': 'none', 'ignoreHTTPSErrors': False, 'javaScriptEnabled': True, 'offline': False, 'reducedMotion': 'no-preference', 'serviceWorkers': 'allow', 'viewport': {'width': 1880, 'height': 940}}</msg>
<arg>viewport={'width': 1880, 'height': 940}</arg>
<tag>BrowserControl</tag>
<tag>Setter</tag>
<doc>Create a new BrowserContext with specified options.</doc>
<status status="PASS" start="2026-04-18T01:47:29.578944" elapsed="0.026219"/>
</kw>
<kw name="Set Browser Timeout" owner="Browser">
<arg>30000</arg>
<tag>Config</tag>
<tag>Setter</tag>
<doc>Sets the timeout used by most input and getter keywords.</doc>
<status status="PASS" start="2026-04-18T01:47:29.605357" elapsed="0.002647"/>
</kw>
<kw name="New Page" owner="Browser">
<msg time="2026-04-18T01:48:08.010813" level="INFO">Successfully initialized new page object and opened url: https://fireant.vn</msg>
<arg>${BASE_URL}</arg>
<arg>wait_until=load</arg>
<tag>BrowserControl</tag>
<tag>Setter</tag>
<doc>Open a new Page.</doc>
<status status="PASS" start="2026-04-18T01:47:29.608165" elapsed="38.402924"/>
</kw>
<status status="PASS" start="2026-04-18T01:47:29.038112" elapsed="38.973142"/>
</kw>
<suite id="s1-s1-s1-s1" name="First" source="/home/runner/work/repo1/repo1/playwright2/tests/first.robot">
<test id="s1-s1-s1-s1-t1" name="Test number one" line="11">
<kw name="Log Many" owner="BuiltIn">
<msg time="2026-04-18T01:48:08.033687" level="INFO">5000      1516300   5100      1002600
4900      504500    5200      659700
4800      148500    5300      258100
4700      14900     5400      139700
4600      43900     5500      149800
4500      40500     5600      85700
4400      26800     5700      374600
4300      21600     0         0
0         0         0         0
0         0         0         0</msg>
<arg>${PLAYWRIGHT_LOG}</arg>
<doc>Logs the given messages as separate entries using the INFO level.</doc>
<status status="PASS" start="2026-04-18T01:48:08.033176" elapsed="0.000586"/>
</kw>
<kw name="Check Title" owner="keywords">
<kw name="Get Title" owner="Browser">
<msg time="2026-04-18T01:48:08.039878" level="INFO">Title: 'FireAnt'</msg>
<msg time="2026-04-18T01:48:08.040047" level="INFO">${title} = FireAnt</msg>
<var>${title}</var>
<tag>Assertion</tag>
<tag>Getter</tag>
<tag>PageContent</tag>
<doc>Returns the title of the current page.</doc>
<status status="PASS" start="2026-04-18T01:48:08.034391" elapsed="0.005698"/>
</kw>
<kw name="Should Be Equal" owner="BuiltIn">
<arg>${title}</arg>
<arg>${TITLE2}</arg>
<doc>Fails if the given objects are unequal.</doc>
<status status="PASS" start="2026-04-18T01:48:08.040285" elapsed="0.000557"/>
</kw>
<status status="PASS" start="2026-04-18T01:48:08.034021" elapsed="0.006899"/>
</kw>
<kw name="Close popups if any" owner="keywords">
<kw name="Element Exists" owner="keywords">
<kw name="Run Keyword And Return Status" owner="BuiltIn">
<kw name="Wait For Elements State" owner="Browser">
<msg time="2026-04-18T01:48:14.270258" level="INFO" html="true">&lt;/td&gt;&lt;/tr&gt;&lt;tr&gt;&lt;td colspan="3"&gt;&lt;a href="browser/screenshot/fail-screenshot-1.png" target="_blank"&gt;&lt;img src="browser/screenshot/fail-screenshot-1.png" width="800px"/&gt;&lt;/a&gt;</msg>
<msg time="2026-04-18T01:48:14.270382" level="INFO">See also file:///home/runner/work/repo1/repo1/tmp/playwright-log.txt for additional details.</msg>
<msg time="2026-04-18T01:48:14.270919" level="FAIL">Error: locator.waitFor: Error: strict mode violation: locator('//span[normalize-space()=\'Close\']/ancestor::button') resolved to 2 elements:
    1) &lt;button class="rounded-sm opacity-70 hover:opacity-100 transition-opacity text-white hover:bg-white/20 p-1"&gt;…&lt;/button&gt; aka getByRole('button', { name: 'Close' }).first()
    2) &lt;button type="button" class="absolute right-4 top-4 rounded-sm opacity-70 ring-offset-white transition-opacity hover:opacity-100 focus:outline-none focus:ring-2 focus:ring-slate-950 focus:ring-offset-2 disabled:pointer-events-none data-[state=open]:bg-slate-100 data-[state=open]:text-slate-500 dark:ring-offset-slate-950 dark:focus:ring-slate-300 dark:data-[state=open]:bg-slate-800 dark:data-[state=open]:text-slate-400"&gt;…&lt;/button&gt; aka getByRole('button', { name: 'Close' }).nth(1)

Call log:
  - waiting for locator('//span[normalize-space()=\'Close\']/ancestor::button')
</msg>
<arg>${locator}</arg>
<arg>attached</arg>
<arg>timeout=6s</arg>
<tag>PageContent</tag>
<tag>Wait</tag>
<doc>Waits for the element found by ``selector`` to satisfy state option.</doc>
<status status="FAIL" start="2026-04-18T01:48:08.042006" elapsed="6.239005">Error: locator.waitFor: Error: strict mode violation: locator('//span[normalize-space()=\'Close\']/ancestor::button') resolved to 2 elements:
    1) &lt;button class="rounded-sm opacity-70 hover:opacity-100 transition-opacity text-white hover:bg-white/20 p-1"&gt;…&lt;/button&gt; aka getByRole('button', { name: 'Close' }).first()
    2) &lt;button type="button" class="absolute right-4 top-4 rounded-sm opacity-70 ring-offset-white transition-opacity hover:opacity-100 focus:outline-none focus:ring-2 focus:ring-slate-950 focus:ring-offset-2 disabled:pointer-events-none data-[state=open]:bg-slate-100 data-[state=open]:text-slate-500 dark:ring-offset-slate-950 dark:focus:ring-slate-300 dark:data-[state=open]:bg-slate-800 dark:data-[state=open]:text-slate-400"&gt;…&lt;/button&gt; aka getByRole('button', { name: 'Close' }).nth(1)

Call log:
  - waiting for locator('//span[normalize-space()=\'Close\']/ancestor::button')
</status>
</kw>
<msg time="2026-04-18T01:48:14.281235" level="INFO">${status} = False</msg>
<var>${status}</var>
<arg>Wait For Elements State</arg>
<arg>${locator}</arg>
<arg>attached</arg>
<arg>timeout=6s</arg>
<doc>Runs the specified keyword and returns the status as a Boolean value.</doc>
<status status="PASS" start="2026-04-18T01:48:08.041650" elapsed="6.239673"/>
</kw>
<kw name="Return From Keyword" owner="BuiltIn">
<msg time="2026-04-18T01:48:14.281939" level="INFO">Returning from the enclosing user keyword.</msg>
<arg>${status}</arg>
<doc>Returns from the enclosing user keyword.</doc>
<status status="PASS" start="2026-04-18T01:48:14.281573" elapsed="0.000441"/>
</kw>
<msg time="2026-04-18T01:48:14.282196" level="INFO">${check} = False</msg>
<var>${check}</var>
<arg>${CLOSE}</arg>
<status status="PASS" start="2026-04-18T01:48:08.041344" elapsed="6.240885"/>
</kw>
<kw name="Run Keyword If" owner="BuiltIn">
<arg>${check}</arg>
<arg>Click</arg>
<arg>xpath=${CLOSE}</arg>
<doc>Runs the given keyword with the given arguments, if ``condition`` is true.</doc>
<status status="PASS" start="2026-04-18T01:48:14.282379" elapsed="0.000407"/>
</kw>
<kw name="Set Variable" owner="BuiltIn">
<msg time="2026-04-18T01:48:14.283346" level="INFO">${CLOSE} = //div[@class='relative']//button</msg>
<var>${CLOSE}</var>
<arg>//div[@class='relative']//button</arg>
<doc>Returns the given values which can then be assigned to a variables.</doc>
<status status="PASS" start="2026-04-18T01:48:14.282926" elapsed="0.000456"/>
</kw>
<kw name="Element Exists" owner="keywords">
<kw name="Run Keyword And Return Status" owner="BuiltIn">
<kw name="Wait For Elements State" owner="Browser">
<msg time="2026-04-18T01:48:14.290745" level="INFO">Waited for Element with selector //div[@class='relative']//button at state attached</msg>
<arg>${locator}</arg>
<arg>attached</arg>
<arg>timeout=6s</arg>
<tag>PageContent</tag>
<tag>Wait</tag>
<doc>Waits for the element found by ``selector`` to satisfy state option.</doc>
<status status="PASS" start="2026-04-18T01:48:14.284462" elapsed="0.006390"/>
</kw>
<msg time="2026-04-18T01:48:14.290959" level="INFO">${status} = True</msg>
<var>${status}</var>
<arg>Wait For Elements State</arg>
<arg>${locator}</arg>
<arg>attached</arg>
<arg>timeout=6s</arg>
<doc>Runs the specified keyword and returns the status as a Boolean value.</doc>
<status status="PASS" start="2026-04-18T01:48:14.284002" elapsed="0.006982"/>
</kw>
<kw name="Return From Keyword" owner="BuiltIn">
<msg time="2026-04-18T01:48:14.291327" level="INFO">Returning from the enclosing user keyword.</msg>
<arg>${status}</arg>
<doc>Returns from the enclosing user keyword.</doc>
<status status="PASS" start="2026-04-18T01:48:14.291103" elapsed="0.000279"/>
</kw>
<msg time="2026-04-18T01:48:14.291567" level="INFO">${check} = True</msg>
<var>${check}</var>
<arg>${CLOSE}</arg>
<status status="PASS" start="2026-04-18T01:48:14.283611" elapsed="0.007981"/>
</kw>
<kw name="Run Keyword If" owner="BuiltIn">
<kw name="Click" owner="Browser">
<msg time="2026-04-18T01:48:14.292460" level="INFO">Clicks the element 'xpath=//div[@class='relative']//button'.</msg>
<arg>xpath=${CLOSE}</arg>
<tag>PageContent</tag>
<tag>Setter</tag>
<doc>Simulates mouse click on the element found by ``selector``.</doc>
<status status="PASS" start="2026-04-18T01:48:14.292022" elapsed="0.062276"/>
</kw>
<arg>${check}</arg>
<arg>Click</arg>
<arg>xpath=${CLOSE}</arg>
<doc>Runs the given keyword with the given arguments, if ``condition`` is true.</doc>
<status status="PASS" start="2026-04-18T01:48:14.291697" elapsed="0.062788"/>
</kw>
<status status="PASS" start="2026-04-18T01:48:08.041074" elapsed="6.313554"/>
</kw>
<kw name="Basic Check" owner="keywords">
<kw name="Go to a code" owner="keywords">
<kw name="Fill Text" owner="Browser">
<msg time="2026-04-18T01:48:14.356825" level="INFO">Fills the text 'HBC' in the given field.</msg>
<arg>xpath=//div[@data-value]//input</arg>
<arg>${code}</arg>
<tag>PageContent</tag>
<tag>Setter</tag>
<doc>Clears and fills the given ``txt`` into the text field found by ``selector``.</doc>
<status status="PASS" start="2026-04-18T01:48:14.356129" elapsed="0.049746"/>
</kw>
<kw name="Set Variable" owner="BuiltIn">
<msg time="2026-04-18T01:48:14.406908" level="INFO">${RESULT} = (//div[contains(text(),"HBC")]/ancestor::div[@role="option"])[1]</msg>
<var>${RESULT}</var>
<arg>(//div[contains(text(),"${code}")]/ancestor::div[@role="option"])[1]</arg>
<doc>Returns the given values which can then be assigned to a variables.</doc>
<status status="PASS" start="2026-04-18T01:48:14.406153" elapsed="0.000795"/>
</kw>
<kw name="Wait For Elements State" owner="Browser">
<msg time="2026-04-18T01:48:15.706225" level="INFO">Waited for Element with selector (//div[contains(text(),"HBC")]/ancestor::div[@role="option"])[1] at state attached</msg>
<arg>${RESULT}</arg>
<arg>attached</arg>
<arg>timeout=12s</arg>
<tag>PageContent</tag>
<tag>Wait</tag>
<doc>Waits for the element found by ``selector`` to satisfy state option.</doc>
<status status="PASS" start="2026-04-18T01:48:14.407116" elapsed="1.299359"/>
</kw>
<for flavor="IN RANGE">
<iter>
<kw name="Run Keyword And Ignore Error" owner="BuiltIn">
<kw name="Click" owner="Browser">
<msg time="2026-04-18T01:48:15.707946" level="INFO">Clicks the element 'xpath=(//div[contains(text(),"HBC")]/ancestor::div[@role="option"])[1]'.</msg>
<arg>xpath=${RESULT}</arg>
<tag>PageContent</tag>
<tag>Setter</tag>
<doc>Simulates mouse click on the element found by ``selector``.</doc>
<status status="PASS" start="2026-04-18T01:48:15.707509" elapsed="0.086122"/>
</kw>
<msg time="2026-04-18T01:48:15.793888" level="INFO">${status} = PASS</msg>
<msg time="2026-04-18T01:48:15.793952" level="INFO">${msg} = None</msg>
<var>${status}</var>
<var>${msg}</var>
<arg>Click</arg>
<arg>xpath=${RESULT}</arg>
<doc>Runs the given keyword with the given arguments and ignores possible error.</doc>
<status status="PASS" start="2026-04-18T01:48:15.707120" elapsed="0.086864"/>
</kw>
<kw name="Run Keyword If" owner="BuiltIn">
<kw name="Exit For Loop" owner="BuiltIn">
<msg time="2026-04-18T01:48:15.795219" level="INFO">Exiting for loop altogether.</msg>
<doc>Stops executing the enclosing FOR loop.</doc>
<status status="PASS" start="2026-04-18T01:48:15.794849" elapsed="0.000471"/>
</kw>
<arg>'${status}' == 'PASS'</arg>
<arg>Exit For Loop</arg>
<doc>Runs the given keyword with the given arguments, if ``condition`` is true.</doc>
<status status="PASS" start="2026-04-18T01:48:15.794202" elapsed="0.001185"/>
</kw>
<kw name="Run Keyword If" owner="BuiltIn">
<arg>'${status}' != 'PASS'</arg>
<arg>Click</arg>
<arg>xpath=//div[@data-value]</arg>
<doc>Runs the given keyword with the given arguments, if ``condition`` is true.</doc>
<status status="NOT RUN" start="2026-04-18T01:48:15.795568" elapsed="0.000073"/>
</kw>
<var name="${kw}">1</var>
<status status="PASS" start="2026-04-18T01:48:15.706931" elapsed="0.088773"/>
</iter>
<var>${kw}</var>
<value>1</value>
<value>4</value>
<status status="PASS" start="2026-04-18T01:48:15.706615" elapsed="0.089168"/>
</for>
<kw name="Run Keyword And Ignore Error" owner="BuiltIn">
<kw name="Wait For Load State" owner="Browser">
<msg time="2026-04-18T01:48:15.796914" level="INFO">Waiting page load to state to receive networkidle in 4000.0</msg>
<msg time="2026-04-18T01:48:18.831817" level="INFO">Load state networkidle got in 4000</msg>
<arg>networkidle</arg>
<arg>timeout=4s</arg>
<tag>PageContent</tag>
<tag>Wait</tag>
<doc>Waits that the page reaches the required load state.</doc>
<status status="PASS" start="2026-04-18T01:48:15.796313" elapsed="3.035711"/>
</kw>
<arg>Wait For Load State</arg>
<arg>networkidle</arg>
<arg>timeout=4s</arg>
<doc>Runs the given keyword with the given arguments and ignores possible error.</doc>
<status status="PASS" start="2026-04-18T01:48:15.795941" elapsed="3.036180"/>
</kw>
<arg>${code}</arg>
<status status="PASS" start="2026-04-18T01:48:14.355738" elapsed="4.476467"/>
</kw>
<kw name="Set Variable" owner="BuiltIn">
<msg time="2026-04-18T01:48:18.832859" level="INFO">${orderBook} = //button[contains(text(),'Sổ lệnh')]</msg>
<var>${orderBook}</var>
<arg>//button[contains(text(),'Sổ lệnh')]</arg>
<doc>Returns the given values which can then be assigned to a variables.</doc>
<status status="PASS" start="2026-04-18T01:48:18.832357" elapsed="0.000534"/>
</kw>
<kw name="Set Variable" owner="BuiltIn">
<msg time="2026-04-18T01:48:18.833339" level="INFO">${highestBuyPrice} = (//div[contains(@class,'flex-row')]//div[contains(@class,'justify-end')]/span)[1]</msg>
<var>${highestBuyPrice}</var>
<arg>(//div[contains(@class,'flex-row')]//div[contains(@class,'justify-end')]/span)[1]</arg>
<doc>Returns the given values which can then be assigned to a variables.</doc>
<status status="PASS" start="2026-04-18T01:48:18.833047" elapsed="0.000319"/>
</kw>
<kw name="Set Variable" owner="BuiltIn">
<msg time="2026-04-18T01:48:18.833776" level="INFO">${highestBuyVolume} = (//div[contains(@class,'flex-row')]//div[contains(@class,'flex-row')]/span)[1]</msg>
<var>${highestBuyVolume}</var>
<arg>(//div[contains(@class,'flex-row')]//div[contains(@class,'flex-row')]/span)[1]</arg>
<doc>Returns the given values which can then be assigned to a variables.</doc>
<status status="PASS" start="2026-04-18T01:48:18.833494" elapsed="0.000308"/>
</kw>
<kw name="Wait Until Keyword Succeeds" owner="BuiltIn">
<kw name="Click" owner="Browser">
<msg time="2026-04-18T01:48:18.834783" level="INFO">Clicks the element 'xpath=//button[contains(text(),'Sổ lệnh')]'.</msg>
<arg>xpath=${orderBook}</arg>
<tag>PageContent</tag>
<tag>Setter</tag>
<doc>Simulates mouse click on the element found by ``selector``.</doc>
<status status="PASS" start="2026-04-18T01:48:18.834336" elapsed="0.037218"/>
</kw>
<arg>10 sec</arg>
<arg>2 sec</arg>
<arg>Click</arg>
<arg>xpath=${orderBook}</arg>
<doc>Runs the specified keyword and retries if it fails.</doc>
<status status="PASS" start="2026-04-18T01:48:18.833912" elapsed="0.037731"/>
</kw>
<kw name="Wait For Elements State" owner="Browser">
<msg time="2026-04-18T01:48:19.160709" level="INFO">Waited for Element with selector (//div[contains(@class,'flex-row')]//div[contains(@class,'justify-end')]/span)[1] at state attached</msg>
<arg>${highestBuyPrice}</arg>
<arg>attached</arg>
<arg>timeout=12s</arg>
<tag>PageContent</tag>
<tag>Wait</tag>
<doc>Waits for the element found by ``selector`` to satisfy state option.</doc>
<status status="PASS" start="2026-04-18T01:48:18.871797" elapsed="0.289170"/>
</kw>
<kw name="Get Text" owner="Browser">
<msg time="2026-04-18T01:48:19.192787" level="INFO">Text: '\xa01,516,300'</msg>
<msg time="2026-04-18T01:48:19.192963" level="INFO">${highestBuyVolume} =  1,516,300</msg>
<var>${highestBuyVolume}</var>
<arg>${highestBuyVolume}</arg>
<tag>Assertion</tag>
<tag>Getter</tag>
<tag>PageContent</tag>
<doc>Returns text attribute of the element found by ``selector``.</doc>
<status status="PASS" start="2026-04-18T01:48:19.161253" elapsed="0.031739"/>
</kw>
<kw name="Get Text" owner="Browser">
<msg time="2026-04-18T01:48:19.206904" level="INFO">Text: '\xa05.00'</msg>
<msg time="2026-04-18T01:48:19.207117" level="INFO">${highestBuyPrice} =  5.00</msg>
<var>${highestBuyPrice}</var>
<arg>${highestBuyPrice}</arg>
<tag>Assertion</tag>
<tag>Getter</tag>
<tag>PageContent</tag>
<doc>Returns text attribute of the element found by ``selector``.</doc>
<status status="PASS" start="2026-04-18T01:48:19.193186" elapsed="0.013972"/>
</kw>
<kw name="Log" owner="BuiltIn">
<msg time="2026-04-18T01:48:19.207953" level="INFO"> 1,516,300  5.00</msg>
<arg>${highestBuyVolume} ${highestBuyPrice}</arg>
<doc>Logs the given message with the given level.</doc>
<status status="PASS" start="2026-04-18T01:48:19.207436" elapsed="0.000573"/>
</kw>
<arg>HBC</arg>
<status status="PASS" start="2026-04-18T01:48:14.354996" elapsed="4.853091"/>
</kw>
<doc>A test to try ui</doc>
<tag>done</tag>
<timeout value="1 minute"/>
<status status="PASS" start="2026-04-18T01:48:08.027382" elapsed="11.180840"/>
</test>
<test id="s1-s1-s1-s1-t2" name="Test API Number One" line="20">
<kw name="Set Variable" owner="BuiltIn">
<msg time="2026-04-18T01:48:19.217956" level="INFO">${fullURL} = https://fireant.vn/ma-chung-khoan/HBC</msg>
<var>${fullURL}</var>
<arg>${API_URL}HBC</arg>
<doc>Returns the given values which can then be assigned to a variables.</doc>
<status status="PASS" start="2026-04-18T01:48:19.217563" elapsed="0.000421"/>
</kw>
<kw name="Create Session" owner="RequestsLibrary">
<msg time="2026-04-18T01:48:19.218273" level="INFO">Creating Session using : alias=jsonplaceholder, url=https://fireant.vn/ma-chung-khoan/HBC, headers={},                     cookies={}, auth=None, timeout=None, proxies=None, verify=False,                     debug=0 </msg>
<arg>jsonplaceholder</arg>
<arg>${fullURL}</arg>
<doc>Create Session: create a HTTP session to a server</doc>
<status status="PASS" start="2026-04-18T01:48:19.218093" elapsed="0.000389"/>
</kw>
<kw name="GET" owner="RequestsLibrary">
<msg time="2026-04-18T01:48:20.081750" level="INFO">GET Request : url=https://fireant.vn/ma-chung-khoan/HBC 
 path_url=/ma-chung-khoan/HBC 
 headers={'User-Agent': 'python-requests/2.33.1', 'Accept-Encoding': 'gzip, deflate', 'Accept': '*/*', 'Connection': 'keep-alive'} 
 body=None 
 </msg>
<msg time="2026-04-18T01:48:20.081876" level="INFO">GET Response : url=https://fireant.vn/ma-chung-khoan/HBC 
 status=200, reason=OK 
 headers={'Server': 'nginx', 'Date': 'Sat, 18 Apr 2026 01:48:19 GMT', 'Content-Type': 'text/html', 'Transfer-Encoding': 'chunked', 'Cache-Control': 'private', 'Timing-Allow-Origin': '*', 'Via': 'mly inter', 'X-Mly-Id': '0934ef9a988b704f64ea66d7e472c1fd', 'x-cvs-origin-ip': '103.90.220.123'} 
 body=&lt;html&gt;&lt;head&gt;&lt;title&gt;Attention Required&lt;/title&gt;&lt;/head&gt;&lt;body&gt;&lt;script&gt;window.location.href="https://fireant.vn/ma-chung-khoan/HBC?jskey=qcYjnFpL2n7p%2FIpay4%2BSmV%2B6jVo1jPF51G%2BSLekQmyIG";&lt;/script&gt;&lt;/body&gt;&lt;/html&gt;
 
 </msg>
<msg time="2026-04-18T01:48:20.082074" level="INFO">${response} = &lt;Response [200]&gt;</msg>
<var>${response}</var>
<arg>${fullURL}</arg>
<doc>Sends a GET request.</doc>
<status status="PASS" start="2026-04-18T01:48:19.218587" elapsed="0.863521"/>
</kw>
<kw name="Convert To String" owner="BuiltIn">
<msg time="2026-04-18T01:48:20.083070" level="INFO">${html1} = &lt;html&gt;&lt;head&gt;&lt;title&gt;Attention Required&lt;/title&gt;&lt;/head&gt;&lt;body&gt;&lt;script&gt;window.location.href="https://fireant.vn/ma-chung-khoan/HBC?jskey=qcYjnFpL2n7p%2FIpay4%2BSmV%2B6jVo1jPF51G%2BSLekQmyIG";&lt;/script&gt;&lt;/bod...</msg>
<var>${html1}</var>
<arg>${response.content}</arg>
<doc>Converts the given item to a Unicode string.</doc>
<status status="PASS" start="2026-04-18T01:48:20.082292" elapsed="0.000809"/>
</kw>
<kw name="Get Regexp Matches" owner="String">
<msg time="2026-04-18T01:48:20.083671" level="INFO">${redirect} = ['https://fireant.vn/ma-chung-khoan/HBC?jskey=qcYjnFpL2n7p%2FIpay4%2BSmV%2B6jVo1jPF51G%2BSLekQmyIG']</msg>
<var>${redirect}</var>
<arg>${html1}</arg>
<arg>window\.location\.href\s*=\s*"([^"]+)"</arg>
<arg>1</arg>
<doc>Returns a list of all non-overlapping matches in the given string.</doc>
<status status="PASS" start="2026-04-18T01:48:20.083214" elapsed="0.000485"/>
</kw>
<if>
<branch type="IF" condition="${redirect}">
<kw name="Process Redirect" owner="keywords">
<kw name="Evaluate" owner="BuiltIn">
<msg time="2026-04-18T01:48:20.084857" level="INFO">${fullURL} = https://fireant.vn/ma-chung-khoan/HBC?jskey=qcYjnFpL2n7p%2FIpay4%2BSmV%2B6jVo1jPF51G%2BSLekQmyIG</msg>
<var>${fullURL}</var>
<arg>' '.join(${redirect})</arg>
<doc>Evaluates the given expression in Python and returns the result.</doc>
<status status="PASS" start="2026-04-18T01:48:20.084445" elapsed="0.000439"/>
</kw>
<kw name="Remove String Using Regexp" owner="String">
<msg time="2026-04-18T01:48:20.085336" level="INFO">${fullURL} = https://fireant.vn/ma-chung-khoan/HBC?jskey=qcYjnFpL2n7p%2FIpay4%2BSmV%2B6jVo1jPF51G%2BSLekQmyIG</msg>
<var>${fullURL}</var>
<arg>${fullURL}</arg>
<arg>[\'\[]</arg>
<doc>Removes ``patterns`` from the given ``string``.</doc>
<status status="PASS" start="2026-04-18T01:48:20.085017" elapsed="0.000345"/>
</kw>
<kw name="Remove String Using Regexp" owner="String">
<msg time="2026-04-18T01:48:20.085758" level="INFO">${fullURL} = https://fireant.vn/ma-chung-khoan/HBC?jskey=qcYjnFpL2n7p%2FIpay4%2BSmV%2B6jVo1jPF51G%2BSLekQmyIG</msg>
<var>${fullURL}</var>
<arg>${fullURL}</arg>
<arg>[\]]</arg>
<doc>Removes ``patterns`` from the given ``string``.</doc>
<status status="PASS" start="2026-04-18T01:48:20.085485" elapsed="0.000348"/>
</kw>
<kw name="Log" owner="BuiltIn">
<msg time="2026-04-18T01:48:20.086211" level="INFO">https://fireant.vn/ma-chung-khoan/HBC?jskey=qcYjnFpL2n7p%2FIpay4%2BSmV%2B6jVo1jPF51G%2BSLekQmyIG</msg>
<arg>${fullURL}</arg>
<doc>Logs the given message with the given level.</doc>
<status status="PASS" start="2026-04-18T01:48:20.085941" elapsed="0.000323"/>
</kw>
<kw name="GET" owner="RequestsLibrary">
<msg time="2026-04-18T01:48:23.055028" level="INFO">GET Request : url=https://fireant.vn/ma-chung-khoan/HBC?jskey=qcYjnFpL2n7p%2FIpay4%2BSmV%2B6jVo1jPF51G%2BSLekQmyIG 
 path_url=/ma-chung-khoan/HBC?jskey=qcYjnFpL2n7p%2FIpay4%2BSmV%2B6jVo1jPF51G%2BSLekQmyIG 
 headers={'User-Agent': 'python-requests/2.33.1', 'Accept-Encoding': 'gzip, deflate', 'Accept': '*/*', 'Connection': 'keep-alive'} 
 body=None 
 </msg>
<msg time="2026-04-18T01:48:23.056543" level="INFO">GET Response : url=https://fireant.vn/ma-chung-khoan/HBC?jskey=qcYjnFpL2n7p%2FIpay4%2BSmV%2B6jVo1jPF51G%2BSLekQmyIG 
 status=200, reason=OK 
 headers={'Server': 'nginx', 'Date': 'Sat, 18 Apr 2026 01:48:22 GMT', 'Content-Type': 'text/html; charset=utf-8', 'Content-Length': '99693', 'Set-Cookie': 'mwid_mly=38rMjkEsmkHlgu5+QFPF1gf5chCWubvnFFN//OQhYjLpIbSkmfMmqdGtr0lBStO4NQXYm0WlBWD2P0rt4TN71xRZTNaOENiALdqd9tTViXnXAhcFkPv8YZsg3V3CBHNdBw==; Domain=fireant.vn; Path=/; Expires=Sat, 18-Apr-26 02:03:20 GMT; HttpOnly; secure; SameSite=None, currentUser.recentSymbols=NoXSA; Path=/; SameSite=Strict, currentUser.chartOptions=N4IgDgpgTglg9gExALhAWzgOwC4AsDOIANONPAgMJwCuOKAzCQMa4CGU2AyjAF4QMAGASXy44AdwAyEAOYRMSZNijUIJavggAVKKwQxMMgGowI4gGLUANlc5MoEeSmWqRZCIWSgAbnCvU0fiUVNRAmVgUrD2wYJgBrZxCSdghWFAAzVitNEisDIMzs0IAjdgysnPQ05ABtAEZhAFYBAF0SKHwYcqKSYr88w2gAIQiET0LNAF9JoA; Path=/; SameSite=Strict, watchlists.defaultWatchlistID=LQRiA; Path=/; SameSite=Strict, __Host-next-auth.csrf-token=fd6e9b5f1b51e08213350ac4de281d8319c1ac45ef802a5c646271c88e650796%7C84adb848107b7bbe245d2023a778623e648f142dca13cb5d9fd7a5f22d136c31; Path=/; HttpOnly; Secure; SameSite=Lax, __Secure-next-auth.callback-url=https%3A%2F%2Ffireant.vn; Path=/; HttpOnly; Secure; SameSite=Lax', 'Cache-Control': 'private, no-cache, no-store, max-age=0, must-revalidate', 'Content-Encoding': 'gzip', 'ETag': '"u1yerlvre5cq1o"', 'Vary': 'Accept-Encoding', 'X-Powered-By': 'Next.js, ARR/3.0, ASP.NET', 'Timing-Allow-Origin': '*', 'Via': 'mly inter', 'X-Mly-Id': '0f1f46c3dd2db08739f26c8f03d495ba', 'Accept-Ranges': 'bytes', 'x-cvs-origin-ip': '160.19.158.79'} 
 body=&lt;!DOCTYPE html&gt;&lt;html&gt;&lt;head&gt;&lt;meta charSet="utf-8"/&gt;&lt;meta name="viewport" content="width=device-width, initial-scale=1.0, maximum-scale=1.0, user-scalable=no"/&gt;&lt;title&gt;FireAnt&lt;/title&gt;&lt;meta name="description" content="FireAnt là một giải pháp hoàn hảo cho các nhà đầu tư chứng khoán Việt Nam. FireAnt Platform trang bị cho nhà đầu tư những công cụ mạnh mẽ nhất, giúp họ nắm bắt nhanh chóng và chính xác mọi diễn biến của thị trường"/&gt;&lt;meta property="og:description" content="FireAnt là một giải pháp hoàn hảo cho các nhà đầu tư chứng khoán Việt Nam. FireAnt Platform trang bị cho nhà đầu tư những công cụ mạnh mẽ nhất, giúp họ nắm bắt nhanh chóng và chính xác mọi diễn biến của thị trường"/&gt;&lt;meta property="og:site_name" content="fireant.vn"/&gt;&lt;meta property="og:rich_attachment" content="true"/&gt;&lt;meta property="og:type" content="website"/&gt;&lt;meta property="og:url" content="https://fireant.vn"/&gt;&lt;meta property="og:image" content="https://fireant.vn/logo.png"/&gt;&lt;meta property="og:image:width" content="1000"/&gt;&lt;meta property="og:image:height" content="1000"/&gt;&lt;meta name="apple-itunes-app" content="app-id=1060422890, app-argument=https://fireant.vn"/&gt;&lt;meta name="next-head-count" content="13"/&gt;&lt;link rel="stylesheet" href="https://rsms.me/inter/inter.css"/&gt;&lt;script type="text/javascript" src="https://static.fireant.vn/tradingView_v27/charting_library.standalone.js"&gt;&lt;/script&gt;&lt;script async="" src="https://pagead2.googlesyndication.com/pagead/js/adsbygoogle.js?client=ca-pub-1942934517676156" crossorigin="anonymous"&gt;&lt;/script&gt;&lt;link rel="preload" href="https://static.fireant.vn/web/v1/_next/static/css/15751c47e5edecac.css" as="style"/&gt;&lt;link rel="stylesheet" href="https://static.fireant.vn/web/v1/_next/static/css/15751c47e5edecac.css" data-n-g=""/&gt;&lt;noscript data-n-css=""&gt;&lt;/noscript&gt;&lt;script defer="" nomodule="" src="https://static.fireant.vn/web/v1/_next/static/chunks/polyfills-78c92fac7aa8fdd8.js"&gt;&lt;/script&gt;&lt;script src="https://static.fireant.vn/web/v1/_next/static/chunks/webpack-e9809b90836f03cb.js" defer=""&gt;&lt;/script&gt;&lt;script src="https://static.fireant.vn/web/v1/_next/static/chunks/framework-1b27f628bea1456c.js" defer=""&gt;&lt;/script&gt;&lt;script src="https://static.fireant.vn/web/v1/_next/static/chunks/main-9ca0c585ea937548.js" defer=""&gt;&lt;/script&gt;&lt;script src="https://static.fireant.vn/web/v1/_next/static/chunks/pages/_app-0a438895d7cca37b.js" defer=""&gt;&lt;/script&gt;&lt;script src="https://static.fireant.vn/web/v1/_next/static/chunks/008a4efc-b5f8fde31192ca14.js" defer=""&gt;&lt;/script&gt;&lt;script src="https://static.fireant.vn/web/v1/_next/static/chunks/8959-30f78f2e3d94adb1.js" defer=""&gt;&lt;/script&gt;&lt;script src="https://static.fireant.vn/web/v1/_next/static/chunks/770-96aa6ad0ea7126d9.js" defer=""&gt;&lt;/script&gt;&lt;script src="https://static.fireant.vn/web/v1/_next/static/chunks/9460-2de604a1d12b56f9.js" defer=""&gt;&lt;/script&gt;&lt;script src="https://static.fireant.vn/web/v1/_next/static/chunks/3160-e9f35a2fc2fc9b81.js" defer=""&gt;&lt;/script&gt;&lt;script src="https://static.fireant.vn/web/v1/_next/static/chunks/8809-19eed88200a7564a.js" defer=""&gt;&lt;/script&gt;&lt;script src="https://static.fireant.vn/web/v1/_next/static/chunks/3768-74d672d726e268de.js" defer=""&gt;&lt;/script&gt;&lt;script src="https://static.fireant.vn/web/v1/_next/static/chunks/pages/ma-chung-khoan/%5Bsymbol%5D-50e9dde4bb9de528.js" defer=""&gt;&lt;/script&gt;&lt;script src="https://static.fireant.vn/web/v1/_next/static/dLoiHnypZYfwphtHQE0Oc/_buildManifest.js" defer=""&gt;&lt;/script&gt;&lt;script src="https://static.fireant.vn/web/v1/_next/static/dLoiHnypZYfwphtHQE0Oc/_ssgManifest.js" defer=""&gt;&lt;/script&gt;&lt;/head&gt;&lt;body&gt;&lt;div id="__next"&gt;&lt;/div&gt;&lt;script id="__NEXT_DATA__" type="application/json"&gt;{"props":{"pageProps":{"initialProps":{},"initialState":{"auth":{"accessToken":"eyJ0eXAiOiJKV1QiLCJhbGciOiJSUzI1NiIsIng1dCI6IkdYdExONzViZlZQakdvNERWdjV4QkRITHpnSSIsImtpZCI6IkdYdExONzViZlZQakdvNERWdjV4QkRITHpnSSJ9.eyJpc3MiOiJodHRwczovL2FjY291bnRzLmZpcmVhbnQudm4iLCJhdWQiOiJodHRwczovL2FjY291bnRzLmZpcmVhbnQudm4vcmVzb3VyY2VzIiwiZXhwIjoxODg5NjIyNTMwLCJuYmYiOjE1ODk2MjI1MzAsImNsaWVudF9pZCI6ImZpcmVhbnQudHJhZGVzdGF0aW9uIiwic2NvcGUiOlsiYWNhZGVteS1yZWFkIiwiYWNhZGVteS13cml0ZSIsImFjY291bnRzLXJlYWQiLCJhY2NvdW50cy13cml0ZSIsImJsb2ctcmVhZCIsImNvbXBhbmllcy1yZWFkIiwiZmluYW5jZS1yZWFkIiwiaW5kaXZpZHVhbHMtcmVhZCIsImludmVzdG9wZWRpYS1yZWFkIiwib3JkZXJzLXJlYWQiLCJvcmRlcnMtd3JpdGUiLCJwb3N0cy1yZWFkIiwicG9zdHMtd3JpdGUiLCJzZWFyY2giLCJzeW1ib2xzLXJlYWQiLCJ1c2VyLWRhdGEtcmVhZCIsInVzZXItZGF0YS13cml0ZSIsInVzZXJzLXJlYWQiXSwianRpIjoiMjYxYTZhYWQ2MTQ5Njk1ZmJiYzcwODM5MjM0Njc1NWQifQ.dA5-HVzWv-BRfEiAd24uNBiBxASO-PAyWeWESovZm_hj4aXMAZA1-bWNZeXt88dqogo18AwpDQ-h6gefLPdZSFrG5umC1dVWaeYvUnGm62g4XS29fj6p01dhKNNqrsu5KrhnhdnKYVv9VdmbmqDfWR8wDgglk5cJFqalzq6dJWJInFQEPmUs9BW_Zs8tQDn-i5r4tYq2U8vCdqptXoM7YgPllXaPVDeccC9QNu2Xlp9WUvoROzoQXg25lFub1IYkTrM66gJ6t9fJRZToewCt495WNEOQFa_rwLCZ1QwzvL0iYkONHS_jZ0BOhBCdW9dWSawD6iF1SIQaFROvMDH1rg"},"learning":{"courses":{},"requestingCourses":false,"lessons":{},"classes":{},"requestingClasses":false,"schedules":{}},"watchlists":{"requested":false,"hintClosed":false,"defaultWatchlistID":-1,"watchlists":[]},"posts":{"posts":{"POST_SYMBOL_HBC":{"key":"POST_SYMBOL_HBC","lastUpdated":1776476901421,"posts":[{"postID":39543364,"userName":null,"user":{"id":"1cc056ba-1f2e-4363-9dbd-30716fdc26a3","name":"Tập chơi Chứng","bio":null,"isAuthentic":false,"followed":false},"title":null,"description":null,"summary":null,"hasSummary":false,"type":0,"newsType":null,"videoUrl":null,"videoThumbnailUrl":null,"videoWidth":null,"videoHeight":null,"language":"vi-VN","postGroup":null,"postSource":null,"isSourceContentFull":true,"postSourceUrl":null,"content":"SUN group c\u0026#243; dự \u0026#225;n mới. HBC c\u0026#243; được chia phần n\u0026#224;o kh\u0026#244;ng ta.","originalContent":"SUN group có dự án mới. HBC có được chia phần nào không ta.","contentURL":null,"isAIGenerated":false,"date":"2026-04-17T16:36:34.98+07:00","priority":0,"hasImage":false,"hasFile":false,"link":null,"linkImage":null,"linkTitle":null,"linkDescription":null,"sentiment":1,"approved":true,"isTop":false,"isExpertIdea":false,"liked":false,"totalLikes":0,"totalReplies":1,"totalShares":0,"replyToPostID":null,"referToPostID":null,"taggedSymbols":[{"symbol":"HBC","price":5.1,"change":0.1,"percentChange":2,"changeSince":0,"percentChangeSince":0}],"taggedIndividuals":[],"taggedHashTags":[],"taggedUsers":[],"images":[],"files":[],"roomID":null,"roomName":null,"isRoomSticky":false,"videoType":null,"isVideo":false,"isEmagazine":false,"isInfographic":false,"lastRepliedDate":null,"isLivestream":false,"livestreamStarted":false,"livestreamEnded":false,"streamingUrl":null,"streamingKey":null,"youtubeStreamingUrl":null,"youtubeStreamingKey":null,"facebookStreamingUrl":null,"facebookStreamingKey":null,"livestreamAction":false,"livestreamActionTitle":null,"livestreamActionUrl":null,"livestreamActionRoute":null,"repliesDisabled":false,"repliesModerationRequired":false,"pendingApproval":false},{"postID":39541992,"userName":null,"user":{"id":"8a1bbf9c-739f-453f-b4d1-753a93821081","name":"Hồng Tam Nguyên","bio":null,"isAuthentic":false,"followed":false},"title":null,"description":null,"summary":null,"hasSummary":false,"type":0,"newsType":null,"videoUrl":null,"videoThumbnailUrl":null,"videoWidth":null,"videoHeight":null,"language":"vi-VN","postGroup":null,"postSource":null,"isSourceContentFull":true,"postSourceUrl":null,"content":"Canh đỉnh thật :))","originalContent":"Canh đỉnh thật :))","contentURL":null,"isAIGenerated":false,"date":"2026-04-17T15:00:53.873+07:00","priority":0,"hasImage":true,"hasFile":false,"link":null,"linkImage":null,"linkTitle":null,"linkDescription":null,"sentiment":0,"approved":true,"isTop":false,"isExpertIdea":false,"liked":false,"totalLikes":2,"totalReplies":1,"totalShares":0,"replyToPostID":null,"referToPostID":null,"taggedSymbols":[{"symbol":"HBC","price":5.1,"change":0.1,"percentChange":2,"changeSince":0,"percentChangeSince":0}],"taggedIndividuals":[],"taggedHashTags":[],"taggedUsers":[],"images":[{"imageID":3777865,"base64Image":null,"imageUrl":null}],"files":[],"roomID":null,"roomName":null,"isRoomSticky":false,"videoType":null,"isVideo":false,"isEmagazine":false,"isInfographic":false,"lastRepliedDate":null,"isLivestream":false,"livestreamStarted":false,"livestreamEnded":false,"streamingUrl":null,"streamingKey":null,"youtubeStreamingUrl":null,"youtubeStreamingKey":null,"facebookStreamingUrl":null,"facebookStreamingKey":null,"livestreamAction":false,"livestreamActionTitle":null,"livestreamActionUrl":null,"livestreamActionRoute":null,"repliesDisabled":false,"repliesModerationRequired":false,"pendingApproval":false},{"postID":39541548,"userName":null,"user":{"id":"f0826c9c-b4c7-40aa-afa0-806062f88e50","name":"MARK.M","bio":null,"isAuthentic":false,"followed":false},"title":null,"description":null,"summary":null,"hasSummary":false,"type":0,"newsType":null,"videoUrl":null,"videoThumbnailUrl":null,"videoWidth":null,"videoHeight":null,"language":"vi-VN","postGroup":null,"postSource":null,"isSourceContentFull":true,"postSourceUrl":null,"content":"L\u0026#225;i vẫn chưa chịu cho l\u0026#234;n\nTuần sau vẫn 5.0 TC\n\u0026#128558;‍\u0026#128168;\u0026#128558;‍\u0026#128168;","originalContent":"Lái vẫn chưa chịu cho lên\nTuần sau vẫn 5.0 TC\n😮‍💨😮‍💨","contentURL":null,"isAIGenerated":false,"date":"2026-04-17T14:49:22.673+07:00","priority":0,"hasImage":false,"hasFile":false,"link":null,"linkImage":null,"linkTitle":null,"linkDescription":null,"sentiment":-1,"approved":true,"isTop":false,"isExpertIdea":false,"liked":false,"totalLikes":0,"totalReplies":0,"totalShares":0,"replyToPostID":null,"referToPostID":null,"taggedSymbols":[{"symbol":"HBC","price":5,"change":0.1,"percentChange":2,"changeSince":0.09999999999999964,"percentChangeSince":1.999999999999993}],"taggedIndividuals":[],"taggedHashTags":[],"taggedUsers":[],"images":[],"files":[],"roomID":null,"roomName":null,"isRoomSticky":false,"videoType":null,"isVideo":false,"isEmagazine":false,"isInfographic":false,"lastRepliedDate":null,"isLivestream":false,"livestreamStarted":false,"livestreamEnded":false,"streamingU... (set the log level to DEBUG or TRACE to see the full content) 
 </msg>
<msg time="2026-04-18T01:48:23.056892" level="INFO">${response} = &lt;Response [200]&gt;</msg>
<var>${response}</var>
<arg>${fullURL}</arg>
<doc>Sends a GET request.</doc>
<status status="PASS" start="2026-04-18T01:48:20.086362" elapsed="2.970559"/>
</kw>
<kw name="Convert To String" owner="BuiltIn">
<msg time="2026-04-18T01:48:23.061007" level="INFO">${html} = &lt;!DOCTYPE html&gt;&lt;html&gt;&lt;head&gt;&lt;meta charSet="utf-8"/&gt;&lt;meta name="viewport" content="width=device-width, initial-scale=1.0, maximum-scale=1.0, user-scalable=no"/&gt;&lt;title&gt;FireAnt&lt;/title&gt;&lt;meta name="descript...</msg>
<var>${html}</var>
<arg>${response.content}</arg>
<doc>Converts the given item to a Unicode string.</doc>
<status status="PASS" start="2026-04-18T01:48:23.057103" elapsed="0.003955"/>
</kw>
<return>
<value>${html}</value>
<status status="PASS" start="2026-04-18T01:48:23.061143" elapsed="0.000114"/>
</return>
<msg time="2026-04-18T01:48:23.063319" level="INFO">${html2} = &lt;!DOCTYPE html&gt;&lt;html&gt;&lt;head&gt;&lt;meta charSet="utf-8"/&gt;&lt;meta name="viewport" content="width=device-width, initial-scale=1.0, maximum-scale=1.0, user-scalable=no"/&gt;&lt;title&gt;FireAnt&lt;/title&gt;&lt;meta name="descript...</msg>
<var>${html2}</var>
<arg>${redirect}</arg>
<status status="PASS" start="2026-04-18T01:48:20.084119" elapsed="2.979239"/>
</kw>
<kw name="Set Variable" owner="BuiltIn">
<msg time="2026-04-18T01:48:23.064976" level="INFO">${html} = &lt;!DOCTYPE html&gt;&lt;html&gt;&lt;head&gt;&lt;meta charSet="utf-8"/&gt;&lt;meta name="viewport" content="width=device-width, initial-scale=1.0, maximum-scale=1.0, user-scalable=no"/&gt;&lt;title&gt;FireAnt&lt;/title&gt;&lt;meta name="descript...</msg>
<var>${html}</var>
<arg>${html2}</arg>
<doc>Returns the given values which can then be assigned to a variables.</doc>
<status status="PASS" start="2026-04-18T01:48:23.063500" elapsed="0.001509"/>
</kw>
<status status="PASS" start="2026-04-18T01:48:20.083810" elapsed="2.981246"/>
</branch>
<branch type="ELSE">
<kw name="Set Variable" owner="BuiltIn">
<var>${html}</var>
<arg>${html1}</arg>
<doc>Returns the given values which can then be assigned to a variables.</doc>
<status status="NOT RUN" start="2026-04-18T01:48:23.065245" elapsed="0.000051"/>
</kw>
<status status="NOT RUN" start="2026-04-18T01:48:23.065107" elapsed="0.000232"/>
</branch>
<status status="PASS" start="2026-04-18T01:48:20.083777" elapsed="2.981596"/>
</if>
<kw name="Set Variable" owner="BuiltIn">
<msg time="2026-04-18T01:48:23.065813" level="INFO">${pattern} = "accessToken":"([^"]+)"</msg>
<var>${pattern}</var>
<arg>"accessToken\":\"([^\"]+)"</arg>
<doc>Returns the given values which can then be assigned to a variables.</doc>
<status status="PASS" start="2026-04-18T01:48:23.065506" elapsed="0.000333"/>
</kw>
<kw name="Get Regexp Matches" owner="String">
<msg time="2026-04-18T01:48:23.066727" level="INFO">${token} = ['"accessToken":"eyJ0eXAiOiJKV1QiLCJhbGciOiJSUzI1NiIsIng1dCI6IkdYdExONzViZlZQakdvNERWdjV4QkRITHpnSSIsImtpZCI6IkdYdExONzViZlZQakdvNERWdjV4QkRITHpnSSJ9.eyJpc3MiOiJodHRwczovL2FjY291bnRzLmZpcmVhbnQudm4iLC...</msg>
<var>${token}</var>
<arg>${html}</arg>
<arg>${pattern}</arg>
<doc>Returns a list of all non-overlapping matches in the given string.</doc>
<status status="PASS" start="2026-04-18T01:48:23.065944" elapsed="0.000813"/>
</kw>
<kw name="Split String" owner="String">
<msg time="2026-04-18T01:48:23.067455" level="INFO">${parts} = ['"accessToken', 'eyJ0eXAiOiJKV1QiLCJhbGciOiJSUzI1NiIsIng1dCI6IkdYdExONzViZlZQakdvNERWdjV4QkRITHpnSSIsImtpZCI6IkdYdExONzViZlZQakdvNERWdjV4QkRITHpnSSJ9.eyJpc3MiOiJodHRwczovL2FjY291bnRzLmZpcmVhbnQudm4iL...</msg>
<var>${parts}</var>
<arg>${token[0]}</arg>
<arg>":"</arg>
<doc>Splits the ``string`` using ``separator`` as a delimiter string.</doc>
<status status="PASS" start="2026-04-18T01:48:23.066863" elapsed="0.000620"/>
</kw>
<kw name="Replace String" owner="String">
<msg time="2026-04-18T01:48:23.068382" level="INFO">${token} = eyJ0eXAiOiJKV1QiLCJhbGciOiJSUzI1NiIsIng1dCI6IkdYdExONzViZlZQakdvNERWdjV4QkRITHpnSSIsImtpZCI6IkdYdExONzViZlZQakdvNERWdjV4QkRITHpnSSJ9.eyJpc3MiOiJodHRwczovL2FjY291bnRzLmZpcmVhbnQudm4iLCJhdWQiOiJodHRwczo...</msg>
<var>${token}</var>
<arg>${parts[1]}</arg>
<arg>"\""</arg>
<arg>${EMPTY}</arg>
<doc>Replaces ``search_for`` in the given ``string`` with ``replace_with``.</doc>
<status status="PASS" start="2026-04-18T01:48:23.067586" elapsed="0.000845"/>
</kw>
<kw name="Replace String" owner="String">
<msg time="2026-04-18T01:48:23.069040" level="INFO">${token} = eyJ0eXAiOiJKV1QiLCJhbGciOiJSUzI1NiIsIng1dCI6IkdYdExONzViZlZQakdvNERWdjV4QkRITHpnSSIsImtpZCI6IkdYdExONzViZlZQakdvNERWdjV4QkRITHpnSSJ9.eyJpc3MiOiJodHRwczovL2FjY291bnRzLmZpcmVhbnQudm4iLCJhdWQiOiJodHRwczo...</msg>
<var>${token}</var>
<arg>${token}</arg>
<arg>"</arg>
<arg>${EMPTY}</arg>
<doc>Replaces ``search_for`` in the given ``string`` with ``replace_with``.</doc>
<status status="PASS" start="2026-04-18T01:48:23.068547" elapsed="0.000520"/>
</kw>
<kw name="Create Dictionary" owner="BuiltIn">
<msg time="2026-04-18T01:48:23.069645" level="INFO">${headers} = {'Authorization': 'Bearer eyJ0eXAiOiJKV1QiLCJhbGciOiJSUzI1NiIsIng1dCI6IkdYdExONzViZlZQakdvNERWdjV4QkRITHpnSSIsImtpZCI6IkdYdExONzViZlZQakdvNERWdjV4QkRITHpnSSJ9.eyJpc3MiOiJodHRwczovL2FjY291bnRzLmZpcmVhb...</msg>
<var>${headers}</var>
<arg>Authorization=Bearer ${token}</arg>
<doc>Creates and returns a dictionary based on the given ``items``.</doc>
<status status="PASS" start="2026-04-18T01:48:23.069176" elapsed="0.000497"/>
</kw>
<kw name="GET" owner="RequestsLibrary">
<msg time="2026-04-18T01:48:24.553318" level="INFO">GET Request : url=https://restv2.fireant.vn/symbols/HBC/historical-quotes?startDate=2022-12-16&amp;endDate=2025-12-31&amp;offset=0&amp;limit=30 
 path_url=/symbols/HBC/historical-quotes?startDate=2022-12-16&amp;endDate=2025-12-31&amp;offset=0&amp;limit=30 
 headers={'User-Agent': 'python-requests/2.33.1', 'Accept-Encoding': 'gzip, deflate', 'Accept': '*/*', 'Connection': 'keep-alive', 'Authorization': 'Bearer eyJ0eXAiOiJKV1QiLCJhbGciOiJSUzI1NiIsIng1dCI6IkdYdExONzViZlZQakdvNERWdjV4QkRITHpnSSIsImtpZCI6IkdYdExONzViZlZQakdvNERWdjV4QkRITHpnSSJ9.eyJpc3MiOiJodHRwczovL2FjY291bnRzLmZpcmVhbnQudm4iLCJhdWQiOiJodHRwczovL2FjY291bnRzLmZpcmVhbnQudm4vcmVzb3VyY2VzIiwiZXhwIjoxODg5NjIyNTMwLCJuYmYiOjE1ODk2MjI1MzAsImNsaWVudF9pZCI6ImZpcmVhbnQudHJhZGVzdGF0aW9uIiwic2NvcGUiOlsiYWNhZGVteS1yZWFkIiwiYWNhZGVteS13cml0ZSIsImFjY291bnRzLXJlYWQiLCJhY2NvdW50cy13cml0ZSIsImJsb2ctcmVhZCIsImNvbXBhbmllcy1yZWFkIiwiZmluYW5jZS1yZWFkIiwiaW5kaXZpZHVhbHMtcmVhZCIsImludmVzdG9wZWRpYS1yZWFkIiwib3JkZXJzLXJlYWQiLCJvcmRlcnMtd3JpdGUiLCJwb3N0cy1yZWFkIiwicG9zdHMtd3JpdGUiLCJzZWFyY2giLCJzeW1ib2xzLXJlYWQiLCJ1c2VyLWRhdGEtcmVhZCIsInVzZXItZGF0YS13cml0ZSIsInVzZXJzLXJlYWQiXSwianRpIjoiMjYxYTZhYWQ2MTQ5Njk1ZmJiYzcwODM5MjM0Njc1NWQifQ.dA5-HVzWv-BRfEiAd24uNBiBxASO-PAyWeWESovZm_hj4aXMAZA1-bWNZeXt88dqogo18AwpDQ-h6gefLPdZSFrG5umC1dVWaeYvUnGm62g4XS29fj6p01dhKNNqrsu5KrhnhdnKYVv9VdmbmqDfWR8wDgglk5cJFqalzq6dJWJInFQEPmUs9BW_Zs8tQDn-i5r4tYq2U8vCdqptXoM7YgPllXaPVDeccC9QNu2Xlp9WUvoROzoQXg25lFub1IYkTrM66gJ6t9fJRZToewCt495WNEOQFa_rwLCZ1QwzvL0iYkONHS_jZ0BOhBCdW9dWSawD6iF1SIQaFROvMDH1rg'} 
 body=None 
 </msg>
<msg time="2026-04-18T01:48:24.553473" level="INFO">GET Response : url=https://restv2.fireant.vn/symbols/HBC/historical-quotes?startDate=2022-12-16&amp;endDate=2025-12-31&amp;offset=0&amp;limit=30 
 status=200, reason=OK 
 headers={'Cache-Control': 'no-cache', 'Pragma': 'no-cache', 'Content-Type': 'application/json; charset=utf-8', 'Content-Encoding': 'gzip', 'Expires': '-1', 'Vary': 'Accept-Encoding', 'Server': 'Microsoft-IIS/10.0', 'X-AspNet-Version': '4.0.30319', 'X-Powered-By': 'ASP.NET', 'Date': 'Sat, 18 Apr 2026 01:48:24 GMT', 'Content-Length': '4606'} 
 body=[{"date":"2025-12-31T00:00:00","symbol":"HBC","priceHigh":6.4,"priceLow":6.2,"priceOpen":6.4,"priceAverage":6.3,"priceClose":6.4,"priceBasic":6.3,"totalVolume":937900.0,"dealVolume":937900.0,"putthroughVolume":0.0,"totalValue":5913750000.0,"putthroughValue":0.0,"buyForeignQuantity":0.0,"buyForeignValue":0.0,"sellForeignQuantity":0.0,"sellForeignValue":0.0,"buyCount":631.0,"buyQuantity":2877624.0,"sellCount":643.0,"sellQuantity":3329846.0,"adjRatio":1.0,"currentForeignRoom":141971074.0,"propTradingNetDealValue":0.0,"propTradingNetPTValue":0.0,"propTradingNetValue":0.0,"unit":1000.0},{"date":"2025-12-30T00:00:00","symbol":"HBC","priceHigh":6.4,"priceLow":6.3,"priceOpen":6.3,"priceAverage":6.3,"priceClose":6.4,"priceBasic":6.3,"totalVolume":584900.0,"dealVolume":584900.0,"putthroughVolume":0.0,"totalValue":3685750000.0,"putthroughValue":0.0,"buyForeignQuantity":0.0,"buyForeignValue":0.0,"sellForeignQuantity":0.0,"sellForeignValue":0.0,"buyCount":545.0,"buyQuantity":2081680.0,"sellCount":568.0,"sellQuantity":2941942.0,"adjRatio":1.0,"currentForeignRoom":141971074.0,"propTradingNetDealValue":0.0,"propTradingNetPTValue":0.0,"propTradingNetValue":0.0,"unit":1000.0},{"date":"2025-12-29T00:00:00","symbol":"HBC","priceHigh":6.4,"priceLow":6.3,"priceOpen":6.3,"priceAverage":6.3,"priceClose":6.3,"priceBasic":6.3,"totalVolume":590500.0,"dealVolume":590500.0,"putthroughVolume":0.0,"totalValue":3722640000.0,"putthroughValue":0.0,"buyForeignQuantity":0.0,"buyForeignValue":0.0,"sellForeignQuantity":300.0,"sellForeignValue":1891265.0296359018,"buyCount":714.0,"buyQuantity":2164408.0,"sellCount":623.0,"sellQuantity":2776115.0,"adjRatio":1.0,"currentForeignRoom":141770174.0,"propTradingNetDealValue":0.0,"propTradingNetPTValue":0.0,"propTradingNetValue":0.0,"unit":1000.0},{"date":"2025-12-26T00:00:00","symbol":"HBC","priceHigh":6.4,"priceLow":6.2,"priceOpen":6.4,"priceAverage":6.3,"priceClose":6.4,"priceBasic":6.4,"totalVolume":1022500.0,"dealVolume":1022500.0,"putthroughVolume":0.0,"totalValue":6473880000.0,"putthroughValue":0.0,"buyForeignQuantity":0.0,"buyForeignValue":0.0,"sellForeignQuantity":0.0,"sellForeignValue":0.0,"buyCount":1046.0,"buyQuantity":3312373.0,"sellCount":666.0,"sellQuantity":3574525.0,"adjRatio":1.0,"currentForeignRoom":141733574.0,"propTradingNetDealValue":0.0,"propTradingNetPTValue":0.0,"propTradingNetValue":0.0,"unit":1000.0},{"date":"2025-12-25T00:00:00","symbol":"HBC","priceHigh":6.7,"priceLow":6.2,"priceOpen":6.5,"priceAverage":6.4,"priceClose":6.3,"priceBasic":6.6,"totalVolume":2114600.0,"dealVolume":2114600.0,"putthroughVolume":0.0,"totalValue":13586220000.0,"putthroughValue":0.0,"buyForeignQuantity":0.0,"buyForeignValue":0.0,"sellForeignQuantity":200800.0,"sellForeignValue":1290131928.4971154,"buyCount":1059.0,"buyQuantity":6196562.0,"sellCount":892.0,"sellQuantity":5539610.0,"adjRatio":1.0,"currentForeignRoom":141733074.0,"propTradingNetDealValue":0.0,"propTradingNetPTValue":0.0,"propTradingNetValue":0.0,"unit":1000.0},{"date":"2025-12-24T00:00:00","symbol":"HBC","priceHigh":6.7,"priceLow":6.5,"priceOpen":6.7,"priceAverage":6.6,"priceClose":6.6,"priceBasic":6.7,"totalVolume":944400.0,"dealVolume":944400.0,"putthroughVolume":0.0,"totalValue":6232760000.0,"putthroughValue":0.0,"buyForeignQuantity":0.0,"buyForeignValue":0.0,"sellForeignQuantity":36200.0,"sellForeignValue":238909267.25963575,"buyCount":645.0,"buyQuantity":8046742.0,"sellCount":911.0,"sellQuantity":4521468.0,"adjRatio":1.0,"currentForeignRoom":141654174.0,"propTradingNetDealValue":0.0,"propTradingNetPTValue":0.0,"propTradingNetValue":0.0,"unit":1000.0},{"date":"2025-12-23T00:00:00","symbol":"HBC","priceHigh":6.9,"priceLow":6.6,"priceOpen":6.6,"priceAverage":6.7,"priceClose":6.7,"priceBasic":6.5,"totalVolume":2912600.0,"dealVolume":2912600.0,"putthroughVolume":0.0,"totalValue":19489460000.0,"putthroughValue":0.0,"buyForeignQuantity":175800.0,"buyForeignValue":1176353453.2719908,"sellForeignQuantity":115000.0,"sellForeignValue":769514488.77291763,"buyCount":980.0,"buyQuantity":12625644.0,"sellCount":1457.0,"sellQuantity":8108000.0,"adjRatio":1.0,"currentForeignRoom":141395174.0,"propTradingNetDealValue":0.0,"propTradingNetPTValue":0.0,"propTradingNetValue":0.0,"unit":1000.0},{"date":"2025-12-22T00:00:00","symbol":"HBC","priceHigh":6.6,"priceLow":6.4,"priceOpen":6.5,"priceAverage":6.5,"priceClose":6.6,"priceBasic":6.5,"totalVolume":1511700.0,"dealVolume":1511700.0,"putthroughVolume":0.0,"totalValue":9816540000.0,"putthroughValue":0.0,"buyForeignQuantity":0.0,"buyForeignValue":0.0,"sellForeignQuantity":79800.0,"sellForeignValue":518197983.72692996,"buyCount":726.0,"buyQuantity":10264436.0,"sellCount":787.0,"sellQuantity":5394846.0,"adjRatio":1.0,"currentForeignRoom":141570774.0,"propTradingNetDealValue":0.0,"propTradingNetPTValue":0.0,"propTradingNetValue":0.0,"unit":1000.0},{"date":"2025-12-19T00:00:00","symbol":"HBC","priceHigh":6.6,"priceLow":6.4,"priceOpen":6.6,"priceAverage":6.5,"priceClose":6.5,"priceBasic":6.5,"totalVolume":1651100.0,"dealVolume":1651100.0,"putthroughVolume":0.0,"totalValue":10776540000.0,"putthroughValue":0.0,"buyForeignQuantity":80000.0,"buyForeignValue":522150808.55187452,"sellForeignQuantity":224000.0,"sellForeignValue":1462022263.9452486,"buyCount":760.0,"buyQuantity":10133354.0,"sellCount":805.0,"sellQuantity":5864611.0,"adjRatio":1.0,"currentForeignRoom":141263810.0,"propTradingNetDealValue":0.0,"propTradingNetPTValue":0.0,"propTradingNetValue":0.0,"unit":1000.0},{"date":"2025-12-18T00:00:00","symbol":"HBC","priceHigh":6.7,"priceLow":6.5,"priceOpen":6.7,"priceAverage":6.5,"priceClose":6.6,"priceBasic":6.6,"totalVolume":882900.0,"dealVolume":882900.0,"putthroughVolume":0.0,"totalValue":5769330000.0,"putthroughValue":0.0,"buyForeignQuantity":35800.0,"buyForeignValue":233935908.93645939,"sellForeignQuantity":0.0,"sellForeignValue":0.0,"buyCount":675.0,"buyQuantity":5676227.0,"sellCount":710.0,"sellQuantity":5166099.0,"adjRatio":1.0,"currentForeignRoom":141344610.0,"propTradingNetDealValue":0.0,"propTradingNetPTValue":0.0,"propTradingNetValue":0.0,"unit":1000.0},{"date":"2025-12-17T00:00:00","symbol":"HBC","priceHigh":6.7,"priceLow":6.5,"priceOpen":6.6,"priceAverage":6.6,"priceClose":6.7,"priceBasic":6.5,"totalVolume":2609200.0,"dealVolume":2218600.0,"putthroughVolume":390600.0,"totalValue":17568790000.0,"putthroughValue":2890440000.0,"buyForeignQuantity":167300.0,"buyForeignValue":1106863767.6913369,"sellForeignQuantity":393864.0,"sellForeignValue":2605820627.602993,"buyCount":944.0,"buyQuantity":8875758.0,"sellCount":747.0,"sellQuantity":6805663.0,"adjRatio":1.0,"currentForeignRoom":141213110.0,"propTradingNetDealValue":0.0,"propTradingNetPTValue":0.0,"propTradingNetValue":0.0,"unit":1000.0},{"date":"2025-12-16T00:00:00","symbol":"HBC","priceHigh":6.7,"priceLow":6.3,"priceOpen":6.6,"priceAverage":6.5,"priceClose":6.6,"priceBasic":6.7,"totalVolume":2323800.0,"dealVolume":2323800.0,"putthroughVolume":0.0,"totalValue":15143850000.0,"putthroughValue":0.0,"buyForeignQuantity":59000.0,"buyForeignValue":384493996.90162665,"sellForeignQuantity":5000.0,"sellForeignValue":32584237.025561579,"buyCount":1161.0,"buyQuantity":8638639.0,"sellCount":930.0,"sellQuantity":7377654.0,"adjRatio":1.0,"currentForeignRoom":141373810.0,"propTradingNetDealValue":0.0,"propTradingNetPTValue":0.0,"propTradingNetValue":0.0,"unit":1000.0},{"date":"2025-12-15T00:00:00","symbol":"HBC","priceHigh":6.9,"priceLow":6.6,"priceOpen":6.8,"priceAverage":6.7,"priceClose":6.6,"priceBasic":6.9,"totalVolume":1420700.0,"dealVolume":1420700.0,"putthroughVolume":0.0,"totalValue":9562320000.0,"putthroughValue":0.0,"buyForeignQuantity":36200.0,"buyForeignValue":243651709.72056028,"sellForeignQuantity":0.0,"sellForeignValue":0.0,"buyCount":573.0,"buyQuantity":9523444.0,"sellCount":1089.0,"sellQuantity":7617736.0,"adjRatio":1.0,"currentForeignRoom":141434410.0,"propTradingNetDealValue":0.0,"propTradingNetPTValue":0.0,"propTradingNetValue":0.0,"unit":1000.0},{"date":"2025-12-12T00:00:00","symbol":"HBC","priceHigh":7.2,"priceLow":6.6,"priceOpen":6.8,"priceAverage":6.9,"priceClose":6.8,"priceBasic":6.8,"totalVolume":4002600.0,"dealVolume":4002600.0,"putthroughVolume":0.0,"totalValue":27661730000.0,"putthroughValue":0.0,"buyForeignQuantity":380900.0,"buyForeignValue":2632377194.0738521,"sellForeignQuantity":12702.0,"sellForeignValue":87782764.817868382,"buyCount":1214.0,"buyQuantity":17450613.0,"sellCount":2230.0,"sellQuantity":11428878.0,"adjRatio":1.0,"currentForeignRoom":141401347.0,"propTradingNetDealValue":0.0,"propTradingNetPTValue":0.0,"propTradingNetValue":0.0,"unit":1000.0},{"date":"2025-12-11T00:00:00","symbol":"HBC","priceHigh":6.9,"priceLow":6.5,"priceOpen":6.6,"priceAverage":6.8,"priceClose":6.8,"priceBasic":6.4,"totalVolume":3978100.0,"dealVolume":3978100.0,"putthroughVolume":0.0,"totalValue":26874620000.0,"putthroughValue":0.0,"buyForeignQuantity":1700.0,"buyForeignValue":11484591.639224755,"sellForeignQuantity":0.0,"sellForeignValue":0.0,"buyCount":1405.0,"buyQuantity":12618453.0,"sellCount":1931.0,"sellQuantity":9670701.0,"adjRatio":1.0,"currentForeignRoom":141782047.0,"propTradingNetDealValue":0.0,"propTradingNetPTValue":0.0,"propTradingNetValue":0.0,"unit":1000.0},{"date":"2025-12-10T00:00:00","symbol":"HBC","priceHigh":6.7,"priceLow":6.2,"priceOpen":6.3,"priceAverage":6.4,"priceClose":6.6,"priceBasic":6.2,"totalVolume":3179100.0,"dealVolume":3079100.0,"putthroughVolume":100000.0,"totalValue":20196060000.0,"putthroughValue":540000000.0,"buyForeignQuantity":0.0,"buyForeignValue":0.0,"sellForeignQuantity":55761.0,"sellForeignValue":355961664.66175181,"buyCount":660.0,"buyQuantity":12709812.0,"sellCount":871.0,"sellQuantity":5393371.0,"adjRatio":1.0,"currentForeignRoom":141783747.0,"propTradingNetDealValue":0.0,"propTradingNetPTValue":0.0,"propTradingNetValue":0.0,"unit":1000.0},{"date":"2025-12-09T00:00:00","symbol":"HBC","priceHigh":6.4,"priceLow":6.1,"priceOpen":6.4,"priceAverage":6.2,"priceClose":6.3,"priceBasic":6.3,"totalVolume":1305600.0,"deal... (set the log level to DEBUG or TRACE to see the full content) 
 </msg>
<msg time="2026-04-18T01:48:24.554644" level="INFO">${response} = &lt;Response [200]&gt;</msg>
<var>${response}</var>
<arg>${HARD_URI}</arg>
<arg>headers=${headers}</arg>
<doc>Sends a GET request.</doc>
<status status="PASS" start="2026-04-18T01:48:23.069778" elapsed="1.484903"/>
</kw>
<kw name="Log" owner="BuiltIn">
<msg time="2026-04-18T01:48:24.555769" level="INFO">[{"date":"2025-12-31T00:00:00","symbol":"HBC","priceHigh":6.4,"priceLow":6.2,"priceOpen":6.4,"priceAverage":6.3,"priceClose":6.4,"priceBasic":6.3,"totalVolume":937900.0,"dealVolume":937900.0,"putthroughVolume":0.0,"totalValue":5913750000.0,"putthroughValue":0.0,"buyForeignQuantity":0.0,"buyForeignValue":0.0,"sellForeignQuantity":0.0,"sellForeignValue":0.0,"buyCount":631.0,"buyQuantity":2877624.0,"sellCount":643.0,"sellQuantity":3329846.0,"adjRatio":1.0,"currentForeignRoom":141971074.0,"propTradingNetDealValue":0.0,"propTradingNetPTValue":0.0,"propTradingNetValue":0.0,"unit":1000.0},{"date":"2025-12-30T00:00:00","symbol":"HBC","priceHigh":6.4,"priceLow":6.3,"priceOpen":6.3,"priceAverage":6.3,"priceClose":6.4,"priceBasic":6.3,"totalVolume":584900.0,"dealVolume":584900.0,"putthroughVolume":0.0,"totalValue":3685750000.0,"putthroughValue":0.0,"buyForeignQuantity":0.0,"buyForeignValue":0.0,"sellForeignQuantity":0.0,"sellForeignValue":0.0,"buyCount":545.0,"buyQuantity":2081680.0,"sellCount":568.0,"sellQuantity":2941942.0,"adjRatio":1.0,"currentForeignRoom":141971074.0,"propTradingNetDealValue":0.0,"propTradingNetPTValue":0.0,"propTradingNetValue":0.0,"unit":1000.0},{"date":"2025-12-29T00:00:00","symbol":"HBC","priceHigh":6.4,"priceLow":6.3,"priceOpen":6.3,"priceAverage":6.3,"priceClose":6.3,"priceBasic":6.3,"totalVolume":590500.0,"dealVolume":590500.0,"putthroughVolume":0.0,"totalValue":3722640000.0,"putthroughValue":0.0,"buyForeignQuantity":0.0,"buyForeignValue":0.0,"sellForeignQuantity":300.0,"sellForeignValue":1891265.0296359018,"buyCount":714.0,"buyQuantity":2164408.0,"sellCount":623.0,"sellQuantity":2776115.0,"adjRatio":1.0,"currentForeignRoom":141770174.0,"propTradingNetDealValue":0.0,"propTradingNetPTValue":0.0,"propTradingNetValue":0.0,"unit":1000.0},{"date":"2025-12-26T00:00:00","symbol":"HBC","priceHigh":6.4,"priceLow":6.2,"priceOpen":6.4,"priceAverage":6.3,"priceClose":6.4,"priceBasic":6.4,"totalVolume":1022500.0,"dealVolume":1022500.0,"putthroughVolume":0.0,"totalValue":6473880000.0,"putthroughValue":0.0,"buyForeignQuantity":0.0,"buyForeignValue":0.0,"sellForeignQuantity":0.0,"sellForeignValue":0.0,"buyCount":1046.0,"buyQuantity":3312373.0,"sellCount":666.0,"sellQuantity":3574525.0,"adjRatio":1.0,"currentForeignRoom":141733574.0,"propTradingNetDealValue":0.0,"propTradingNetPTValue":0.0,"propTradingNetValue":0.0,"unit":1000.0},{"date":"2025-12-25T00:00:00","symbol":"HBC","priceHigh":6.7,"priceLow":6.2,"priceOpen":6.5,"priceAverage":6.4,"priceClose":6.3,"priceBasic":6.6,"totalVolume":2114600.0,"dealVolume":2114600.0,"putthroughVolume":0.0,"totalValue":13586220000.0,"putthroughValue":0.0,"buyForeignQuantity":0.0,"buyForeignValue":0.0,"sellForeignQuantity":200800.0,"sellForeignValue":1290131928.4971154,"buyCount":1059.0,"buyQuantity":6196562.0,"sellCount":892.0,"sellQuantity":5539610.0,"adjRatio":1.0,"currentForeignRoom":141733074.0,"propTradingNetDealValue":0.0,"propTradingNetPTValue":0.0,"propTradingNetValue":0.0,"unit":1000.0},{"date":"2025-12-24T00:00:00","symbol":"HBC","priceHigh":6.7,"priceLow":6.5,"priceOpen":6.7,"priceAverage":6.6,"priceClose":6.6,"priceBasic":6.7,"totalVolume":944400.0,"dealVolume":944400.0,"putthroughVolume":0.0,"totalValue":6232760000.0,"putthroughValue":0.0,"buyForeignQuantity":0.0,"buyForeignValue":0.0,"sellForeignQuantity":36200.0,"sellForeignValue":238909267.25963575,"buyCount":645.0,"buyQuantity":8046742.0,"sellCount":911.0,"sellQuantity":4521468.0,"adjRatio":1.0,"currentForeignRoom":141654174.0,"propTradingNetDealValue":0.0,"propTradingNetPTValue":0.0,"propTradingNetValue":0.0,"unit":1000.0},{"date":"2025-12-23T00:00:00","symbol":"HBC","priceHigh":6.9,"priceLow":6.6,"priceOpen":6.6,"priceAverage":6.7,"priceClose":6.7,"priceBasic":6.5,"totalVolume":2912600.0,"dealVolume":2912600.0,"putthroughVolume":0.0,"totalValue":19489460000.0,"putthroughValue":0.0,"buyForeignQuantity":175800.0,"buyForeignValue":1176353453.2719908,"sellForeignQuantity":115000.0,"sellForeignValue":769514488.77291763,"buyCount":980.0,"buyQuantity":12625644.0,"sellCount":1457.0,"sellQuantity":8108000.0,"adjRatio":1.0,"currentForeignRoom":141395174.0,"propTradingNetDealValue":0.0,"propTradingNetPTValue":0.0,"propTradingNetValue":0.0,"unit":1000.0},{"date":"2025-12-22T00:00:00","symbol":"HBC","priceHigh":6.6,"priceLow":6.4,"priceOpen":6.5,"priceAverage":6.5,"priceClose":6.6,"priceBasic":6.5,"totalVolume":1511700.0,"dealVolume":1511700.0,"putthroughVolume":0.0,"totalValue":9816540000.0,"putthroughValue":0.0,"buyForeignQuantity":0.0,"buyForeignValue":0.0,"sellForeignQuantity":79800.0,"sellForeignValue":518197983.72692996,"buyCount":726.0,"buyQuantity":10264436.0,"sellCount":787.0,"sellQuantity":5394846.0,"adjRatio":1.0,"currentForeignRoom":141570774.0,"propTradingNetDealValue":0.0,"propTradingNetPTValue":0.0,"propTradingNetValue":0.0,"unit":1000.0},{"date":"2025-12-19T00:00:00","symbol":"HBC","priceHigh":6.6,"priceLow":6.4,"priceOpen":6.6,"priceAverage":6.5,"priceClose":6.5,"priceBasic":6.5,"totalVolume":1651100.0,"dealVolume":1651100.0,"putthroughVolume":0.0,"totalValue":10776540000.0,"putthroughValue":0.0,"buyForeignQuantity":80000.0,"buyForeignValue":522150808.55187452,"sellForeignQuantity":224000.0,"sellForeignValue":1462022263.9452486,"buyCount":760.0,"buyQuantity":10133354.0,"sellCount":805.0,"sellQuantity":5864611.0,"adjRatio":1.0,"currentForeignRoom":141263810.0,"propTradingNetDealValue":0.0,"propTradingNetPTValue":0.0,"propTradingNetValue":0.0,"unit":1000.0},{"date":"2025-12-18T00:00:00","symbol":"HBC","priceHigh":6.7,"priceLow":6.5,"priceOpen":6.7,"priceAverage":6.5,"priceClose":6.6,"priceBasic":6.6,"totalVolume":882900.0,"dealVolume":882900.0,"putthroughVolume":0.0,"totalValue":5769330000.0,"putthroughValue":0.0,"buyForeignQuantity":35800.0,"buyForeignValue":233935908.93645939,"sellForeignQuantity":0.0,"sellForeignValue":0.0,"buyCount":675.0,"buyQuantity":5676227.0,"sellCount":710.0,"sellQuantity":5166099.0,"adjRatio":1.0,"currentForeignRoom":141344610.0,"propTradingNetDealValue":0.0,"propTradingNetPTValue":0.0,"propTradingNetValue":0.0,"unit":1000.0},{"date":"2025-12-17T00:00:00","symbol":"HBC","priceHigh":6.7,"priceLow":6.5,"priceOpen":6.6,"priceAverage":6.6,"priceClose":6.7,"priceBasic":6.5,"totalVolume":2609200.0,"dealVolume":2218600.0,"putthroughVolume":390600.0,"totalValue":17568790000.0,"putthroughValue":2890440000.0,"buyForeignQuantity":167300.0,"buyForeignValue":1106863767.6913369,"sellForeignQuantity":393864.0,"sellForeignValue":2605820627.602993,"buyCount":944.0,"buyQuantity":8875758.0,"sellCount":747.0,"sellQuantity":6805663.0,"adjRatio":1.0,"currentForeignRoom":141213110.0,"propTradingNetDealValue":0.0,"propTradingNetPTValue":0.0,"propTradingNetValue":0.0,"unit":1000.0},{"date":"2025-12-16T00:00:00","symbol":"HBC","priceHigh":6.7,"priceLow":6.3,"priceOpen":6.6,"priceAverage":6.5,"priceClose":6.6,"priceBasic":6.7,"totalVolume":2323800.0,"dealVolume":2323800.0,"putthroughVolume":0.0,"totalValue":15143850000.0,"putthroughValue":0.0,"buyForeignQuantity":59000.0,"buyForeignValue":384493996.90162665,"sellForeignQuantity":5000.0,"sellForeignValue":32584237.025561579,"buyCount":1161.0,"buyQuantity":8638639.0,"sellCount":930.0,"sellQuantity":7377654.0,"adjRatio":1.0,"currentForeignRoom":141373810.0,"propTradingNetDealValue":0.0,"propTradingNetPTValue":0.0,"propTradingNetValue":0.0,"unit":1000.0},{"date":"2025-12-15T00:00:00","symbol":"HBC","priceHigh":6.9,"priceLow":6.6,"priceOpen":6.8,"priceAverage":6.7,"priceClose":6.6,"priceBasic":6.9,"totalVolume":1420700.0,"dealVolume":1420700.0,"putthroughVolume":0.0,"totalValue":9562320000.0,"putthroughValue":0.0,"buyForeignQuantity":36200.0,"buyForeignValue":243651709.72056028,"sellForeignQuantity":0.0,"sellForeignValue":0.0,"buyCount":573.0,"buyQuantity":9523444.0,"sellCount":1089.0,"sellQuantity":7617736.0,"adjRatio":1.0,"currentForeignRoom":141434410.0,"propTradingNetDealValue":0.0,"propTradingNetPTValue":0.0,"propTradingNetValue":0.0,"unit":1000.0},{"date":"2025-12-12T00:00:00","symbol":"HBC","priceHigh":7.2,"priceLow":6.6,"priceOpen":6.8,"priceAverage":6.9,"priceClose":6.8,"priceBasic":6.8,"totalVolume":4002600.0,"dealVolume":4002600.0,"putthroughVolume":0.0,"totalValue":27661730000.0,"putthroughValue":0.0,"buyForeignQuantity":380900.0,"buyForeignValue":2632377194.0738521,"sellForeignQuantity":12702.0,"sellForeignValue":87782764.817868382,"buyCount":1214.0,"buyQuantity":17450613.0,"sellCount":2230.0,"sellQuantity":11428878.0,"adjRatio":1.0,"currentForeignRoom":141401347.0,"propTradingNetDealValue":0.0,"propTradingNetPTValue":0.0,"propTradingNetValue":0.0,"unit":1000.0},{"date":"2025-12-11T00:00:00","symbol":"HBC","priceHigh":6.9,"priceLow":6.5,"priceOpen":6.6,"priceAverage":6.8,"priceClose":6.8,"priceBasic":6.4,"totalVolume":3978100.0,"dealVolume":3978100.0,"putthroughVolume":0.0,"totalValue":26874620000.0,"putthroughValue":0.0,"buyForeignQuantity":1700.0,"buyForeignValue":11484591.639224755,"sellForeignQuantity":0.0,"sellForeignValue":0.0,"buyCount":1405.0,"buyQuantity":12618453.0,"sellCount":1931.0,"sellQuantity":9670701.0,"adjRatio":1.0,"currentForeignRoom":141782047.0,"propTradingNetDealValue":0.0,"propTradingNetPTValue":0.0,"propTradingNetValue":0.0,"unit":1000.0},{"date":"2025-12-10T00:00:00","symbol":"HBC","priceHigh":6.7,"priceLow":6.2,"priceOpen":6.3,"priceAverage":6.4,"priceClose":6.6,"priceBasic":6.2,"totalVolume":3179100.0,"dealVolume":3079100.0,"putthroughVolume":100000.0,"totalValue":20196060000.0,"putthroughValue":540000000.0,"buyForeignQuantity":0.0,"buyForeignValue":0.0,"sellForeignQuantity":55761.0,"sellForeignValue":355961664.66175181,"buyCount":660.0,"buyQuantity":12709812.0,"sellCount":871.0,"sellQuantity":5393371.0,"adjRatio":1.0,"currentForeignRoom":141783747.0,"propTradingNetDealValue":0.0,"propTradingNetPTValue":0.0,"propTradingNetValue":0.0,"unit":1000.0},{"date":"2025-12-09T00:00:00","symbol":"HBC","priceHigh":6.4,"priceLow":6.1,"priceOpen":6.4,"priceAverage":6.2,"priceClose":6.3,"priceBasic":6.3,"totalVolume":1305600.0,"dealVolume":1305600.0,"putthroughVolume":0.0,"totalValue":8113970000.0,"putthroughValue":0.0,"buyForeignQuantity":0.0,"buyForeignValue":0.0,"sellForeignQuantity":1000.0,"sellForeignValue":6214744.1789215682,"buyCount":919.0,"buyQuantity":3129932.0,"sellCount":577.0,"sellQuantity":3512934.0,"adjRatio":1.0,"currentForeignRoom":141780747.0,"propTradingNetDealValue":0.0,"propTradingNetPTValue":0.0,"propTradingNetValue":0.0,"unit":1000.0},{"date":"2025-12-08T00:00:00","symbol":"HBC","priceHigh":6.4,"priceLow":6.2,"priceOpen":6.3,"priceAverage":6.3,"priceClose":6.4,"priceBasic":6.3,"totalVolume":1040600.0,"dealVolume":890600.0,"putthroughVolume":150000.0,"totalValue":6693880000.0,"putthroughValue":1080000000.0,"buyForeignQuantity":0.0,"buyForeignValue":0.0,"sellForeignQuantity":0.0,"sellForeignValue":0.0,"buyCount":561.0,"buyQuantity":2160004.0,"sellCount":639.0,"sellQuantity":3570371.0,"adjRatio":1.0,"currentForeignRoom":141584359.0,"propTradingNetDealValue":0.0,"propTradingNetPTValue":0.0,"propTradingNetValue":0.0,"unit":1000.0},{"date":"2025-12-05T00:00:00","symbol":"HBC","priceHigh":6.5,"priceLow":6.3,"priceOpen":6.4,"priceAverage":6.3,"priceClose":6.4,"priceBasic":6.4,"totalVolume":956200.0,"dealVolume":906200.0,"putthroughVolume":50000.0,"totalValue":6117060000.0,"putthroughValue":365000000.0,"buyForeignQuantity":2500.0,"buyForeignValue":15868627.234606048,"sellForeignQuantity":214.0,"sellForeignValue":1358354.4912822777,"buyCount":534.0,"buyQuantity":2047762.0,"sellCount":743.0,"sellQuantity":2907990.0,"adjRatio":1.0,"currentForeignRoom":141584045.0,"propTradingNetDealValue":0.0,"propTradingNetPTValue":0.0,"propTradingNetValue":0.0,"unit":1000.0},{"date":"2025-12-04T00:00:00","symbol":"HBC","priceHigh":6.5,"priceLow":6.3,"priceOpen":6.3,"priceAverage":6.4,"priceClose":6.4,"priceBasic":6.3,"totalVolume":1439400.0,"dealVolume":1239400.0,"putthroughVolume":200000.0,"totalValue":9320600000.0,"putthroughValue":1400000000.0,"buyForeignQuantity":2600.0,"buyForeignValue":16615749.556236889,"sellForeignQuantity":201988.0,"sellForeignValue":1290839238.9866064,"buyCount":706.0,"buyQuantity":3540011.0,"sellCount":896.0,"sellQuantity":3440179.0,"adjRatio":1.0,"currentForeignRoom":141582545.0,"propTradingNetDealValue":0.0,"propTradingNetPTValue":0.0,"propTradingNetValue":0.0,"unit":1000.0},{"date":"2025-12-03T00:00:00","symbol":"HBC","priceHigh":6.4,"priceLow":6.2,"priceOpen":6.2,"priceAverage":6.3,"priceClose":6.4,"priceBasic":6.2,"totalVolume":2354300.0,"dealVolume":1454300.0,"putthroughVolume":900000.0,"totalValue":14826280000.0,"putthroughValue":5670000000.0,"buyForeignQuantity":0.0,"buyForeignValue":0.0,"sellForeignQuantity":0.0,"sellForeignValue":0.0,"buyCount":671.0,"buyQuantity":4347300.0,"sellCount":820.0,"sellQuantity":4368087.0,"adjRatio":1.0,"currentForeignRoom":141585645.0,"propTradingNetDealValue":0.0,"propTradingNetPTValue":0.0,"propTradingNetValue":0.0,"unit":1000.0},{"date":"2025-12-02T00:00:00","symbol":"HBC","priceHigh":6.3,"priceLow":6.1,"priceOpen":6.2,"priceAverage":6.2,"priceClose":6.3,"priceBasic":6.2,"totalVolume":795700.0,"dealVolume":795700.0,"putthroughVolume":0.0,"totalValue":4933630000.0,"putthroughValue":0.0,"buyForeignQuantity":0.0,"buyForeignValue":0.0,"sellForeignQuantity":0.0,"sellForeignValue":0.0,"buyCount":665.0,"buyQuantity":2216066.0,"sellCount":580.0,"sellQuantity":2932311.0,"adjRatio":1.0,"currentForeignRoom":141583545.0,"propTradingNetDealValue":0.0,"propTradingNetPTValue":0.0,"propTradingNetValue":0.0,"unit":1000.0},{"date":"2025-12-01T00:00:00","symbol":"HBC","priceHigh":6.3,"priceLow":6.2,"priceOpen":6.3,"priceAverage":6.2,"priceClose":6.2,"priceBasic":6.2,"totalVolume":1815600.0,"dealVolume":825600.0,"putthroughVolume":990000.0,"totalValue":11389360000.0,"putthroughValue":6237000000.0,"buyForeignQuantity":100.0,"buyForeignValue":624074.61240310082,"sellForeignQuantity":1000.0,"sellForeignValue":6240746.1240310073,"buyCount":639.0,"buyQuantity":3241602.0,"sellCount":619.0,"sellQuantity":3879341.0,"adjRatio":1.0,"currentForeignRoom":141585545.0,"propTradingNetDealValue":0.0,"propTradingNetPTValue":0.0,"propTradingNetValue":0.0,"unit":1000.0},{"date":"2025-11-28T00:00:00","symbol":"HBC","priceHigh":6.3,"priceLow":6.1,"priceOpen":6.2,"priceAverage":6.2,"priceClose":6.3,"priceBasic":6.2,"totalVolume":448700.0,"dealVolume":448700.0,"putthroughVolume":0.0,"totalValue":2783920000.0,"putthroughValue":0.0,"buyForeignQuantity":0.0,"buyForeignValue":0.0,"sellForeignQuantity":0.0,"sellForeignValue":0.0,"buyCount":499.0,"buyQuantity":1984034.0,"sellCount":547.0,"sellQuantity":2461367.0,"adjRatio":1.0,"currentForeignRoom":141583645.0,"propTradingNetDealValue":0.0,"propTradingNetPTValue":0.0,"propTradingNetValue":0.0,"unit":1000.0},{"date":"2025-11-27T00:00:00","symbol":"HBC","priceHigh":6.3,"priceLow":6.1,"priceOpen":6.3,"priceAverage":6.2,"priceClose":6.2,"priceBasic":6.2,"totalVolume":2172500.0,"dealVolume":1008500.0,"putthroughVolume":1164000.0,"totalValue":13587840000.0,"putthroughValue":7333200000.0,"buyForeignQuantity":7186.0,"buyForeignValue":44567023.341596432,"sellForeignQuantity":0.0,"sellForeignValue":0.0,"buyCount":725.0,"buyQuantity":4065699.0,"sellCount":616.0,"sellQuantity":4399478.0,"adjRatio":1.0,"currentForeignRoom":141582045.0,"propTradingNetDealValue":0.0,"propTradingNetPTValue":0.0,"propTradingNetValue":0.0,"unit":1000.0},{"date":"2025-11-26T00:00:00","symbol":"HBC","priceHigh":6.3,"priceLow":6.2,"priceOpen":6.3,"priceAverage":6.2,"priceClose":6.3,"priceBasic":6.3,"totalVolume":1040111.0,"dealVolume":1023100.0,"putthroughVolume":17011.0,"totalValue":6443120500.0,"putthroughValue":93560500.0,"buyForeignQuantity":200.0,"buyForeignValue":1241239.3705405141,"sellForeignQuantity":0.0,"sellForeignValue":0.0,"buyCount":777.0,"buyQuantity":2709578.0,"sellCount":574.0,"sellQuantity":2966171.0,"adjRatio":1.0,"currentForeignRoom":141590231.0,"propTradingNetDealValue":0.0,"propTradingNetPTValue":0.0,"propTradingNetValue":0.0,"unit":1000.0},{"date":"2025-11-25T00:00:00","symbol":"HBC","priceHigh":6.4,"priceLow":6.2,"priceOpen":6.3,"priceAverage":6.3,"priceClose":6.3,"priceBasic":6.3,"totalVolume":1241900.0,"dealVolume":567900.0,"putthroughVolume":674000.0,"totalValue":7805250000.0,"putthroughValue":4246200000.0,"buyForeignQuantity":300.0,"buyForeignValue":1880110.9350237718,"sellForeignQuantity":2000.0,"sellForeignValue":12534072.900158478,"buyCount":572.0,"buyQuantity":2515595.0,"sellCount":639.0,"sellQuantity":3244206.0,"adjRatio":1.0,"currentForeignRoom":141584131.0,"propTradingNetDealValue":0.0,"propTradingNetPTValue":0.0,"propTradingNetValue":0.0,"unit":1000.0},{"date":"2025-11-24T00:00:00","symbol":"HBC","priceHigh":6.4,"priceLow":6.2,"priceOpen":6.4,"priceAverage":6.3,"priceClose":6.3,"priceBasic":6.3,"totalVolume":1242100.0,"dealVolume":1242100.0,"putthroughVolume":0.0,"totalValue":7824040000.0,"putthroughValue":0.0,"buyForeignQuantity":5000.0,"buyForeignValue":31495209.72546494,"sellForeignQuantity":0.0,"sellForeignValue":0.0,"buyCount":714.0,"buyQuantity":3148109.0,"sellCount":706.0,"sellQuantity":3293082.0,"adjRatio":1.0,"currentForeignRoom":141570431.0,"propTradingNetDealValue":-441000.0,"propTradingNetPTValue":0.0,"propTradingNetValue":-441000.0,"unit":1000.0},{"date":"2025-11-21T00:00:00","symbol":"HBC","priceHigh":6.4,"priceLow":6.2,"priceOpen":6.3,"priceAverage":6.3,"priceClose":6.4,"priceBasic":6.4,"totalVolume":737100.0,"dealVolume":737100.0,"putthroughVolume":0.0,"totalValue":4649860000.0,"putthroughValue":0.0,"buyForeignQuantity":0.0,"buyForeignValue":0.0,"sellForeignQuantity":1000.0,"sellForeignValue":6308316.3749830415,"buyCount":711.0,"buyQuantity":2272179.0,"sellCount":613.0,"sellQuantity":2458900.0,"adjRatio":1.0,"currentForeignRoom":141573335.0,"propTradingNetDealValue":0.0,"propTradingNetPTValue":0.0,"propTradingNetValue":0.0,"unit":1000.0},{"date":"2025-11-20T00:00:00","symbol":"HBC","priceHigh":6.4,"priceLow":6.3,"priceOpen":6.4,"priceAverage":6.4,"priceClose":6.4,"priceBasic":6.3,"totalVolume":1650700.0,"dealVolume":1650700.0,"putthroughVolume":0.0,"totalValue":10482980000.0,"putthroughValue":0.0,"buyForeignQuantity":0.0,"buyForeignValue":0.0,"sellForeignQuantity":20000.0,"sellForeignValue":127012540.1344884,"buyCount":725.0,"buyQuantity":3733315.0,"sellCount":789.0,"sellQuantity":3354744.0,"adjRatio":1.0,"currentForeignRoom":141575335.0,"propTradingNetDealValue":0.0,"propTradingNetPTValue":0.0,"propTradingNetValue":0.0,"unit":1000.0}]</msg>
<arg>${response.text}</arg>
<doc>Logs the given message with the given level.</doc>
<status status="PASS" start="2026-04-18T01:48:24.555033" elapsed="0.000935"/>
</kw>
<kw name="Should Be Equal As Strings" owner="BuiltIn">
<msg time="2026-04-18T01:48:24.556688" level="INFO">Argument types are:
&lt;class 'int'&gt;
&lt;class 'str'&gt;</msg>
<arg>${response.status_code}</arg>
<arg>200</arg>
<doc>Fails if objects are unequal after converting them to strings.</doc>
<status status="PASS" start="2026-04-18T01:48:24.556075" elapsed="0.000683"/>
</kw>
<kw name="Should Contain" owner="BuiltIn">
<arg>'${response.text}'</arg>
<arg>HBC</arg>
<doc>Fails if ``container`` does not contain ``item`` one or more times.</doc>
<status status="PASS" start="2026-04-18T01:48:24.556865" elapsed="0.000800"/>
</kw>
<kw name="Get From List" owner="Collections">
<msg time="2026-04-18T01:48:24.558544" level="INFO">${first} = {'date': '2025-12-31T00:00:00', 'symbol': 'HBC', 'priceHigh': 6.4, 'priceLow': 6.2, 'priceOpen': 6.4, 'priceAverage': 6.3, 'priceClose': 6.4, 'priceBasic': 6.3, 'totalVolume': 937900.0, 'dealVolume': ...</msg>
<var>${first}</var>
<arg>${response.json()}</arg>
<arg>0</arg>
<doc>Returns the value specified with an ``index`` from ``list``.</doc>
<status status="PASS" start="2026-04-18T01:48:24.557783" elapsed="0.000790"/>
</kw>
<kw name="Get From Dictionary" owner="Collections">
<msg time="2026-04-18T01:48:24.558912" level="INFO">${vol} = 937900.0</msg>
<var>${vol}</var>
<arg>${first}</arg>
<arg>totalVolume</arg>
<doc>Returns a value from the given ``dictionary`` based on the given ``key``.</doc>
<status status="PASS" start="2026-04-18T01:48:24.558680" elapsed="0.000257"/>
</kw>
<kw name="Get From Dictionary" owner="Collections">
<msg time="2026-04-18T01:48:24.559249" level="INFO">${val} = 5913750000.0</msg>
<var>${val}</var>
<arg>${first}</arg>
<arg>totalValue</arg>
<doc>Returns a value from the given ``dictionary`` based on the given ``key``.</doc>
<status status="PASS" start="2026-04-18T01:48:24.559036" elapsed="0.000238"/>
</kw>
<kw name="Get From Dictionary" owner="Collections">
<msg time="2026-04-18T01:48:24.559627" level="INFO">${direct} = 6.3</msg>
<var>${direct}</var>
<arg>${first}</arg>
<arg>priceAverage</arg>
<doc>Returns a value from the given ``dictionary`` based on the given ``key``.</doc>
<status status="PASS" start="2026-04-18T01:48:24.559370" elapsed="0.000282"/>
</kw>
<kw name="Evaluate" owner="BuiltIn">
<msg time="2026-04-18T01:48:24.561070" level="INFO">${result} = 6305.309734513275</msg>
<var>${result}</var>
<arg>float(${val} / ${vol})</arg>
<doc>Evaluates the given expression in Python and returns the result.</doc>
<status status="PASS" start="2026-04-18T01:48:24.559788" elapsed="0.001317"/>
</kw>
<kw name="Log" owner="BuiltIn">
<msg time="2026-04-18T01:48:24.561776" level="INFO">5913750000.0 / 937900.0 =&gt; 6305.309734513275</msg>
<arg>${val} / ${vol} =&gt; ${result}</arg>
<doc>Logs the given message with the given level.</doc>
<status status="PASS" start="2026-04-18T01:48:24.561242" elapsed="0.000607"/>
</kw>
<kw name="Log To Console" owner="BuiltIn">
<arg>\n${val} / ${vol} =&gt; ${result} vs ${direct}</arg>
<doc>Logs the given message to the console.</doc>
<status status="PASS" start="2026-04-18T01:48:24.562009" elapsed="0.000932"/>
</kw>
<doc>A test to try api</doc>
<tag>11</tag>
<tag>api</tag>
<tag>done</tag>
<timeout value="1 minute"/>
<status status="PASS" start="2026-04-18T01:48:19.214824" elapsed="5.348402"/>
</test>
<test id="s1-s1-s1-s1-t3" name="Test API Number Two" line="53">
<kw name="Set Variable" owner="BuiltIn">
<msg time="2026-04-18T01:48:24.575186" level="INFO">${code} = hbc</msg>
<var>${code}</var>
<arg>hbc</arg>
<doc>Returns the given values which can then be assigned to a variables.</doc>
<status status="PASS" start="2026-04-18T01:48:24.574874" elapsed="0.000339"/>
</kw>
<kw name="Replace String" owner="String">
<msg time="2026-04-18T01:48:24.575603" level="INFO">${final_url} = https://iboard-query.ssi.com.vn/stock/hbc?boardId=MAIN</msg>
<var>${final_url}</var>
<arg>${URL2}</arg>
<arg>symbol</arg>
<arg>${code}</arg>
<doc>Replaces ``search_for`` in the given ``string`` with ``replace_with``.</doc>
<status status="PASS" start="2026-04-18T01:48:24.575323" elapsed="0.000305"/>
</kw>
<kw name="Log" owner="BuiltIn">
<msg time="2026-04-18T01:48:24.575981" level="INFO">🔗 Requesting: https://iboard-query.ssi.com.vn/stock/hbc?boardId=MAIN</msg>
<arg>🔗 Requesting: ${final_url}</arg>
<doc>Logs the given message with the given level.</doc>
<status status="PASS" start="2026-04-18T01:48:24.575735" elapsed="0.000301"/>
</kw>
<kw name="Create Session" owner="RequestsLibrary">
<msg time="2026-04-18T01:48:24.576421" level="INFO">Creating Session using : alias=iboard, url=https://iboard-query.ssi.com.vn, headers={'User-Agent': 'Mozilla/5.0'},                     cookies={}, auth=None, timeout=None, proxies=None, verify=True,                     debug=0 </msg>
<arg>iboard</arg>
<arg>https://iboard-query.ssi.com.vn</arg>
<arg>headers={"User-Agent": "Mozilla/5.0"}</arg>
<arg>verify=${True}</arg>
<doc>Create Session: create a HTTP session to a server</doc>
<status status="PASS" start="2026-04-18T01:48:24.576134" elapsed="0.000492"/>
</kw>
<kw name="Run Keyword And Ignore Error" owner="BuiltIn">
<kw name="GET On Session" owner="RequestsLibrary">
<msg time="2026-04-18T01:48:24.780445" level="INFO">GET Request : url=https://iboard-query.ssi.com.vn/stock/hbc?boardId=MAIN 
 path_url=/stock/hbc?boardId=MAIN 
[...]
</kw>
<kw name="Evaluate" owner="BuiltIn">
<var>${json}</var>
<arg>json.loads('''${html}''')</arg>
<arg>json</arg>
<doc>Evaluates the given expression in Python and returns the result.</doc>
<status status="NOT RUN" start="2026-04-18T01:48:24.786074" elapsed="0.000044"/>
</kw>
<kw name="Set Variable" owner="BuiltIn">
<var>${data}</var>
<arg>${json['data']}</arg>
<doc>Returns the given values which can then be assigned to a variables.</doc>
<status status="NOT RUN" start="2026-04-18T01:48:24.786206" elapsed="0.000048"/>
</kw>
<kw name="Set Variable" owner="BuiltIn">
<var>${output}</var>
<doc>Returns the given values which can then be assigned to a variables.</doc>
<status status="NOT RUN" start="2026-04-18T01:48:24.786340" elapsed="0.000043"/>
</kw>
<for flavor="IN RANGE">
<iter>
<kw name="Set Variable" owner="BuiltIn">
<var>${bid_key}</var>
<arg>best${i}Bid</arg>
<doc>Returns the given values which can then be assigned to a variables.</doc>
<status status="NOT RUN" start="2026-04-18T01:48:24.786713" elapsed="0.000044"/>
</kw>
<kw name="Set Variable" owner="BuiltIn">
<var>${bidVol_key}</var>
<arg>best${i}BidVol</arg>
<doc>Returns the given values which can then be assigned to a variables.</doc>
<status status="NOT RUN" start="2026-04-18T01:48:24.786845" elapsed="0.000042"/>
</kw>
<kw name="Set Variable" owner="BuiltIn">
<var>${offer_key}</var>
<arg>best${i}Offer</arg>
<doc>Returns the given values which can then be assigned to a variables.</doc>
<status status="NOT RUN" start="2026-04-18T01:48:24.786971" elapsed="0.000048"/>
</kw>
<kw name="Set Variable" owner="BuiltIn">
<var>${offerVol_key}</var>
<arg>best${i}OfferVol</arg>
<doc>Returns the given values which can then be assigned to a variables.</doc>
<status status="NOT RUN" start="2026-04-18T01:48:24.787104" elapsed="0.000041"/>
</kw>
<kw name="Run Keyword If" owner="BuiltIn">
<var>${bid}</var>
<arg>'${bid_key}' in ${data}</arg>
<arg>Evaluate</arg>
<arg>str(${data['${bid_key}']}).rjust(8)</arg>
<arg>ELSE</arg>
<arg>Evaluate</arg>
<arg>'—'.rjust(8)</arg>
<doc>Runs the given keyword with the given arguments, if ``condition`` is true.</doc>
<status status="NOT RUN" start="2026-04-18T01:48:24.787243" elapsed="0.000045"/>
</kw>
<kw name="Run Keyword If" owner="BuiltIn">
<var>${bidVol}</var>
<arg>'${bidVol_key}' in ${data}</arg>
<arg>Evaluate</arg>
<arg>str(${data['${bidVol_key}']}).rjust(10)</arg>
<arg>ELSE</arg>
<arg>Evaluate</arg>
<arg>'—'.rjust(10)</arg>
<doc>Runs the given keyword with the given arguments, if ``condition`` is true.</doc>
<status status="NOT RUN" start="2026-04-18T01:48:24.787389" elapsed="0.000071"/>
</kw>
<kw name="Run Keyword If" owner="BuiltIn">
<var>${offer}</var>
<arg>'${offer_key}' in ${data}</arg>
<arg>Evaluate</arg>
<arg>str(${data['${offer_key}']}).rjust(8)</arg>
<arg>ELSE</arg>
<arg>Evaluate</arg>
<arg>'—'.rjust(8)</arg>
<doc>Runs the given keyword with the given arguments, if ``condition`` is true.</doc>
<status status="NOT RUN" start="2026-04-18T01:48:24.787564" elapsed="0.000049"/>
</kw>
<kw name="Run Keyword If" owner="BuiltIn">
<var>${offerVol}</var>
<arg>'${offerVol_key}' in ${data}</arg>
<arg>Evaluate</arg>
<arg>str(${data['${offerVol_key}']}).rjust(10)</arg>
<arg>ELSE</arg>
<arg>Evaluate</arg>
<arg>'—'.rjust(10)</arg>
<doc>Runs the given keyword with the given arguments, if ``condition`` is true.</doc>
<status status="NOT RUN" start="2026-04-18T01:48:24.787714" elapsed="0.000043"/>
</kw>
<kw name="Set Variable" owner="BuiltIn">
<var>${line}</var>
<arg>${bid}${SPACE}${bidVol}${SPACE}${offer}${SPACE}${offerVol}</arg>
<doc>Returns the given values which can then be assigned to a variables.</doc>
<status status="NOT RUN" start="2026-04-18T01:48:24.787884" elapsed="0.000047"/>
</kw>
<kw name="Catenate" owner="BuiltIn">
<var>${output}</var>
<arg>SEPARATOR=\n</arg>
<arg>${output}</arg>
<arg>${line}</arg>
<doc>Catenates the given items together and returns the resulted string.</doc>
<status status="NOT RUN" start="2026-04-18T01:48:24.788019" elapsed="0.000043"/>
</kw>
<var name="${i}"/>
<status status="NOT RUN" start="2026-04-18T01:48:24.786607" elapsed="0.001495"/>
</iter>
<var>${i}</var>
<value>1</value>
<value>11</value>
<status status="NOT RUN" start="2026-04-18T01:48:24.786469" elapsed="0.001676"/>
</for>
<kw name="Log" owner="BuiltIn">
<arg>${output}</arg>
<doc>Logs the given message with the given level.</doc>
<status status="NOT RUN" start="2026-04-18T01:48:24.788245" elapsed="0.000043"/>
</kw>
<kw name="Log To Console" owner="BuiltIn">
<arg>${output}</arg>
<doc>Logs the given message to the console.</doc>
<status status="NOT RUN" start="2026-04-18T01:48:24.788372" elapsed="0.000065"/>
</kw>
<doc>Fetches and formats top 10 bid/offer levels like awk output</doc>
<tag>12</tag>
<tag>api</tag>
<tag>done</tag>
<status status="PASS" start="2026-04-18T01:48:24.572120" elapsed="0.216433">Forbidden</status>
</test>
<status status="PASS" start="2026-04-18T01:48:08.011353" elapsed="16.782584"/>
</suite>
<suite id="s1-s1-s1-s2" name="Suite number two" source="/home/runner/work/repo1/repo1/playwright2/tests/Suite_number_two.robot">
<test id="s1-s1-s1-s2-t1" name="First complete test to check around the site and skip the recent advert which has just been added" line="7">
<kw name="Close popups if any" owner="keywords">
<kw name="Element Exists" owner="keywords">
<kw name="Run Keyword And Return Status" owner="BuiltIn">
<kw name="Wait For Elements State" owner="Browser">
<msg time="2026-04-18T01:48:30.899321" level="INFO" html="true">&lt;/td&gt;&lt;/tr&gt;&lt;tr&gt;&lt;td colspan="3"&gt;&lt;a href="browser/screenshot/fail-screenshot-2.png" target="_blank"&gt;&lt;img src="browser/screenshot/fail-screenshot-2.png" width="800px"/&gt;&lt;/a&gt;</msg>
<msg time="2026-04-18T01:48:30.899464" level="INFO">See also file:///home/runner/work/repo1/repo1/tmp/playwright-log.txt for additional details.</msg>
<msg time="2026-04-18T01:48:30.899660" level="FAIL">TimeoutError: locator.waitFor: Timeout 6000ms exceeded.
Call log:
  - waiting for locator('//span[normalize-space()=\'Close\']/ancestor::button')
</msg>
<arg>${locator}</arg>
<arg>attached</arg>
<arg>timeout=6s</arg>
<tag>PageContent</tag>
<tag>Wait</tag>
<doc>Waits for the element found by ``selector`` to satisfy state option.</doc>
<status status="FAIL" start="2026-04-18T01:48:24.807492" elapsed="6.092840">TimeoutError: locator.waitFor: Timeout 6000ms exceeded.
Call log:
  - waiting for locator('//span[normalize-space()=\'Close\']/ancestor::button')
</status>
</kw>
<msg time="2026-04-18T01:48:30.900507" level="INFO">${status} = False</msg>
<var>${status}</var>
<arg>Wait For Elements State</arg>
<arg>${locator}</arg>
<arg>attached</arg>
<arg>timeout=6s</arg>
<doc>Runs the specified keyword and returns the status as a Boolean value.</doc>
<status status="PASS" start="2026-04-18T01:48:24.807165" elapsed="6.093368"/>
</kw>
<kw name="Return From Keyword" owner="BuiltIn">
<msg time="2026-04-18T01:48:30.900976" level="INFO">Returning from the enclosing user keyword.</msg>
<arg>${status}</arg>
<doc>Returns from the enclosing user keyword.</doc>
<status status="PASS" start="2026-04-18T01:48:30.900693" elapsed="0.000333"/>
</kw>
<msg time="2026-04-18T01:48:30.901160" level="INFO">${check} = False</msg>
<var>${check}</var>
<arg>${CLOSE}</arg>
<status status="PASS" start="2026-04-18T01:48:24.806904" elapsed="6.094281"/>
</kw>
<kw name="Run Keyword If" owner="BuiltIn">
<arg>${check}</arg>
<arg>Click</arg>
<arg>xpath=${CLOSE}</arg>
<doc>Runs the given keyword with the given arguments, if ``condition`` is true.</doc>
<status status="PASS" start="2026-04-18T01:48:30.901291" elapsed="0.000328"/>
</kw>
<kw name="Set Variable" owner="BuiltIn">
<msg time="2026-04-18T01:48:30.902033" level="INFO">${CLOSE} = //div[@class='relative']//button</msg>
<var>${CLOSE}</var>
<arg>//div[@class='relative']//button</arg>
<doc>Returns the given values which can then be assigned to a variables.</doc>
<status status="PASS" start="2026-04-18T01:48:30.901726" elapsed="0.000333"/>
</kw>
<kw name="Element Exists" owner="keywords">
<kw name="Run Keyword And Return Status" owner="BuiltIn">
<kw name="Wait For Elements State" owner="Browser">
<msg time="2026-04-18T01:48:36.996712" level="INFO" html="true">&lt;/td&gt;&lt;/tr&gt;&lt;tr&gt;&lt;td colspan="3"&gt;&lt;a href="browser/screenshot/fail-screenshot-3.png" target="_blank"&gt;&lt;img src="browser/screenshot/fail-screenshot-3.png" width="800px"/&gt;&lt;/a&gt;</msg>
<msg time="2026-04-18T01:48:36.996860" level="INFO">See also file:///home/runner/work/repo1/repo1/tmp/playwright-log.txt for additional details.</msg>
<msg time="2026-04-18T01:48:36.997055" level="FAIL">TimeoutError: locator.waitFor: Timeout 6000ms exceeded.
Call log:
  - waiting for locator('//div[@class=\'relative\']//button')
</msg>
<arg>${locator}</arg>
<arg>attached</arg>
<arg>timeout=6s</arg>
<tag>PageContent</tag>
<tag>Wait</tag>
<doc>Waits for the element found by ``selector`` to satisfy state option.</doc>
<status status="FAIL" start="2026-04-18T01:48:30.902803" elapsed="6.094963">TimeoutError: locator.waitFor: Timeout 6000ms exceeded.
Call log:
  - waiting for locator('//div[@class=\'relative\']//button')
</status>
</kw>
<msg time="2026-04-18T01:48:36.997915" level="INFO">${status} = False</msg>
<var>${status}</var>
<arg>Wait For Elements State</arg>
<arg>${locator}</arg>
<arg>attached</arg>
<arg>timeout=6s</arg>
<doc>Runs the specified keyword and returns the status as a Boolean value.</doc>
<status status="PASS" start="2026-04-18T01:48:30.902515" elapsed="6.095426"/>
</kw>
<kw name="Return From Keyword" owner="BuiltIn">
<msg time="2026-04-18T01:48:36.998438" level="INFO">Returning from the enclosing user keyword.</msg>
<arg>${status}</arg>
<doc>Returns from the enclosing user keyword.</doc>
<status status="PASS" start="2026-04-18T01:48:36.998101" elapsed="0.000398"/>
</kw>
<msg time="2026-04-18T01:48:36.998642" level="INFO">${check} = False</msg>
<var>${check}</var>
<arg>${CLOSE}</arg>
<status status="PASS" start="2026-04-18T01:48:30.902215" elapsed="6.096450"/>
</kw>
<kw name="Run Keyword If" owner="BuiltIn">
<arg>${check}</arg>
<arg>Click</arg>
<arg>xpath=${CLOSE}</arg>
<doc>Runs the given keyword with the given arguments, if ``condition`` is true.</doc>
<status status="PASS" start="2026-04-18T01:48:36.998776" elapsed="0.000278"/>
</kw>
<status status="PASS" start="2026-04-18T01:48:24.806635" elapsed="12.192487"/>
</kw>
<kw name="Go to a code" owner="keywords">
<kw name="Fill Text" owner="Browser">
<msg time="2026-04-18T01:48:37.000015" level="INFO">Fills the text 'IJC' in the given field.</msg>
<arg>xpath=//div[@data-value]//input</arg>
<arg>${code}</arg>
<tag>PageContent</tag>
<tag>Setter</tag>
<doc>Clears and fills the given ``txt`` into the text field found by ``selector``.</doc>
<status status="PASS" start="2026-04-18T01:48:36.999606" elapsed="0.020199"/>
</kw>
<kw name="Set Variable" owner="BuiltIn">
<msg time="2026-04-18T01:48:37.020736" level="INFO">${RESULT} = (//div[contains(text(),"IJC")]/ancestor::div[@role="option"])[1]</msg>
<var>${RESULT}</var>
<arg>(//div[contains(text(),"${code}")]/ancestor::div[@role="option"])[1]</arg>
<doc>Returns the given values which can then be assigned to a variables.</doc>
<status status="PASS" start="2026-04-18T01:48:37.020054" elapsed="0.000718"/>
</kw>
<kw name="Wait For Elements State" owner="Browser">
<msg time="2026-04-18T01:48:38.315224" level="INFO">Waited for Element with selector (//div[contains(text(),"IJC")]/ancestor::div[@role="option"])[1] at state attached</msg>
<arg>${RESULT}</arg>
<arg>attached</arg>
<arg>timeout=12s</arg>
<tag>PageContent</tag>
<tag>Wait</tag>
<doc>Waits for the element found by ``selector`` to satisfy state option.</doc>
<status status="PASS" start="2026-04-18T01:48:37.020922" elapsed="1.294597"/>
</kw>
<for flavor="IN RANGE">
<iter>
<kw name="Run Keyword And Ignore Error" owner="BuiltIn">
<kw name="Click" owner="Browser">
<msg time="2026-04-18T01:48:38.316999" level="INFO">Clicks the element 'xpath=(//div[contains(text(),"IJC")]/ancestor::div[@role="option"])[1]'.</msg>
<arg>xpath=${RESULT}</arg>
<tag>PageContent</tag>
<tag>Setter</tag>
<doc>Simulates mouse click on the element found by ``selector``.</doc>
<status status="PASS" start="2026-04-18T01:48:38.316559" elapsed="0.066460"/>
</kw>
<msg time="2026-04-18T01:48:38.383249" level="INFO">${status} = PASS</msg>
<msg time="2026-04-18T01:48:38.383312" level="INFO">${msg} = None</msg>
<var>${status}</var>
<var>${msg}</var>
<arg>Click</arg>
<arg>xpath=${RESULT}</arg>
<doc>Runs the given keyword with the given arguments and ignores possible error.</doc>
<status status="PASS" start="2026-04-18T01:48:38.316144" elapsed="0.067200"/>
</kw>
<kw name="Run Keyword If" owner="BuiltIn">
<kw name="Exit For Loop" owner="BuiltIn">
<msg time="2026-04-18T01:48:38.385834" level="INFO">Exiting for loop altogether.</msg>
<doc>Stops executing the enclosing FOR loop.</doc>
<status status="PASS" start="2026-04-18T01:48:38.385464" elapsed="0.000478"/>
</kw>
<arg>'${status}' == 'PASS'</arg>
<arg>Exit For Loop</arg>
<doc>Runs the given keyword with the given arguments, if ``condition`` is true.</doc>
<status status="PASS" start="2026-04-18T01:48:38.384745" elapsed="0.001278"/>
</kw>
<kw name="Run Keyword If" owner="BuiltIn">
<arg>'${status}' != 'PASS'</arg>
<arg>Click</arg>
<arg>xpath=//div[@data-value]</arg>
<doc>Runs the given keyword with the given arguments, if ``condition`` is true.</doc>
<status status="NOT RUN" start="2026-04-18T01:48:38.386194" elapsed="0.000196"/>
</kw>
<var name="${kw}">1</var>
<status status="PASS" start="2026-04-18T01:48:38.315963" elapsed="0.070514"/>
</iter>
<var>${kw}</var>
<value>1</value>
<value>4</value>
<status status="PASS" start="2026-04-18T01:48:38.315651" elapsed="0.070893"/>
</for>
<kw name="Run Keyword And Ignore Error" owner="BuiltIn">
<kw name="Wait For Load State" owner="Browser">
<msg time="2026-04-18T01:48:38.387441" level="INFO">Waiting page load to state to receive networkidle in 4000.0</msg>
<msg time="2026-04-18T01:48:38.389950" level="INFO">Load state networkidle got in 4000</msg>
<arg>networkidle</arg>
<arg>timeout=4s</arg>
<tag>PageContent</tag>
<tag>Wait</tag>
<doc>Waits that the page reaches the required load state.</doc>
<status status="PASS" start="2026-04-18T01:48:38.386969" elapsed="0.003087"/>
</kw>
<arg>Wait For Load State</arg>
<arg>networkidle</arg>
<arg>timeout=4s</arg>
<doc>Runs the given keyword with the given arguments and ignores possible error.</doc>
<status status="PASS" start="2026-04-18T01:48:38.386672" elapsed="0.003450"/>
</kw>
<arg>IJC</arg>
<status status="PASS" start="2026-04-18T01:48:36.999318" elapsed="1.390872"/>
</kw>
<kw name="Get and show latest stuff" owner="keywords">
<kw name="Press Keys" owner="Browser">
<arg>css=body</arg>
<arg>PageDown</arg>
<tag>PageContent</tag>
<tag>Setter</tag>
<doc>Types the given key combination into element found by ``selector``.</doc>
<status status="PASS" start="2026-04-18T01:48:38.390656" elapsed="0.018318"/>
</kw>
<kw name="Wait For Elements State" owner="Browser">
<msg time="2026-04-18T01:48:40.215204" level="INFO">Waited for Element with selector //a/div[normalize-space()='IJC'] at state attached</msg>
<arg>//a/div[normalize-space()='IJC']</arg>
<arg>attached</arg>
<arg>timeout=12s</arg>
<tag>PageContent</tag>
<tag>Wait</tag>
<doc>Waits for the element found by ``selector`` to satisfy state option.</doc>
<status status="PASS" start="2026-04-18T01:48:38.409249" elapsed="1.806198"/>
</kw>
<kw name="Get Text" owner="Browser">
<msg time="2026-04-18T01:48:40.229589" level="INFO">Text: 'IJC: Thông báo thay đổi nhân sự - Miễn nhiệm và bổ nhiệm thành viên BKS'</msg>
<msg time="2026-04-18T01:48:40.229764" level="INFO">${data} = IJC: Thông báo thay đổi nhân sự - Miễn nhiệm và bổ nhiệm thành viên BKS</msg>
<var>${data}</var>
<arg>(//div[@data-test-id]//a[@href])[1]</arg>
<tag>Assertion</tag>
<tag>Getter</tag>
<tag>PageContent</tag>
<doc>Returns text attribute of the element found by ``selector``.</doc>
<status status="PASS" start="2026-04-18T01:48:40.215653" elapsed="0.014140"/>
</kw>
<kw name="Log" owner="BuiltIn">
<msg time="2026-04-18T01:48:40.230376" level="INFO">IJC: Thông báo thay đổi nhân sự - Miễn nhiệm và bổ nhiệm thành viên BKS</msg>
<arg>${data}</arg>
<doc>Logs the given message with the given level.</doc>
<status status="PASS" start="2026-04-18T01:48:40.229972" elapsed="0.000483"/>
</kw>
<kw name="Get Text" owner="Browser">
<msg time="2026-04-18T01:48:40.248218" level="INFO">Text: 'NÓI MUA BỪA CÓ ĂN THÌ HƠI QUÁ NHƯNG 85% CỔ PHIẾU HIỆN TẠI ĐANG VÀO FORM ĐẸP LUÔN . CHỨ ĐỪNG HÔ SẬP NỮA . PLEASE !!!\n\nCHI TIẾT TẠI: www.youtube.com/watch?v=RQ43OWro8i0&amp;t=1s\n\nHỖ TRỢ THÊM TẠI BÌNH LUẬN'</msg>
<msg time="2026-04-18T01:48:40.248489" level="INFO">${data} = NÓI MUA BỪA CÓ ĂN THÌ HƠI QUÁ NHƯNG 85% CỔ PHIẾU HIỆN TẠI ĐANG VÀO FORM ĐẸP LUÔN . CHỨ ĐỪNG HÔ SẬP NỮA . PLEASE !!!

CHI TIẾT TẠI: www.youtube.com/watch?v=RQ43OWro8i0&amp;t=1s

HỖ TRỢ THÊM TẠI BÌNH LUẬN</msg>
<var>${data}</var>
<arg>(//div[@data-test-id]//div[contains(@class,'overflow-x-hidden')])[1]</arg>
<tag>Assertion</tag>
<tag>Getter</tag>
<tag>PageContent</tag>
<doc>Returns text attribute of the element found by ``selector``.</doc>
<status status="PASS" start="2026-04-18T01:48:40.230578" elapsed="0.017960"/>
</kw>
<kw name="Log" owner="BuiltIn">
<msg time="2026-04-18T01:48:40.249340" level="INFO">NÓI MUA BỪA CÓ ĂN THÌ HƠI QUÁ NHƯNG 85% CỔ PHIẾU HIỆN TẠI ĐANG VÀO FORM ĐẸP LUÔN . CHỨ ĐỪNG HÔ SẬP NỮA . PLEASE !!!

CHI TIẾT TẠI: www.youtube.com/watch?v=RQ43OWro8i0&amp;t=1s

HỖ TRỢ THÊM TẠI BÌNH LUẬN</msg>
<arg>${data}</arg>
<doc>Logs the given message with the given level.</doc>
<status status="PASS" start="2026-04-18T01:48:40.248806" elapsed="0.002630"/>
</kw>
<status status="PASS" start="2026-04-18T01:48:38.390360" elapsed="1.861199"/>
</kw>
<doc>A test to perform usual actions but this time there is a new advertisement which seems make the page run much more slowly</doc>
<tag>done</tag>
<timeout value="3 minutes"/>
<status status="PASS" start="2026-04-18T01:48:24.803796" elapsed="15.447965"/>
</test>
<status status="PASS" start="2026-04-18T01:48:24.798321" elapsed="15.536273"/>
</suite>
<kw name="Close Browser" owner="Browser" type="TEARDOWN">
<msg time="2026-04-18T01:48:40.378858" level="INFO">Keyword 'Take Screenshot  fail-screenshot-{index}' could not be run on failure:
Error: Tried to take screenshot, but no page was open.</msg>
<msg time="2026-04-18T01:48:40.379078" level="INFO">See also file:///home/runner/work/repo1/repo1/tmp/playwright-log.txt for additional details.</msg>
<msg time="2026-04-18T01:48:40.379284" level="FAIL">Deadline exceeded</msg>
<tag>BrowserControl</tag>
<tag>Setter</tag>
<doc>Closes the current browser.</doc>
<status status="FAIL" start="2026-04-18T01:48:40.352193" elapsed="0.030339">Deadline exceeded</status>
</kw>
<status status="FAIL" start="2026-04-18T01:47:26.874569" elapsed="73.508151">Suite teardown failed:
Deadline exceeded</status>
</suite>
<status status="FAIL" start="2026-04-18T01:47:26.873475" elapsed="73.522867"/>
</suite>
<status status="FAIL" start="2026-04-18T01:47:26.845019" elapsed="73.552088"/>
</suite>
<statistics>
<total>
<stat pass="0" fail="4" skip="0">All Tests</stat>
</total>
<tag>
<stat pass="0" fail="1" skip="0">11</stat>
<stat pass="0" fail="1" skip="0">12</stat>
<stat pass="0" fail="2" skip="0">api</stat>
<stat pass="0" fail="4" skip="0">done</stat>
</tag>
<suite>
<stat name="Repo1" id="s1" pass="0" fail="4" skip="0">Repo1</stat>
<stat name="Playwright2" id="s1-s1" pass="0" fail="4" skip="0">Repo1.Playwright2</stat>
<stat name="Tests" id="s1-s1-s1" pass="0" fail="4" skip="0">Repo1.Playwright2.Tests</stat>
<stat name="First" id="s1-s1-s1-s1" pass="0" fail="3" skip="0">Repo1.Playwright2.Tests.First</stat>
<stat name="Suite number two" id="s1-s1-s1-s2" pass="0" fail="1" skip="0">Repo1.Playwright2.Tests.Suite number two</stat>
</suite>
</statistics>
<errors>
</errors>
</robot>
