<?xml version="1.0" encoding="UTF-8"?>
<robot generator="Robot 7.4.2 (Python 3.11.15 on linux)" generated="2026-05-13T02:04:32.246427" rpa="false" schemaversion="5">
<suite id="s1" name="Repo1" source="/home/runner/work/repo1/repo1">
<suite id="s1-s1" name="Playwright2" source="/home/runner/work/repo1/repo1/playwright2">
<suite id="s1-s1-s1" name="Tests" source="/home/runner/work/repo1/repo1/playwright2/tests">
<kw name="Open Default Page" owner="keywords" type="SETUP">
<kw name="Convert To Boolean" owner="BuiltIn">
<msg time="2026-05-13T02:04:32.614043" level="INFO">${headless_bool} = True</msg>
<var>${headless_bool}</var>
<arg>${HEADLESS}</arg>
<doc>Converts the given item to Boolean ``True`` or ``False``.</doc>
<status status="PASS" start="2026-05-13T02:04:32.613646" elapsed="0.000436"/>
</kw>
<kw name="New Browser" owner="Browser">
<msg time="2026-05-13T02:04:32.614833" level="INFO">{"browser": "chromium", "headless": true, "chromiumSandbox": false, "devtools": false, "handleSIGHUP": true, "handleSIGINT": true, "handleSIGTERM": true, "slowMo": 0.0, "timeout": 30000.0, "tracesDir": "/home/runner/work/repo1/repo1/tmp/browser/traces/temp/c0b89f0c-5bad-429c-b2ca-42564ccecff8"}</msg>
<msg time="2026-05-13T02:04:32.618868" level="INFO">Starting Browser process /opt/hostedtoolcache/Python/3.11.15/x64/lib/python3.11/site-packages/Browser/wrapper/index.js using at 127.0.0.1:60115</msg>
<msg time="2026-05-13T02:04:33.253940" level="INFO">Successfully created browser with options: {"browser":"chromium","headless":true,"chromiumSandbox":false,"devtools":false,"handleSIGHUP":true,"handleSIGINT":true,"handleSIGTERM":true,"slowMo":0,"timeout":30000,"tracesDir":"/home/runner/work/repo1/repo1/tmp/browser/traces/temp/c0b89f0c-5bad-429c-b2ca-42564ccecff8"}</msg>
<arg>chromium</arg>
<arg>headless=${headless_bool}</arg>
<tag>BrowserControl</tag>
<tag>Setter</tag>
<doc>Create a new playwright Browser with specified options.</doc>
<status status="PASS" start="2026-05-13T02:04:32.614231" elapsed="0.639995"/>
</kw>
<kw name="New Context" owner="Browser">
<msg time="2026-05-13T02:04:33.257366" level="INFO">{
  "acceptDownloads": true,
  "bypassCSP": false,
  "forcedColors": "none",
  "ignoreHTTPSErrors": false,
  "javaScriptEnabled": true,
  "offline": false,
  "reducedMotion": "no-preference",
  "serviceWorkers": "allow",
  "viewport": {
    "width": 1880,
    "height": 940
  }
}</msg>
<msg time="2026-05-13T02:04:33.274583" level="INFO">Successfully created context. </msg>
<msg time="2026-05-13T02:04:33.274674" level="INFO">{'acceptDownloads': True, 'bypassCSP': False, 'forcedColors': 'none', 'ignoreHTTPSErrors': False, 'javaScriptEnabled': True, 'offline': False, 'reducedMotion': 'no-preference', 'serviceWorkers': 'allow', 'viewport': {'width': 1880, 'height': 940}}</msg>
<arg>viewport={'width': 1880, 'height': 940}</arg>
<tag>BrowserControl</tag>
<tag>Setter</tag>
<doc>Create a new BrowserContext with specified options.</doc>
<status status="PASS" start="2026-05-13T02:04:33.254613" elapsed="0.020159"/>
</kw>
<kw name="Set Browser Timeout" owner="Browser">
<arg>30000</arg>
<tag>Config</tag>
<tag>Setter</tag>
<doc>Sets the timeout used by most input and getter keywords.</doc>
<status status="PASS" start="2026-05-13T02:04:33.275023" elapsed="0.002884"/>
</kw>
<kw name="New Page" owner="Browser">
<msg time="2026-05-13T02:04:42.361228" level="INFO">Successfully initialized new page object and opened url: https://fireant.vn</msg>
<arg>${BASE_URL}</arg>
<arg>wait_until=load</arg>
<tag>BrowserControl</tag>
<tag>Setter</tag>
<doc>Open a new Page.</doc>
<status status="PASS" start="2026-05-13T02:04:33.278093" elapsed="9.083551"/>
</kw>
<status status="PASS" start="2026-05-13T02:04:32.612835" elapsed="9.749407"/>
</kw>
<suite id="s1-s1-s1-s1" name="First" source="/home/runner/work/repo1/repo1/playwright2/tests/first.robot">
<test id="s1-s1-s1-s1-t1" name="Test number one" line="11">
<kw name="Log Many" owner="BuiltIn">
<msg time="2026-05-13T02:04:42.451922" level="INFO">5000      980400    5100      230500
4900      203000    5200      515000
4800      69200     5300      247900
4700      4000      5400      120200
4600      47900     5500      284300
4500      59900     5600      63800
4400      15300     5700      72400
0         0         5800      153000
0         0         0         0
0         0         0         0</msg>
<arg>${PLAYWRIGHT_LOG}</arg>
<doc>Logs the given messages as separate entries using the INFO level.</doc>
<status status="PASS" start="2026-05-13T02:04:42.451191" elapsed="0.000807"/>
</kw>
<kw name="Check Title" owner="keywords">
<kw name="Get Title" owner="Browser">
<msg time="2026-05-13T02:04:42.466391" level="INFO">Title: 'FireAnt'</msg>
<msg time="2026-05-13T02:04:42.466721" level="INFO">${title} = FireAnt</msg>
<var>${title}</var>
<tag>Assertion</tag>
<tag>Getter</tag>
<tag>PageContent</tag>
<doc>Returns the title of the current page.</doc>
<status status="PASS" start="2026-05-13T02:04:42.452838" elapsed="0.013953"/>
</kw>
<kw name="Should Be Equal" owner="BuiltIn">
<arg>${title}</arg>
<arg>${TITLE2}</arg>
<doc>Fails if the given objects are unequal.</doc>
<status status="PASS" start="2026-05-13T02:04:42.467150" elapsed="0.000850"/>
</kw>
<status status="PASS" start="2026-05-13T02:04:42.452283" elapsed="0.015850"/>
</kw>
<kw name="Close popups if any" owner="keywords">
<kw name="Element Exists" owner="keywords">
<kw name="Run Keyword And Return Status" owner="BuiltIn">
<kw name="Wait For Elements State" owner="Browser">
<msg time="2026-05-13T02:04:48.806202" level="INFO" html="true">&lt;/td&gt;&lt;/tr&gt;&lt;tr&gt;&lt;td colspan="3"&gt;&lt;a href="browser/screenshot/fail-screenshot-1.png" target="_blank"&gt;&lt;img src="browser/screenshot/fail-screenshot-1.png" width="800px"/&gt;&lt;/a&gt;</msg>
<msg time="2026-05-13T02:04:48.806376" level="INFO">See also file:///home/runner/work/repo1/repo1/tmp/playwright-log.txt for additional details.</msg>
<msg time="2026-05-13T02:04:48.806977" level="FAIL">TimeoutError: locator.waitFor: Timeout 6000ms exceeded.
Call log:
  - waiting for locator('//span[normalize-space()=\'Close\']/ancestor::button')
</msg>
<arg>${locator}</arg>
<arg>attached</arg>
<arg>timeout=6s</arg>
<tag>PageContent</tag>
<tag>Wait</tag>
<doc>Waits for the element found by ``selector`` to satisfy state option.</doc>
<status status="FAIL" start="2026-05-13T02:04:42.469760" elapsed="6.349557">TimeoutError: locator.waitFor: Timeout 6000ms exceeded.
Call log:
  - waiting for locator('//span[normalize-space()=\'Close\']/ancestor::button')
</status>
</kw>
<msg time="2026-05-13T02:04:48.819537" level="INFO">${status} = False</msg>
<var>${status}</var>
<arg>Wait For Elements State</arg>
<arg>${locator}</arg>
<arg>attached</arg>
<arg>timeout=6s</arg>
<doc>Runs the specified keyword and returns the status as a Boolean value.</doc>
<status status="PASS" start="2026-05-13T02:04:42.469198" elapsed="6.351411"/>
</kw>
<kw name="Return From Keyword" owner="BuiltIn">
<msg time="2026-05-13T02:04:48.821350" level="INFO">Returning from the enclosing user keyword.</msg>
<arg>${status}</arg>
<doc>Returns from the enclosing user keyword.</doc>
<status status="PASS" start="2026-05-13T02:04:48.820906" elapsed="0.000537"/>
</kw>
<msg time="2026-05-13T02:04:48.821713" level="INFO">${check} = False</msg>
<var>${check}</var>
<arg>${CLOSE}</arg>
<status status="PASS" start="2026-05-13T02:04:42.468794" elapsed="6.352959"/>
</kw>
<kw name="Run Keyword If" owner="BuiltIn">
<arg>${check}</arg>
<arg>Click</arg>
<arg>xpath=${CLOSE}</arg>
<doc>Runs the given keyword with the given arguments, if ``condition`` is true.</doc>
<status status="PASS" start="2026-05-13T02:04:48.821960" elapsed="0.000429"/>
</kw>
<kw name="Set Variable" owner="BuiltIn">
<msg time="2026-05-13T02:04:48.826975" level="INFO">${CLOSE} = //div[@class='relative']//button</msg>
<var>${CLOSE}</var>
<arg>//div[@class='relative']//button</arg>
<doc>Returns the given values which can then be assigned to a variables.</doc>
<status status="PASS" start="2026-05-13T02:04:48.822609" elapsed="0.004402"/>
</kw>
<kw name="Element Exists" owner="keywords">
<kw name="Run Keyword And Return Status" owner="BuiltIn">
<kw name="Wait For Elements State" owner="Browser">
<msg time="2026-05-13T02:04:55.069004" level="INFO" html="true">&lt;/td&gt;&lt;/tr&gt;&lt;tr&gt;&lt;td colspan="3"&gt;&lt;a href="browser/screenshot/fail-screenshot-2.png" target="_blank"&gt;&lt;img src="browser/screenshot/fail-screenshot-2.png" width="800px"/&gt;&lt;/a&gt;</msg>
<msg time="2026-05-13T02:04:55.069179" level="INFO">See also file:///home/runner/work/repo1/repo1/tmp/playwright-log.txt for additional details.</msg>
<msg time="2026-05-13T02:04:55.069451" level="FAIL">TimeoutError: locator.waitFor: Timeout 6000ms exceeded.
Call log:
  - waiting for locator('//div[@class=\'relative\']//button')
</msg>
<arg>${locator}</arg>
<arg>attached</arg>
<arg>timeout=6s</arg>
<tag>PageContent</tag>
<tag>Wait</tag>
<doc>Waits for the element found by ``selector`` to satisfy state option.</doc>
<status status="FAIL" start="2026-05-13T02:04:48.828216" elapsed="6.242524">TimeoutError: locator.waitFor: Timeout 6000ms exceeded.
Call log:
  - waiting for locator('//div[@class=\'relative\']//button')
</status>
</kw>
<msg time="2026-05-13T02:04:55.070978" level="INFO">${status} = False</msg>
<var>${status}</var>
<arg>Wait For Elements State</arg>
<arg>${locator}</arg>
<arg>attached</arg>
<arg>timeout=6s</arg>
<doc>Runs the specified keyword and returns the status as a Boolean value.</doc>
<status status="PASS" start="2026-05-13T02:04:48.827708" elapsed="6.243310"/>
</kw>
<kw name="Return From Keyword" owner="BuiltIn">
<msg time="2026-05-13T02:04:55.071709" level="INFO">Returning from the enclosing user keyword.</msg>
<arg>${status}</arg>
<doc>Returns from the enclosing user keyword.</doc>
<status status="PASS" start="2026-05-13T02:04:55.071252" elapsed="0.000547"/>
</kw>
<msg time="2026-05-13T02:04:55.072029" level="INFO">${check} = False</msg>
<var>${check}</var>
<arg>${CLOSE}</arg>
<status status="PASS" start="2026-05-13T02:04:48.827242" elapsed="6.244824"/>
</kw>
<kw name="Run Keyword If" owner="BuiltIn">
<arg>${check}</arg>
<arg>Click</arg>
<arg>xpath=${CLOSE}</arg>
<doc>Runs the given keyword with the given arguments, if ``condition`` is true.</doc>
<status status="PASS" start="2026-05-13T02:04:55.072238" elapsed="0.000447"/>
</kw>
<status status="PASS" start="2026-05-13T02:04:42.468368" elapsed="12.604432"/>
</kw>
<kw name="Basic Check" owner="keywords">
<kw name="Go to a code" owner="keywords">
<kw name="Fill Text" owner="Browser">
<msg time="2026-05-13T02:04:55.074734" level="INFO">Fills the text 'HBC' in the given field.</msg>
<arg>xpath=//div[@data-value]//input</arg>
<arg>${code}</arg>
<tag>PageContent</tag>
<tag>Setter</tag>
<doc>Clears and fills the given ``txt`` into the text field found by ``selector``.</doc>
<status status="PASS" start="2026-05-13T02:04:55.074082" elapsed="0.020815"/>
</kw>
<kw name="Set Variable" owner="BuiltIn">
<msg time="2026-05-13T02:04:55.096008" level="INFO">${RESULT} = (//div[contains(text(),"HBC")]/ancestor::div[@role="option"])[1]</msg>
<var>${RESULT}</var>
<arg>(//div[contains(text(),"${code}")]/ancestor::div[@role="option"])[1]</arg>
<doc>Returns the given values which can then be assigned to a variables.</doc>
<status status="PASS" start="2026-05-13T02:04:55.095218" elapsed="0.000837"/>
</kw>
<kw name="Wait For Elements State" owner="Browser">
<msg time="2026-05-13T02:05:07.321070" level="INFO" html="true">&lt;/td&gt;&lt;/tr&gt;&lt;tr&gt;&lt;td colspan="3"&gt;&lt;a href="browser/screenshot/fail-screenshot-3.png" target="_blank"&gt;&lt;img src="browser/screenshot/fail-screenshot-3.png" width="800px"/&gt;&lt;/a&gt;</msg>
<msg time="2026-05-13T02:05:07.321219" level="INFO">See also file:///home/runner/work/repo1/repo1/tmp/playwright-log.txt for additional details.</msg>
<msg time="2026-05-13T02:05:07.321535" level="FAIL">TimeoutError: locator.waitFor: Timeout 12000ms exceeded.
Call log:
  - waiting for locator('xpath=(//div[contains(text(),"HBC")]/ancestor::div[@role="option"])[1]')
</msg>
<arg>${RESULT}</arg>
<arg>attached</arg>
<arg>timeout=12s</arg>
<tag>PageContent</tag>
<tag>Wait</tag>
<doc>Waits for the element found by ``selector`` to satisfy state option.</doc>
<status status="FAIL" start="2026-05-13T02:04:55.096273" elapsed="12.226400">TimeoutError: locator.waitFor: Timeout 12000ms exceeded.
Call log:
  - waiting for locator('xpath=(//div[contains(text(),"HBC")]/ancestor::div[@role="option"])[1]')
</status>
</kw>
<for flavor="IN RANGE">
<iter>
<kw name="Run Keyword And Ignore Error" owner="BuiltIn">
<var>${status}</var>
<var>${msg}</var>
<arg>Click</arg>
<arg>xpath=${RESULT}</arg>
<doc>Runs the given keyword with the given arguments and ignores possible error.</doc>
<status status="NOT RUN" start="2026-05-13T02:05:07.323276" elapsed="0.000076"/>
</kw>
<kw name="Run Keyword If" owner="BuiltIn">
<arg>'${status}' == 'PASS'</arg>
<arg>Exit For Loop</arg>
<doc>Runs the given keyword with the given arguments, if ``condition`` is true.</doc>
<status status="NOT RUN" start="2026-05-13T02:05:07.323527" elapsed="0.000093"/>
</kw>
<kw name="Run Keyword If" owner="BuiltIn">
<arg>'${status}' != 'PASS'</arg>
<arg>Click</arg>
<arg>xpath=//div[@data-value]</arg>
<doc>Runs the given keyword with the given arguments, if ``condition`` is true.</doc>
<status status="NOT RUN" start="2026-05-13T02:05:07.323759" elapsed="0.000059"/>
</kw>
<var name="${kw}"/>
<status status="NOT RUN" start="2026-05-13T02:05:07.323045" elapsed="0.000828"/>
</iter>
<var>${kw}</var>
<value>1</value>
<value>4</value>
<status status="NOT RUN" start="2026-05-13T02:05:07.322841" elapsed="0.001091"/>
</for>
<kw name="Run Keyword And Ignore Error" owner="BuiltIn">
<arg>Wait For Load State</arg>
<arg>networkidle</arg>
<arg>timeout=4s</arg>
<doc>Runs the given keyword with the given arguments and ignores possible error.</doc>
<status status="NOT RUN" start="2026-05-13T02:05:07.324088" elapsed="0.000069"/>
</kw>
<arg>${code}</arg>
<status status="FAIL" start="2026-05-13T02:04:55.073647" elapsed="12.250693">TimeoutError: locator.waitFor: Timeout 12000ms exceeded.
Call log:
  - waiting for locator('xpath=(//div[contains(text(),"HBC")]/ancestor::div[@role="option"])[1]')
</status>
</kw>
<kw name="Set Variable" owner="BuiltIn">
<var>${orderBook}</var>
<arg>//button[contains(text(),'Sổ lệnh')]</arg>
<doc>Returns the given values which can then be assigned to a variables.</doc>
<status status="NOT RUN" start="2026-05-13T02:05:07.324504" elapsed="0.000105"/>
</kw>
<kw name="Set Variable" owner="BuiltIn">
<var>${highestBuyPrice}</var>
<arg>(//div[contains(@class,'flex-row')]//div[contains(@class,'justify-end')]/span)[1]</arg>
<doc>Returns the given values which can then be assigned to a variables.</doc>
<status status="NOT RUN" start="2026-05-13T02:05:07.324752" elapsed="0.000060"/>
</kw>
<kw name="Set Variable" owner="BuiltIn">
<var>${highestBuyVolume}</var>
<arg>(//div[contains(@class,'flex-row')]//div[contains(@class,'flex-row')]/span)[1]</arg>
<doc>Returns the given values which can then be assigned to a variables.</doc>
<status status="NOT RUN" start="2026-05-13T02:05:07.324938" elapsed="0.000063"/>
</kw>
<kw name="Wait Until Keyword Succeeds" owner="BuiltIn">
<arg>10 sec</arg>
<arg>2 sec</arg>
<arg>Click</arg>
<arg>xpath=${orderBook}</arg>
<doc>Runs the specified keyword and retries if it fails.</doc>
<status status="NOT RUN" start="2026-05-13T02:05:07.325141" elapsed="0.000071"/>
</kw>
<kw name="Wait For Elements State" owner="Browser">
<arg>${highestBuyPrice}</arg>
<arg>attached</arg>
<arg>timeout=12s</arg>
<tag>PageContent</tag>
<tag>Wait</tag>
<doc>Waits for the element found by ``selector`` to satisfy state option.</doc>
<status status="NOT RUN" start="2026-05-13T02:05:07.325387" elapsed="0.000072"/>
</kw>
<kw name="Get Text" owner="Browser">
<var>${highestBuyVolume}</var>
<arg>${highestBuyVolume}</arg>
<tag>Assertion</tag>
<tag>Getter</tag>
<tag>PageContent</tag>
<doc>Returns text attribute of the element found by ``selector``.</doc>
<status status="NOT RUN" start="2026-05-13T02:05:07.325643" elapsed="0.000070"/>
</kw>
<kw name="Get Text" owner="Browser">
<var>${highestBuyPrice}</var>
<arg>${highestBuyPrice}</arg>
<tag>Assertion</tag>
<tag>Getter</tag>
<tag>PageContent</tag>
<doc>Returns text attribute of the element found by ``selector``.</doc>
<status status="NOT RUN" start="2026-05-13T02:05:07.325867" elapsed="0.000075"/>
</kw>
<kw name="Log" owner="BuiltIn">
<arg>${highestBuyVolume} ${highestBuyPrice}</arg>
<doc>Logs the given message with the given level.</doc>
<status status="NOT RUN" start="2026-05-13T02:05:07.326143" elapsed="0.000065"/>
</kw>
<arg>HBC</arg>
<status status="FAIL" start="2026-05-13T02:04:55.073075" elapsed="12.253274">TimeoutError: locator.waitFor: Timeout 12000ms exceeded.
Call log:
  - waiting for locator('xpath=(//div[contains(text(),"HBC")]/ancestor::div[@role="option"])[1]')
</status>
</kw>
<doc>A test to try ui</doc>
<tag>done</tag>
<timeout value="1 minute"/>
<status status="FAIL" start="2026-05-13T02:04:42.436760" elapsed="24.889857">TimeoutError: locator.waitFor: Timeout 12000ms exceeded.
Call log:
  - waiting for locator('xpath=(//div[contains(text(),"HBC")]/ancestor::div[@role="option"])[1]')
</status>
</test>
<test id="s1-s1-s1-s1-t2" name="Test API Number One" line="20">
<kw name="Set Variable" owner="BuiltIn">
<msg time="2026-05-13T02:05:07.341703" level="INFO">${fullURL} = https://fireant.vn/ma-chung-khoan/HBC</msg>
<var>${fullURL}</var>
<arg>${API_URL}HBC</arg>
<doc>Returns the given values which can then be assigned to a variables.</doc>
<status status="PASS" start="2026-05-13T02:05:07.341029" elapsed="0.000719"/>
</kw>
<kw name="Create Session" owner="RequestsLibrary">
<msg time="2026-05-13T02:05:07.342206" level="INFO">Creating Session using : alias=jsonplaceholder, url=https://fireant.vn/ma-chung-khoan/HBC, headers={},                     cookies={}, auth=None, timeout=None, proxies=None, verify=False,                     debug=0 </msg>
<arg>jsonplaceholder</arg>
<arg>${fullURL}</arg>
<doc>Create Session: create a HTTP session to a server</doc>
<status status="PASS" start="2026-05-13T02:05:07.341918" elapsed="0.000605"/>
</kw>
<kw name="GET" owner="RequestsLibrary">
<msg time="2026-05-13T02:05:12.854107" level="INFO">GET Request : url=https://fireant.vn/ma-chung-khoan/HBC 
 path_url=/ma-chung-khoan/HBC 
 headers={'User-Agent': 'python-requests/2.34.0', 'Accept-Encoding': 'gzip, deflate', 'Accept': '*/*', 'Connection': 'keep-alive'} 
 body=None 
 </msg>
<msg time="2026-05-13T02:05:12.855756" level="INFO">GET Response : url=https://fireant.vn/ma-chung-khoan/HBC 
 status=200, reason=OK 
 headers={'Date': 'Wed, 13 May 2026 02:05:11 GMT', 'Content-Type': 'text/html; charset=utf-8', 'Transfer-Encoding': 'chunked', 'Connection': 'keep-alive', 'Cache-Control': 'private, no-cache, no-store, max-age=0, must-revalidate', 'Speculation-Rules': '"/cdn-cgi/speculation"', 'vary': 'Accept-Encoding', 'Set-Cookie': 'currentUser.recentSymbols=NoXSA; Path=/; SameSite=Strict, currentUser.chartOptions=N4IgDgpgTglg9gExALhAWzgOwC4AsDOIANONPAgMJwCuOKAzCQMa4CGU2AyjAF4QMAGASXy44AdwAyEAOYRMSZNijUIJavggAVKKwQxMMgGowI4gGLUANlc5MoEeSmWqRZCIWSgAbnCvU0fiUVNRAmVgUrD2wYJgBrZxCSdghWFAAzVitNEisDIMzs0IAjdgysnPQ05ABtAEZhAFYBAF0SKHwYcqKSYr88w2gAIQiET0LNAF9JoA; Path=/; SameSite=Strict, watchlists.defaultWatchlistID=LQRiA; Path=/; SameSite=Strict, __Host-next-auth.csrf-token=45040969436271bf60505a5edee03b0076ef135eac4faae73c178e481a04c0d6%7C6fb7fcb5b131b057271ff075c688f70342d1378eed760fcf4bdcfe66ac653678; Path=/; HttpOnly; Secure; SameSite=Lax, __Secure-next-auth.callback-url=https%3A%2F%2Ffireant.vn; Path=/; HttpOnly; Secure; SameSite=Lax', 'x-powered-by': 'Next.js, ARR/3.0, ASP.NET', 'cf-cache-status': 'DYNAMIC', 'Content-Encoding': 'gzip', 'Server': 'cloudflare', 'CF-RAY': '9fae18a96ccb760e-SJC', 'alt-svc': 'h3=":443"; ma=86400'} 
 body=&lt;!DOCTYPE html&gt;&lt;html&gt;&lt;head&gt;&lt;meta charSet="utf-8"/&gt;&lt;meta name="viewport" content="width=device-width, initial-scale=1.0, maximum-scale=1.0, user-scalable=no"/&gt;&lt;title&gt;FireAnt&lt;/title&gt;&lt;meta name="description" content="FireAnt là một giải pháp hoàn hảo cho các nhà đầu tư chứng khoán Việt Nam. FireAnt Platform trang bị cho nhà đầu tư những công cụ mạnh mẽ nhất, giúp họ nắm bắt nhanh chóng và chính xác mọi diễn biến của thị trường"/&gt;&lt;meta property="og:description" content="FireAnt là một giải pháp hoàn hảo cho các nhà đầu tư chứng khoán Việt Nam. FireAnt Platform trang bị cho nhà đầu tư những công cụ mạnh mẽ nhất, giúp họ nắm bắt nhanh chóng và chính xác mọi diễn biến của thị trường"/&gt;&lt;meta property="og:site_name" content="fireant.vn"/&gt;&lt;meta property="og:rich_attachment" content="true"/&gt;&lt;meta property="og:type" content="website"/&gt;&lt;meta property="og:url" content="https://fireant.vn"/&gt;&lt;meta property="og:image" content="https://fireant.vn/logo.png"/&gt;&lt;meta property="og:image:width" content="1000"/&gt;&lt;meta property="og:image:height" content="1000"/&gt;&lt;meta name="apple-itunes-app" content="app-id=1060422890, app-argument=https://fireant.vn"/&gt;&lt;meta name="next-head-count" content="13"/&gt;&lt;link rel="stylesheet" href="https://rsms.me/inter/inter.css"/&gt;&lt;script type="text/javascript" src="https://static.fireant.vn/tradingView_v27/charting_library.standalone.js"&gt;&lt;/script&gt;&lt;script async="" src="https://pagead2.googlesyndication.com/pagead/js/adsbygoogle.js?client=ca-pub-1942934517676156" crossorigin="anonymous"&gt;&lt;/script&gt;&lt;link rel="preload" href="/_next/static/css/f57aa335d6a01c7d.css" as="style"/&gt;&lt;link rel="stylesheet" href="/_next/static/css/f57aa335d6a01c7d.css" data-n-g=""/&gt;&lt;noscript data-n-css=""&gt;&lt;/noscript&gt;&lt;script defer="" nomodule="" src="/_next/static/chunks/polyfills-78c92fac7aa8fdd8.js"&gt;&lt;/script&gt;&lt;script src="/_next/static/chunks/webpack-9b9a3fdba6084daa.js" defer=""&gt;&lt;/script&gt;&lt;script src="/_next/static/chunks/framework-1b27f628bea1456c.js" defer=""&gt;&lt;/script&gt;&lt;script src="/_next/static/chunks/main-9ca0c585ea937548.js" defer=""&gt;&lt;/script&gt;&lt;script src="/_next/static/chunks/pages/_app-3f50adc0f602721d.js" defer=""&gt;&lt;/script&gt;&lt;script src="/_next/static/chunks/008a4efc-b5f8fde31192ca14.js" defer=""&gt;&lt;/script&gt;&lt;script src="/_next/static/chunks/8959-30f78f2e3d94adb1.js" defer=""&gt;&lt;/script&gt;&lt;script src="/_next/static/chunks/9460-2de604a1d12b56f9.js" defer=""&gt;&lt;/script&gt;&lt;script src="/_next/static/chunks/770-96aa6ad0ea7126d9.js" defer=""&gt;&lt;/script&gt;&lt;script src="/_next/static/chunks/6284-d5a2974f1db65d4b.js" defer=""&gt;&lt;/script&gt;&lt;script src="/_next/static/chunks/3160-0ff1350d5369cfa9.js" defer=""&gt;&lt;/script&gt;&lt;script src="/_next/static/chunks/304-275175c4150406f5.js" defer=""&gt;&lt;/script&gt;&lt;script src="/_next/static/chunks/pages/ma-chung-khoan/%5Bsymbol%5D-4a28d249d1a166f7.js" defer=""&gt;&lt;/script&gt;&lt;script src="/_next/static/5zYBPv1q7wVpX8DWHfoGY/_buildManifest.js" defer=""&gt;&lt;/script&gt;&lt;script src="/_next/static/5zYBPv1q7wVpX8DWHfoGY/_ssgManifest.js" defer=""&gt;&lt;/script&gt;&lt;/head&gt;&lt;body&gt;&lt;div id="__next"&gt;&lt;/div&gt;&lt;script id="__NEXT_DATA__" type="application/json"&gt;{"props":{"pageProps":{"initialProps":{},"initialState":{"auth":{"accessToken":"eyJ0eXAiOiJKV1QiLCJhbGciOiJSUzI1NiIsIng1dCI6IkdYdExONzViZlZQakdvNERWdjV4QkRITHpnSSIsImtpZCI6IkdYdExONzViZlZQakdvNERWdjV4QkRITHpnSSJ9.eyJpc3MiOiJodHRwczovL2FjY291bnRzLmZpcmVhbnQudm4iLCJhdWQiOiJodHRwczovL2FjY291bnRzLmZpcmVhbnQudm4vcmVzb3VyY2VzIiwiZXhwIjoxODg5NjIyNTMwLCJuYmYiOjE1ODk2MjI1MzAsImNsaWVudF9pZCI6ImZpcmVhbnQudHJhZGVzdGF0aW9uIiwic2NvcGUiOlsiYWNhZGVteS1yZWFkIiwiYWNhZGVteS13cml0ZSIsImFjY291bnRzLXJlYWQiLCJhY2NvdW50cy13cml0ZSIsImJsb2ctcmVhZCIsImNvbXBhbmllcy1yZWFkIiwiZmluYW5jZS1yZWFkIiwiaW5kaXZpZHVhbHMtcmVhZCIsImludmVzdG9wZWRpYS1yZWFkIiwib3JkZXJzLXJlYWQiLCJvcmRlcnMtd3JpdGUiLCJwb3N0cy1yZWFkIiwicG9zdHMtd3JpdGUiLCJzZWFyY2giLCJzeW1ib2xzLXJlYWQiLCJ1c2VyLWRhdGEtcmVhZCIsInVzZXItZGF0YS13cml0ZSIsInVzZXJzLXJlYWQiXSwianRpIjoiMjYxYTZhYWQ2MTQ5Njk1ZmJiYzcwODM5MjM0Njc1NWQifQ.dA5-HVzWv-BRfEiAd24uNBiBxASO-PAyWeWESovZm_hj4aXMAZA1-bWNZeXt88dqogo18AwpDQ-h6gefLPdZSFrG5umC1dVWaeYvUnGm62g4XS29fj6p01dhKNNqrsu5KrhnhdnKYVv9VdmbmqDfWR8wDgglk5cJFqalzq6dJWJInFQEPmUs9BW_Zs8tQDn-i5r4tYq2U8vCdqptXoM7YgPllXaPVDeccC9QNu2Xlp9WUvoROzoQXg25lFub1IYkTrM66gJ6t9fJRZToewCt495WNEOQFa_rwLCZ1QwzvL0iYkONHS_jZ0BOhBCdW9dWSawD6iF1SIQaFROvMDH1rg"},"learning":{"courses":{},"requestingCourses":false,"lessons":{},"classes":{},"requestingClasses":false,"schedules":{}},"watchlists":{"requested":false,"hintClosed":false,"defaultWatchlistID":-1,"watchlists":[]},"posts":{"posts":{"POST_SYMBOL_HBC":{"key":"POST_SYMBOL_HBC","lastUpdated":1778637910598,"posts":[{"postID":39912347,"userName":null,"user":{"id":"44d9d21f-62c7-4ee6-aa10-f83f1d0226e0","name":"vua lì đòn","bio":null,"isAuthentic":false,"followed":false},"title":null,"description":null,"summary":null,"hasSummary":false,"type":0,"newsType":null,"videoUrl":null,"videoThumbnailUrl":null,"videoWidth":null,"videoHeight":null,"language":"vi-VN","postGroup":null,"postSource":null,"isSourceContentFull":true,"postSourceUrl":null,"content":"nay về 5! ","originalContent":"nay về 5! ","contentURL":null,"isAIGenerated":false,"date":"2026-05-13T09:04:08.287+07:00","priority":0,"hasImage":false,"hasFile":false,"link":null,"linkImage":null,"linkTitle":null,"linkDescription":null,"sentiment":0,"approved":true,"isTop":false,"isExpertIdea":false,"liked":false,"totalLikes":0,"totalReplies":0,"totalShares":0,"replyToPostID":null,"referToPostID":null,"taggedSymbols":[{"symbol":"HBC","price":5,"change":-0.1,"percentChange":-1.96078431372549,"changeSince":0,"percentChangeSince":0}],"taggedIndividuals":[],"taggedHashTags":[],"taggedUsers":[],"images":[],"files":[],"roomID":null,"roomName":null,"isRoomSticky":false,"videoType":null,"isVideo":false,"isEmagazine":false,"isInfographic":false,"lastRepliedDate":null,"isLivestream":false,"livestreamStarted":false,"livestreamEnded":false,"streamingUrl":null,"streamingKey":null,"youtubeStreamingUrl":null,"youtubeStreamingKey":null,"facebookStreamingUrl":null,"facebookStreamingKey":null,"livestreamAction":false,"livestreamActionTitle":null,"livestreamActionUrl":null,"livestreamActionRoute":null,"repliesDisabled":false,"repliesModerationRequired":false,"pendingApproval":false},{"postID":39907829,"userName":null,"user":{"id":"cf7dac16-401d-47d5-9947-464b18d1ad08","name":"Đầu tư thịnh vượng","bio":null,"isAuthentic":false,"followed":false},"title":null,"description":null,"summary":null,"hasSummary":false,"type":0,"newsType":null,"videoUrl":null,"videoThumbnailUrl":null,"videoWidth":null,"videoHeight":null,"language":"vi-VN","postGroup":null,"postSource":null,"isSourceContentFull":true,"postSourceUrl":null,"content":"\u003ca href=\"https://www.youtube.com/watch?v=fBQ0JCTuLrY\" title=\"Click vào đây để mở liên kết\" target=\"\u0026#95;blank\"\u003ehttps://www.youtube.com/watch?v=fBQ0JCTuLrY\u003c/a\u003e\n\n- R\u0026#218;T CH\u0026#194;N LỪA !!! 1 d\u0026#242;ng \u0026#233;p b\u0026#225;n xong k\u0026#233;o TT về 2000\n- 2 cổ phiếu k\u0026#234;nh tr\u0026#234;n b\u0026#249;ng nổ tăng sốc như STB\n","originalContent":"https://www.youtube.com/watch?v=fBQ0JCTuLrY\n\n- RÚT CHÂN LỪA !!! 1 dòng ép bán xong kéo TT về 2000\n- 2 cổ phiếu kênh trên bùng nổ tăng sốc như STB\n","contentURL":null,"isAIGenerated":false,"date":"2026-05-12T17:18:25.857+07:00","priority":0,"hasImage":false,"hasFile":false,"link":"https://www.youtube.com/watch?v=fBQ0JCTuLrY","linkImage":null,"linkTitle":null,"linkDescription":null,"sentiment":0,"approved":true,"isTop":false,"isExpertIdea":false,"liked":false,"totalLikes":1,"totalReplies":2,"totalShares":0,"replyToPostID":null,"referToPostID":null,"taggedSymbols":[{"symbol":"AAA","price":7.14,"change":0,"percentChange":0,"changeSince":0,"percentChangeSince":0},{"symbol":"APH","price":5.75,"change":0,"percentChange":0,"changeSince":0,"percentChangeSince":0},{"symbol":"BVB","price":12.9,"change":0.1,"percentChange":0.7751937984496124,"changeSince":0.09999999999999964,"percentChangeSince":0.7751937984496097},{"symbol":"DLG","price":2.63,"change":0,"percentChange":0,"changeSince":0,"percentChangeSince":0},{"symbol":"HBC","price":5.1,"change":-0.1,"percentChange":-1.96078431372549,"changeSince":-0.09999999999999964,"percentChangeSince":-1.960784313725484},{"symbol":"HQC","price":2.49,"change":0,"percentChange":0,"changeSince":0,"percentChangeSince":0},{"symbol":"HVN","price":21.6,"change":0,"percentChange":0,"changeSince":0,"percentChangeSince":0},{"symbol":"LCG","price":9.58,"change":0,"percentChange":0,"changeSince":0,"percentChangeSince":0},{"symbol":"PAN","price":32.65,"change":0,"percentChange":0,"changeSince":0,"percentChangeSince":0},{"symbol":"PET","price":47.8,"change":0,"percentChange":0,"changeSince":0,"percentChangeSince":0}],"taggedIndividuals":[],"taggedHashTags":[],"taggedUsers":[],"images":[],"files":[],"roomID":null,"roomName":null,"isRoomSticky":false,"videoType":null,"isVideo":false,"isEmagazine":false,"isInfographic":false,"lastRepliedDate":null,"isLivestream":false,"livestreamStarted":false,"livestreamEnded":false,"streamingUrl":null,"streamingKey":null,"youtubeStreamingUrl":null,"youtubeStreamingKey":null,"facebookStreamingUrl":null,"facebookStreamingKey":null,"livestreamAction":false,"livestreamActionTitle":null,"livestreamActionUrl":null,"livestreamActionRoute":null,"repliesDisabled":false,"repliesModerationRequired":false,"pendingApproval":false},{"postID":39904111,"userName":null,"user":{"id":"815da088-5497-4007-a2e5-af44f8edd2a3","name":"dungiso","bio":null,"isAuthentic":false,"followed":false},"title":null,"description":null,"summary":null,"hasSummary":false,"type":0,"newsType":null,"videoUrl":null,"videoThumbnailUrl":null,"videoWidth":null,"videoHeight":null,"language":"vi-VN","postGroup":null,"postSource":null,"isSourceContentFull":true,"postSourceUrl":null,"content":"Điểm s\u0026#225;ng lớn nhất h\u0026#244;m nay l\u0026#224; lệnh 300K gi\u0026#225; 5.1. Một lệnh 1,5 tỷ kh\u0026#244;ng phải tay mơ rồi.","originalContent":"Điểm sáng lớn nhất hôm nay là lệnh 300K giá 5.1. Một lệnh 1,5 tỷ không ... (set the log level to DEBUG or TRACE to see the full content) 
 </msg>
<msg time="2026-05-13T02:05:12.856102" level="INFO">${response} = &lt;Response [200]&gt;</msg>
<var>${response}</var>
<arg>${fullURL}</arg>
<doc>Sends a GET request.</doc>
<status status="PASS" start="2026-05-13T02:05:07.342702" elapsed="5.513429"/>
</kw>
<kw name="Convert To String" owner="BuiltIn">
<msg time="2026-05-13T02:05:12.861722" level="INFO">${html1} = &lt;!DOCTYPE html&gt;&lt;html&gt;&lt;head&gt;&lt;meta charSet="utf-8"/&gt;&lt;meta name="viewport" content="width=device-width, initial-scale=1.0, maximum-scale=1.0, user-scalable=no"/&gt;&lt;title&gt;FireAnt&lt;/title&gt;&lt;meta name="descript...</msg>
<var>${html1}</var>
<arg>${response.content}</arg>
<doc>Converts the given item to a Unicode string.</doc>
<status status="PASS" start="2026-05-13T02:05:12.856327" elapsed="0.005452"/>
</kw>
<kw name="Get Regexp Matches" owner="String">
<msg time="2026-05-13T02:05:12.863088" level="INFO">${redirect} = []</msg>
<var>${redirect}</var>
<arg>${html1}</arg>
<arg>window\.location\.href\s*=\s*"([^"]+)"</arg>
<arg>1</arg>
<doc>Returns a list of all non-overlapping matches in the given string.</doc>
<status status="PASS" start="2026-05-13T02:05:12.861987" elapsed="0.001142"/>
</kw>
<if>
<branch type="IF" condition="${redirect}">
<kw name="Process Redirect" owner="keywords">
<var>${html2}</var>
<arg>${redirect}</arg>
<status status="NOT RUN" start="2026-05-13T02:05:12.863686" elapsed="0.000080"/>
</kw>
<kw name="Set Variable" owner="BuiltIn">
<var>${html}</var>
<arg>${html2}</arg>
<doc>Returns the given values which can then be assigned to a variables.</doc>
<status status="NOT RUN" start="2026-05-13T02:05:12.863906" elapsed="0.000062"/>
</kw>
<status status="NOT RUN" start="2026-05-13T02:05:12.863297" elapsed="0.000750"/>
</branch>
<branch type="ELSE">
<kw name="Set Variable" owner="BuiltIn">
<msg time="2026-05-13T02:05:12.867474" level="INFO">${html} = &lt;!DOCTYPE html&gt;&lt;html&gt;&lt;head&gt;&lt;meta charSet="utf-8"/&gt;&lt;meta name="viewport" content="width=device-width, initial-scale=1.0, maximum-scale=1.0, user-scalable=no"/&gt;&lt;title&gt;FireAnt&lt;/title&gt;&lt;meta name="descript...</msg>
<var>${html}</var>
<arg>${html1}</arg>
<doc>Returns the given values which can then be assigned to a variables.</doc>
<status status="PASS" start="2026-05-13T02:05:12.864328" elapsed="0.003198"/>
</kw>
<status status="PASS" start="2026-05-13T02:05:12.864119" elapsed="0.003493"/>
</branch>
<status status="PASS" start="2026-05-13T02:05:12.863250" elapsed="0.004413"/>
</if>
<kw name="Set Variable" owner="BuiltIn">
<msg time="2026-05-13T02:05:12.868233" level="INFO">${pattern} = "accessToken":"([^"]+)"</msg>
<var>${pattern}</var>
<arg>"accessToken\":\"([^\"]+)"</arg>
<doc>Returns the given values which can then be assigned to a variables.</doc>
<status status="PASS" start="2026-05-13T02:05:12.867782" elapsed="0.000486"/>
</kw>
<kw name="Get Regexp Matches" owner="String">
<msg time="2026-05-13T02:05:12.869636" level="INFO">${token} = ['"accessToken":"eyJ0eXAiOiJKV1QiLCJhbGciOiJSUzI1NiIsIng1dCI6IkdYdExONzViZlZQakdvNERWdjV4QkRITHpnSSIsImtpZCI6IkdYdExONzViZlZQakdvNERWdjV4QkRITHpnSSJ9.eyJpc3MiOiJodHRwczovL2FjY291bnRzLmZpcmVhbnQudm4iLC...</msg>
<var>${token}</var>
<arg>${html}</arg>
<arg>${pattern}</arg>
<doc>Returns a list of all non-overlapping matches in the given string.</doc>
<status status="PASS" start="2026-05-13T02:05:12.868404" elapsed="0.001275"/>
</kw>
<kw name="Split String" owner="String">
<msg time="2026-05-13T02:05:12.870641" level="INFO">${parts} = ['"accessToken', 'eyJ0eXAiOiJKV1QiLCJhbGciOiJSUzI1NiIsIng1dCI6IkdYdExONzViZlZQakdvNERWdjV4QkRITHpnSSIsImtpZCI6IkdYdExONzViZlZQakdvNERWdjV4QkRITHpnSSJ9.eyJpc3MiOiJodHRwczovL2FjY291bnRzLmZpcmVhbnQudm4iL...</msg>
<var>${parts}</var>
<arg>${token[0]}</arg>
<arg>":"</arg>
<doc>Splits the ``string`` using ``separator`` as a delimiter string.</doc>
<status status="PASS" start="2026-05-13T02:05:12.869823" elapsed="0.000848"/>
</kw>
<kw name="Replace String" owner="String">
<msg time="2026-05-13T02:05:12.871608" level="INFO">${token} = eyJ0eXAiOiJKV1QiLCJhbGciOiJSUzI1NiIsIng1dCI6IkdYdExONzViZlZQakdvNERWdjV4QkRITHpnSSIsImtpZCI6IkdYdExONzViZlZQakdvNERWdjV4QkRITHpnSSJ9.eyJpc3MiOiJodHRwczovL2FjY291bnRzLmZpcmVhbnQudm4iLCJhdWQiOiJodHRwczo...</msg>
<var>${token}</var>
<arg>${parts[1]}</arg>
<arg>"\""</arg>
<arg>${EMPTY}</arg>
<doc>Replaces ``search_for`` in the given ``string`` with ``replace_with``.</doc>
<status status="PASS" start="2026-05-13T02:05:12.870781" elapsed="0.000855"/>
</kw>
<kw name="Replace String" owner="String">
<msg time="2026-05-13T02:05:12.872238" level="INFO">${token} = eyJ0eXAiOiJKV1QiLCJhbGciOiJSUzI1NiIsIng1dCI6IkdYdExONzViZlZQakdvNERWdjV4QkRITHpnSSIsImtpZCI6IkdYdExONzViZlZQakdvNERWdjV4QkRITHpnSSJ9.eyJpc3MiOiJodHRwczovL2FjY291bnRzLmZpcmVhbnQudm4iLCJhdWQiOiJodHRwczo...</msg>
<var>${token}</var>
<arg>${token}</arg>
<arg>"</arg>
<arg>${EMPTY}</arg>
<doc>Replaces ``search_for`` in the given ``string`` with ``replace_with``.</doc>
<status status="PASS" start="2026-05-13T02:05:12.871744" elapsed="0.000521"/>
</kw>
<kw name="Create Dictionary" owner="BuiltIn">
<msg time="2026-05-13T02:05:12.872968" level="INFO">${headers} = {'Authorization': 'Bearer eyJ0eXAiOiJKV1QiLCJhbGciOiJSUzI1NiIsIng1dCI6IkdYdExONzViZlZQakdvNERWdjV4QkRITHpnSSIsImtpZCI6IkdYdExONzViZlZQakdvNERWdjV4QkRITHpnSSJ9.eyJpc3MiOiJodHRwczovL2FjY291bnRzLmZpcmVhb...</msg>
<var>${headers}</var>
<arg>Authorization=Bearer ${token}</arg>
<doc>Creates and returns a dictionary based on the given ``items``.</doc>
<status status="PASS" start="2026-05-13T02:05:12.872380" elapsed="0.000616"/>
</kw>
<kw name="GET" owner="RequestsLibrary">
<msg time="2026-05-13T02:05:14.109711" level="INFO">GET Request : url=https://restv2.fireant.vn/symbols/HBC/historical-quotes?startDate=2022-12-16&amp;endDate=2025-12-31&amp;offset=0&amp;limit=30 
 path_url=/symbols/HBC/historical-quotes?startDate=2022-12-16&amp;endDate=2025-12-31&amp;offset=0&amp;limit=30 
 headers={'User-Agent': 'python-requests/2.34.0', 'Accept-Encoding': 'gzip, deflate', 'Accept': '*/*', 'Connection': 'keep-alive', 'Authorization': 'Bearer eyJ0eXAiOiJKV1QiLCJhbGciOiJSUzI1NiIsIng1dCI6IkdYdExONzViZlZQakdvNERWdjV4QkRITHpnSSIsImtpZCI6IkdYdExONzViZlZQakdvNERWdjV4QkRITHpnSSJ9.eyJpc3MiOiJodHRwczovL2FjY291bnRzLmZpcmVhbnQudm4iLCJhdWQiOiJodHRwczovL2FjY291bnRzLmZpcmVhbnQudm4vcmVzb3VyY2VzIiwiZXhwIjoxODg5NjIyNTMwLCJuYmYiOjE1ODk2MjI1MzAsImNsaWVudF9pZCI6ImZpcmVhbnQudHJhZGVzdGF0aW9uIiwic2NvcGUiOlsiYWNhZGVteS1yZWFkIiwiYWNhZGVteS13cml0ZSIsImFjY291bnRzLXJlYWQiLCJhY2NvdW50cy13cml0ZSIsImJsb2ctcmVhZCIsImNvbXBhbmllcy1yZWFkIiwiZmluYW5jZS1yZWFkIiwiaW5kaXZpZHVhbHMtcmVhZCIsImludmVzdG9wZWRpYS1yZWFkIiwib3JkZXJzLXJlYWQiLCJvcmRlcnMtd3JpdGUiLCJwb3N0cy1yZWFkIiwicG9zdHMtd3JpdGUiLCJzZWFyY2giLCJzeW1ib2xzLXJlYWQiLCJ1c2VyLWRhdGEtcmVhZCIsInVzZXItZGF0YS13cml0ZSIsInVzZXJzLXJlYWQiXSwianRpIjoiMjYxYTZhYWQ2MTQ5Njk1ZmJiYzcwODM5MjM0Njc1NWQifQ.dA5-HVzWv-BRfEiAd24uNBiBxASO-PAyWeWESovZm_hj4aXMAZA1-bWNZeXt88dqogo18AwpDQ-h6gefLPdZSFrG5umC1dVWaeYvUnGm62g4XS29fj6p01dhKNNqrsu5KrhnhdnKYVv9VdmbmqDfWR8wDgglk5cJFqalzq6dJWJInFQEPmUs9BW_Zs8tQDn-i5r4tYq2U8vCdqptXoM7YgPllXaPVDeccC9QNu2Xlp9WUvoROzoQXg25lFub1IYkTrM66gJ6t9fJRZToewCt495WNEOQFa_rwLCZ1QwzvL0iYkONHS_jZ0BOhBCdW9dWSawD6iF1SIQaFROvMDH1rg'} 
 body=None 
 </msg>
<msg time="2026-05-13T02:05:14.109831" level="INFO">GET Response : url=https://restv2.fireant.vn/symbols/HBC/historical-quotes?startDate=2022-12-16&amp;endDate=2025-12-31&amp;offset=0&amp;limit=30 
 status=200, reason=OK 
 headers={'Cache-Control': 'no-cache', 'Pragma': 'no-cache', 'Content-Type': 'application/json; charset=utf-8', 'Expires': '-1', 'Server': 'Microsoft-IIS/10.0', 'X-AspNet-Version': '4.0.30319', 'X-Powered-By': 'ASP.NET', 'Date': 'Wed, 13 May 2026 02:05:13 GMT', 'Content-Length': '18448'} 
 body=[{"date":"2025-12-31T00:00:00","symbol":"HBC","priceHigh":6.4,"priceLow":6.2,"priceOpen":6.4,"priceAverage":6.3,"priceClose":6.4,"priceBasic":6.3,"totalVolume":937900.0,"dealVolume":937900.0,"putthroughVolume":0.0,"totalValue":5913750000.0,"putthroughValue":0.0,"buyForeignQuantity":0.0,"buyForeignValue":0.0,"sellForeignQuantity":0.0,"sellForeignValue":0.0,"buyCount":631.0,"buyQuantity":2877624.0,"sellCount":643.0,"sellQuantity":3329846.0,"adjRatio":1.0,"currentForeignRoom":141971074.0,"propTradingNetDealValue":0.0,"propTradingNetPTValue":0.0,"propTradingNetValue":0.0,"unit":1000.0},{"date":"2025-12-30T00:00:00","symbol":"HBC","priceHigh":6.4,"priceLow":6.3,"priceOpen":6.3,"priceAverage":6.3,"priceClose":6.4,"priceBasic":6.3,"totalVolume":584900.0,"dealVolume":584900.0,"putthroughVolume":0.0,"totalValue":3685750000.0,"putthroughValue":0.0,"buyForeignQuantity":0.0,"buyForeignValue":0.0,"sellForeignQuantity":0.0,"sellForeignValue":0.0,"buyCount":545.0,"buyQuantity":2081680.0,"sellCount":568.0,"sellQuantity":2941942.0,"adjRatio":1.0,"currentForeignRoom":141971074.0,"propTradingNetDealValue":0.0,"propTradingNetPTValue":0.0,"propTradingNetValue":0.0,"unit":1000.0},{"date":"2025-12-29T00:00:00","symbol":"HBC","priceHigh":6.4,"priceLow":6.3,"priceOpen":6.3,"priceAverage":6.3,"priceClose":6.3,"priceBasic":6.3,"totalVolume":590500.0,"dealVolume":590500.0,"putthroughVolume":0.0,"totalValue":3722640000.0,"putthroughValue":0.0,"buyForeignQuantity":0.0,"buyForeignValue":0.0,"sellForeignQuantity":300.0,"sellForeignValue":1891265.0296359018,"buyCount":714.0,"buyQuantity":2164408.0,"sellCount":623.0,"sellQuantity":2776115.0,"adjRatio":1.0,"currentForeignRoom":141770174.0,"propTradingNetDealValue":0.0,"propTradingNetPTValue":0.0,"propTradingNetValue":0.0,"unit":1000.0},{"date":"2025-12-26T00:00:00","symbol":"HBC","priceHigh":6.4,"priceLow":6.2,"priceOpen":6.4,"priceAverage":6.3,"priceClose":6.4,"priceBasic":6.4,"totalVolume":1022500.0,"dealVolume":1022500.0,"putthroughVolume":0.0,"totalValue":6473880000.0,"putthroughValue":0.0,"buyForeignQuantity":0.0,"buyForeignValue":0.0,"sellForeignQuantity":0.0,"sellForeignValue":0.0,"buyCount":1046.0,"buyQuantity":3312373.0,"sellCount":666.0,"sellQuantity":3574525.0,"adjRatio":1.0,"currentForeignRoom":141733574.0,"propTradingNetDealValue":0.0,"propTradingNetPTValue":0.0,"propTradingNetValue":0.0,"unit":1000.0},{"date":"2025-12-25T00:00:00","symbol":"HBC","priceHigh":6.7,"priceLow":6.2,"priceOpen":6.5,"priceAverage":6.4,"priceClose":6.3,"priceBasic":6.6,"totalVolume":2114600.0,"dealVolume":2114600.0,"putthroughVolume":0.0,"totalValue":13586220000.0,"putthroughValue":0.0,"buyForeignQuantity":0.0,"buyForeignValue":0.0,"sellForeignQuantity":200800.0,"sellForeignValue":1290131928.4971154,"buyCount":1059.0,"buyQuantity":6196562.0,"sellCount":892.0,"sellQuantity":5539610.0,"adjRatio":1.0,"currentForeignRoom":141733074.0,"propTradingNetDealValue":0.0,"propTradingNetPTValue":0.0,"propTradingNetValue":0.0,"unit":1000.0},{"date":"2025-12-24T00:00:00","symbol":"HBC","priceHigh":6.7,"priceLow":6.5,"priceOpen":6.7,"priceAverage":6.6,"priceClose":6.6,"priceBasic":6.7,"totalVolume":944400.0,"dealVolume":944400.0,"putthroughVolume":0.0,"totalValue":6232760000.0,"putthroughValue":0.0,"buyForeignQuantity":0.0,"buyForeignValue":0.0,"sellForeignQuantity":36200.0,"sellForeignValue":238909267.25963575,"buyCount":645.0,"buyQuantity":8046742.0,"sellCount":911.0,"sellQuantity":4521468.0,"adjRatio":1.0,"currentForeignRoom":141654174.0,"propTradingNetDealValue":0.0,"propTradingNetPTValue":0.0,"propTradingNetValue":0.0,"unit":1000.0},{"date":"2025-12-23T00:00:00","symbol":"HBC","priceHigh":6.9,"priceLow":6.6,"priceOpen":6.6,"priceAverage":6.7,"priceClose":6.7,"priceBasic":6.5,"totalVolume":2912600.0,"dealVolume":2912600.0,"putthroughVolume":0.0,"totalValue":19489460000.0,"putthroughValue":0.0,"buyForeignQuantity":175800.0,"buyForeignValue":1176353453.2719908,"sellForeignQuantity":115000.0,"sellForeignValue":769514488.77291763,"buyCount":980.0,"buyQuantity":12625644.0,"sellCount":1457.0,"sellQuantity":8108000.0,"adjRatio":1.0,"currentForeignRoom":141395174.0,"propTradingNetDealValue":0.0,"propTradingNetPTValue":0.0,"propTradingNetValue":0.0,"unit":1000.0},{"date":"2025-12-22T00:00:00","symbol":"HBC","priceHigh":6.6,"priceLow":6.4,"priceOpen":6.5,"priceAverage":6.5,"priceClose":6.6,"priceBasic":6.5,"totalVolume":1511700.0,"dealVolume":1511700.0,"putthroughVolume":0.0,"totalValue":9816540000.0,"putthroughValue":0.0,"buyForeignQuantity":0.0,"buyForeignValue":0.0,"sellForeignQuantity":79800.0,"sellForeignValue":518197983.72692996,"buyCount":726.0,"buyQuantity":10264436.0,"sellCount":787.0,"sellQuantity":5394846.0,"adjRatio":1.0,"currentForeignRoom":141570774.0,"propTradingNetDealValue":0.0,"propTradingNetPTValue":0.0,"propTradingNetValue":0.0,"unit":1000.0},{"date":"2025-12-19T00:00:00","symbol":"HBC","priceHigh":6.6,"priceLow":6.4,"priceOpen":6.6,"priceAverage":6.5,"priceClose":6.5,"priceBasic":6.5,"totalVolume":1651100.0,"dealVolume":1651100.0,"putthroughVolume":0.0,"totalValue":10776540000.0,"putthroughValue":0.0,"buyForeignQuantity":80000.0,"buyForeignValue":522150808.55187452,"sellForeignQuantity":224000.0,"sellForeignValue":1462022263.9452486,"buyCount":760.0,"buyQuantity":10133354.0,"sellCount":805.0,"sellQuantity":5864611.0,"adjRatio":1.0,"currentForeignRoom":141263810.0,"propTradingNetDealValue":0.0,"propTradingNetPTValue":0.0,"propTradingNetValue":0.0,"unit":1000.0},{"date":"2025-12-18T00:00:00","symbol":"HBC","priceHigh":6.7,"priceLow":6.5,"priceOpen":6.7,"priceAverage":6.5,"priceClose":6.6,"priceBasic":6.6,"totalVolume":882900.0,"dealVolume":882900.0,"putthroughVolume":0.0,"totalValue":5769330000.0,"putthroughValue":0.0,"buyForeignQuantity":35800.0,"buyForeignValue":233935908.93645939,"sellForeignQuantity":0.0,"sellForeignValue":0.0,"buyCount":675.0,"buyQuantity":5676227.0,"sellCount":710.0,"sellQuantity":5166099.0,"adjRatio":1.0,"currentForeignRoom":141344610.0,"propTradingNetDealValue":0.0,"propTradingNetPTValue":0.0,"propTradingNetValue":0.0,"unit":1000.0},{"date":"2025-12-17T00:00:00","symbol":"HBC","priceHigh":6.7,"priceLow":6.5,"priceOpen":6.6,"priceAverage":6.6,"priceClose":6.7,"priceBasic":6.5,"totalVolume":2609200.0,"dealVolume":2218600.0,"putthroughVolume":390600.0,"totalValue":17568790000.0,"putthroughValue":2890440000.0,"buyForeignQuantity":167300.0,"buyForeignValue":1106863767.6913369,"sellForeignQuantity":393864.0,"sellForeignValue":2605820627.602993,"buyCount":944.0,"buyQuantity":8875758.0,"sellCount":747.0,"sellQuantity":6805663.0,"adjRatio":1.0,"currentForeignRoom":141213110.0,"propTradingNetDealValue":0.0,"propTradingNetPTValue":0.0,"propTradingNetValue":0.0,"unit":1000.0},{"date":"2025-12-16T00:00:00","symbol":"HBC","priceHigh":6.7,"priceLow":6.3,"priceOpen":6.6,"priceAverage":6.5,"priceClose":6.6,"priceBasic":6.7,"totalVolume":2323800.0,"dealVolume":2323800.0,"putthroughVolume":0.0,"totalValue":15143850000.0,"putthroughValue":0.0,"buyForeignQuantity":59000.0,"buyForeignValue":384493996.90162665,"sellForeignQuantity":5000.0,"sellForeignValue":32584237.025561579,"buyCount":1161.0,"buyQuantity":8638639.0,"sellCount":930.0,"sellQuantity":7377654.0,"adjRatio":1.0,"currentForeignRoom":141373810.0,"propTradingNetDealValue":0.0,"propTradingNetPTValue":0.0,"propTradingNetValue":0.0,"unit":1000.0},{"date":"2025-12-15T00:00:00","symbol":"HBC","priceHigh":6.9,"priceLow":6.6,"priceOpen":6.8,"priceAverage":6.7,"priceClose":6.6,"priceBasic":6.9,"totalVolume":1420700.0,"dealVolume":1420700.0,"putthroughVolume":0.0,"totalValue":9562320000.0,"putthroughValue":0.0,"buyForeignQuantity":36200.0,"buyForeignValue":243651709.72056028,"sellForeignQuantity":0.0,"sellForeignValue":0.0,"buyCount":573.0,"buyQuantity":9523444.0,"sellCount":1089.0,"sellQuantity":7617736.0,"adjRatio":1.0,"currentForeignRoom":141434410.0,"propTradingNetDealValue":0.0,"propTradingNetPTValue":0.0,"propTradingNetValue":0.0,"unit":1000.0},{"date":"2025-12-12T00:00:00","symbol":"HBC","priceHigh":7.2,"priceLow":6.6,"priceOpen":6.8,"priceAverage":6.9,"priceClose":6.8,"priceBasic":6.8,"totalVolume":4002600.0,"dealVolume":4002600.0,"putthroughVolume":0.0,"totalValue":27661730000.0,"putthroughValue":0.0,"buyForeignQuantity":380900.0,"buyForeignValue":2632377194.0738521,"sellForeignQuantity":12702.0,"sellForeignValue":87782764.817868382,"buyCount":1214.0,"buyQuantity":17450613.0,"sellCount":2230.0,"sellQuantity":11428878.0,"adjRatio":1.0,"currentForeignRoom":141401347.0,"propTradingNetDealValue":0.0,"propTradingNetPTValue":0.0,"propTradingNetValue":0.0,"unit":1000.0},{"date":"2025-12-11T00:00:00","symbol":"HBC","priceHigh":6.9,"priceLow":6.5,"priceOpen":6.6,"priceAverage":6.8,"priceClose":6.8,"priceBasic":6.4,"totalVolume":3978100.0,"dealVolume":3978100.0,"putthroughVolume":0.0,"totalValue":26874620000.0,"putthroughValue":0.0,"buyForeignQuantity":1700.0,"buyForeignValue":11484591.639224755,"sellForeignQuantity":0.0,"sellForeignValue":0.0,"buyCount":1405.0,"buyQuantity":12618453.0,"sellCount":1931.0,"sellQuantity":9670701.0,"adjRatio":1.0,"currentForeignRoom":141782047.0,"propTradingNetDealValue":0.0,"propTradingNetPTValue":0.0,"propTradingNetValue":0.0,"unit":1000.0},{"date":"2025-12-10T00:00:00","symbol":"HBC","priceHigh":6.7,"priceLow":6.2,"priceOpen":6.3,"priceAverage":6.4,"priceClose":6.6,"priceBasic":6.2,"totalVolume":3179100.0,"dealVolume":3079100.0,"putthroughVolume":100000.0,"totalValue":20196060000.0,"putthroughValue":540000000.0,"buyForeignQuantity":0.0,"buyForeignValue":0.0,"sellForeignQuantity":55761.0,"sellForeignValue":355961664.66175181,"buyCount":660.0,"buyQuantity":12709812.0,"sellCount":871.0,"sellQuantity":5393371.0,"adjRatio":1.0,"currentForeignRoom":141783747.0,"propTradingNetDealValue":0.0,"propTradingNetPTValue":0.0,"propTradingNetValue":0.0,"unit":1000.0},{"date":"2025-12-09T00:00:00","symbol":"HBC","priceHigh":6.4,"priceLow":6.1,"priceOpen":6.4,"priceAverage":6.2,"priceClose":6.3,"priceBasic":6.3,"totalVolume":1305600.0,"deal... (set the log level to DEBUG or TRACE to see the full content) 
 </msg>
<msg time="2026-05-13T02:05:14.112823" level="INFO">${response} = &lt;Response [200]&gt;</msg>
<var>${response}</var>
<arg>${HARD_URI}</arg>
<arg>headers=${headers}</arg>
<doc>Sends a GET request.</doc>
<status status="PASS" start="2026-05-13T02:05:12.873097" elapsed="1.239797"/>
</kw>
<kw name="Log" owner="BuiltIn">
<msg time="2026-05-13T02:05:14.114667" level="INFO">[{"date":"2025-12-31T00:00:00","symbol":"HBC","priceHigh":6.4,"priceLow":6.2,"priceOpen":6.4,"priceAverage":6.3,"priceClose":6.4,"priceBasic":6.3,"totalVolume":937900.0,"dealVolume":937900.0,"putthroughVolume":0.0,"totalValue":5913750000.0,"putthroughValue":0.0,"buyForeignQuantity":0.0,"buyForeignValue":0.0,"sellForeignQuantity":0.0,"sellForeignValue":0.0,"buyCount":631.0,"buyQuantity":2877624.0,"sellCount":643.0,"sellQuantity":3329846.0,"adjRatio":1.0,"currentForeignRoom":141971074.0,"propTradingNetDealValue":0.0,"propTradingNetPTValue":0.0,"propTradingNetValue":0.0,"unit":1000.0},{"date":"2025-12-30T00:00:00","symbol":"HBC","priceHigh":6.4,"priceLow":6.3,"priceOpen":6.3,"priceAverage":6.3,"priceClose":6.4,"priceBasic":6.3,"totalVolume":584900.0,"dealVolume":584900.0,"putthroughVolume":0.0,"totalValue":3685750000.0,"putthroughValue":0.0,"buyForeignQuantity":0.0,"buyForeignValue":0.0,"sellForeignQuantity":0.0,"sellForeignValue":0.0,"buyCount":545.0,"buyQuantity":2081680.0,"sellCount":568.0,"sellQuantity":2941942.0,"adjRatio":1.0,"currentForeignRoom":141971074.0,"propTradingNetDealValue":0.0,"propTradingNetPTValue":0.0,"propTradingNetValue":0.0,"unit":1000.0},{"date":"2025-12-29T00:00:00","symbol":"HBC","priceHigh":6.4,"priceLow":6.3,"priceOpen":6.3,"priceAverage":6.3,"priceClose":6.3,"priceBasic":6.3,"totalVolume":590500.0,"dealVolume":590500.0,"putthroughVolume":0.0,"totalValue":3722640000.0,"putthroughValue":0.0,"buyForeignQuantity":0.0,"buyForeignValue":0.0,"sellForeignQuantity":300.0,"sellForeignValue":1891265.0296359018,"buyCount":714.0,"buyQuantity":2164408.0,"sellCount":623.0,"sellQuantity":2776115.0,"adjRatio":1.0,"currentForeignRoom":141770174.0,"propTradingNetDealValue":0.0,"propTradingNetPTValue":0.0,"propTradingNetValue":0.0,"unit":1000.0},{"date":"2025-12-26T00:00:00","symbol":"HBC","priceHigh":6.4,"priceLow":6.2,"priceOpen":6.4,"priceAverage":6.3,"priceClose":6.4,"priceBasic":6.4,"totalVolume":1022500.0,"dealVolume":1022500.0,"putthroughVolume":0.0,"totalValue":6473880000.0,"putthroughValue":0.0,"buyForeignQuantity":0.0,"buyForeignValue":0.0,"sellForeignQuantity":0.0,"sellForeignValue":0.0,"buyCount":1046.0,"buyQuantity":3312373.0,"sellCount":666.0,"sellQuantity":3574525.0,"adjRatio":1.0,"currentForeignRoom":141733574.0,"propTradingNetDealValue":0.0,"propTradingNetPTValue":0.0,"propTradingNetValue":0.0,"unit":1000.0},{"date":"2025-12-25T00:00:00","symbol":"HBC","priceHigh":6.7,"priceLow":6.2,"priceOpen":6.5,"priceAverage":6.4,"priceClose":6.3,"priceBasic":6.6,"totalVolume":2114600.0,"dealVolume":2114600.0,"putthroughVolume":0.0,"totalValue":13586220000.0,"putthroughValue":0.0,"buyForeignQuantity":0.0,"buyForeignValue":0.0,"sellForeignQuantity":200800.0,"sellForeignValue":1290131928.4971154,"buyCount":1059.0,"buyQuantity":6196562.0,"sellCount":892.0,"sellQuantity":5539610.0,"adjRatio":1.0,"currentForeignRoom":141733074.0,"propTradingNetDealValue":0.0,"propTradingNetPTValue":0.0,"propTradingNetValue":0.0,"unit":1000.0},{"date":"2025-12-24T00:00:00","symbol":"HBC","priceHigh":6.7,"priceLow":6.5,"priceOpen":6.7,"priceAverage":6.6,"priceClose":6.6,"priceBasic":6.7,"totalVolume":944400.0,"dealVolume":944400.0,"putthroughVolume":0.0,"totalValue":6232760000.0,"putthroughValue":0.0,"buyForeignQuantity":0.0,"buyForeignValue":0.0,"sellForeignQuantity":36200.0,"sellForeignValue":238909267.25963575,"buyCount":645.0,"buyQuantity":8046742.0,"sellCount":911.0,"sellQuantity":4521468.0,"adjRatio":1.0,"currentForeignRoom":141654174.0,"propTradingNetDealValue":0.0,"propTradingNetPTValue":0.0,"propTradingNetValue":0.0,"unit":1000.0},{"date":"2025-12-23T00:00:00","symbol":"HBC","priceHigh":6.9,"priceLow":6.6,"priceOpen":6.6,"priceAverage":6.7,"priceClose":6.7,"priceBasic":6.5,"totalVolume":2912600.0,"dealVolume":2912600.0,"putthroughVolume":0.0,"totalValue":19489460000.0,"putthroughValue":0.0,"buyForeignQuantity":175800.0,"buyForeignValue":1176353453.2719908,"sellForeignQuantity":115000.0,"sellForeignValue":769514488.77291763,"buyCount":980.0,"buyQuantity":12625644.0,"sellCount":1457.0,"sellQuantity":8108000.0,"adjRatio":1.0,"currentForeignRoom":141395174.0,"propTradingNetDealValue":0.0,"propTradingNetPTValue":0.0,"propTradingNetValue":0.0,"unit":1000.0},{"date":"2025-12-22T00:00:00","symbol":"HBC","priceHigh":6.6,"priceLow":6.4,"priceOpen":6.5,"priceAverage":6.5,"priceClose":6.6,"priceBasic":6.5,"totalVolume":1511700.0,"dealVolume":1511700.0,"putthroughVolume":0.0,"totalValue":9816540000.0,"putthroughValue":0.0,"buyForeignQuantity":0.0,"buyForeignValue":0.0,"sellForeignQuantity":79800.0,"sellForeignValue":518197983.72692996,"buyCount":726.0,"buyQuantity":10264436.0,"sellCount":787.0,"sellQuantity":5394846.0,"adjRatio":1.0,"currentForeignRoom":141570774.0,"propTradingNetDealValue":0.0,"propTradingNetPTValue":0.0,"propTradingNetValue":0.0,"unit":1000.0},{"date":"2025-12-19T00:00:00","symbol":"HBC","priceHigh":6.6,"priceLow":6.4,"priceOpen":6.6,"priceAverage":6.5,"priceClose":6.5,"priceBasic":6.5,"totalVolume":1651100.0,"dealVolume":1651100.0,"putthroughVolume":0.0,"totalValue":10776540000.0,"putthroughValue":0.0,"buyForeignQuantity":80000.0,"buyForeignValue":522150808.55187452,"sellForeignQuantity":224000.0,"sellForeignValue":1462022263.9452486,"buyCount":760.0,"buyQuantity":10133354.0,"sellCount":805.0,"sellQuantity":5864611.0,"adjRatio":1.0,"currentForeignRoom":141263810.0,"propTradingNetDealValue":0.0,"propTradingNetPTValue":0.0,"propTradingNetValue":0.0,"unit":1000.0},{"date":"2025-12-18T00:00:00","symbol":"HBC","priceHigh":6.7,"priceLow":6.5,"priceOpen":6.7,"priceAverage":6.5,"priceClose":6.6,"priceBasic":6.6,"totalVolume":882900.0,"dealVolume":882900.0,"putthroughVolume":0.0,"totalValue":5769330000.0,"putthroughValue":0.0,"buyForeignQuantity":35800.0,"buyForeignValue":233935908.93645939,"sellForeignQuantity":0.0,"sellForeignValue":0.0,"buyCount":675.0,"buyQuantity":5676227.0,"sellCount":710.0,"sellQuantity":5166099.0,"adjRatio":1.0,"currentForeignRoom":141344610.0,"propTradingNetDealValue":0.0,"propTradingNetPTValue":0.0,"propTradingNetValue":0.0,"unit":1000.0},{"date":"2025-12-17T00:00:00","symbol":"HBC","priceHigh":6.7,"priceLow":6.5,"priceOpen":6.6,"priceAverage":6.6,"priceClose":6.7,"priceBasic":6.5,"totalVolume":2609200.0,"dealVolume":2218600.0,"putthroughVolume":390600.0,"totalValue":17568790000.0,"putthroughValue":2890440000.0,"buyForeignQuantity":167300.0,"buyForeignValue":1106863767.6913369,"sellForeignQuantity":393864.0,"sellForeignValue":2605820627.602993,"buyCount":944.0,"buyQuantity":8875758.0,"sellCount":747.0,"sellQuantity":6805663.0,"adjRatio":1.0,"currentForeignRoom":141213110.0,"propTradingNetDealValue":0.0,"propTradingNetPTValue":0.0,"propTradingNetValue":0.0,"unit":1000.0},{"date":"2025-12-16T00:00:00","symbol":"HBC","priceHigh":6.7,"priceLow":6.3,"priceOpen":6.6,"priceAverage":6.5,"priceClose":6.6,"priceBasic":6.7,"totalVolume":2323800.0,"dealVolume":2323800.0,"putthroughVolume":0.0,"totalValue":15143850000.0,"putthroughValue":0.0,"buyForeignQuantity":59000.0,"buyForeignValue":384493996.90162665,"sellForeignQuantity":5000.0,"sellForeignValue":32584237.025561579,"buyCount":1161.0,"buyQuantity":8638639.0,"sellCount":930.0,"sellQuantity":7377654.0,"adjRatio":1.0,"currentForeignRoom":141373810.0,"propTradingNetDealValue":0.0,"propTradingNetPTValue":0.0,"propTradingNetValue":0.0,"unit":1000.0},{"date":"2025-12-15T00:00:00","symbol":"HBC","priceHigh":6.9,"priceLow":6.6,"priceOpen":6.8,"priceAverage":6.7,"priceClose":6.6,"priceBasic":6.9,"totalVolume":1420700.0,"dealVolume":1420700.0,"putthroughVolume":0.0,"totalValue":9562320000.0,"putthroughValue":0.0,"buyForeignQuantity":36200.0,"buyForeignValue":243651709.72056028,"sellForeignQuantity":0.0,"sellForeignValue":0.0,"buyCount":573.0,"buyQuantity":9523444.0,"sellCount":1089.0,"sellQuantity":7617736.0,"adjRatio":1.0,"currentForeignRoom":141434410.0,"propTradingNetDealValue":0.0,"propTradingNetPTValue":0.0,"propTradingNetValue":0.0,"unit":1000.0},{"date":"2025-12-12T00:00:00","symbol":"HBC","priceHigh":7.2,"priceLow":6.6,"priceOpen":6.8,"priceAverage":6.9,"priceClose":6.8,"priceBasic":6.8,"totalVolume":4002600.0,"dealVolume":4002600.0,"putthroughVolume":0.0,"totalValue":27661730000.0,"putthroughValue":0.0,"buyForeignQuantity":380900.0,"buyForeignValue":2632377194.0738521,"sellForeignQuantity":12702.0,"sellForeignValue":87782764.817868382,"buyCount":1214.0,"buyQuantity":17450613.0,"sellCount":2230.0,"sellQuantity":11428878.0,"adjRatio":1.0,"currentForeignRoom":141401347.0,"propTradingNetDealValue":0.0,"propTradingNetPTValue":0.0,"propTradingNetValue":0.0,"unit":1000.0},{"date":"2025-12-11T00:00:00","symbol":"HBC","priceHigh":6.9,"priceLow":6.5,"priceOpen":6.6,"priceAverage":6.8,"priceClose":6.8,"priceBasic":6.4,"totalVolume":3978100.0,"dealVolume":3978100.0,"putthroughVolume":0.0,"totalValue":26874620000.0,"putthroughValue":0.0,"buyForeignQuantity":1700.0,"buyForeignValue":11484591.639224755,"sellForeignQuantity":0.0,"sellForeignValue":0.0,"buyCount":1405.0,"buyQuantity":12618453.0,"sellCount":1931.0,"sellQuantity":9670701.0,"adjRatio":1.0,"currentForeignRoom":141782047.0,"propTradingNetDealValue":0.0,"propTradingNetPTValue":0.0,"propTradingNetValue":0.0,"unit":1000.0},{"date":"2025-12-10T00:00:00","symbol":"HBC","priceHigh":6.7,"priceLow":6.2,"priceOpen":6.3,"priceAverage":6.4,"priceClose":6.6,"priceBasic":6.2,"totalVolume":3179100.0,"dealVolume":3079100.0,"putthroughVolume":100000.0,"totalValue":20196060000.0,"putthroughValue":540000000.0,"buyForeignQuantity":0.0,"buyForeignValue":0.0,"sellForeignQuantity":55761.0,"sellForeignValue":355961664.66175181,"buyCount":660.0,"buyQuantity":12709812.0,"sellCount":871.0,"sellQuantity":5393371.0,"adjRatio":1.0,"currentForeignRoom":141783747.0,"propTradingNetDealValue":0.0,"propTradingNetPTValue":0.0,"propTradingNetValue":0.0,"unit":1000.0},{"date":"2025-12-09T00:00:00","symbol":"HBC","priceHigh":6.4,"priceLow":6.1,"priceOpen":6.4,"priceAverage":6.2,"priceClose":6.3,"priceBasic":6.3,"totalVolume":1305600.0,"dealVolume":1305600.0,"putthroughVolume":0.0,"totalValue":8113970000.0,"putthroughValue":0.0,"buyForeignQuantity":0.0,"buyForeignValue":0.0,"sellForeignQuantity":1000.0,"sellForeignValue":6214744.1789215682,"buyCount":919.0,"buyQuantity":3129932.0,"sellCount":577.0,"sellQuantity":3512934.0,"adjRatio":1.0,"currentForeignRoom":141780747.0,"propTradingNetDealValue":0.0,"propTradingNetPTValue":0.0,"propTradingNetValue":0.0,"unit":1000.0},{"date":"2025-12-08T00:00:00","symbol":"HBC","priceHigh":6.4,"priceLow":6.2,"priceOpen":6.3,"priceAverage":6.3,"priceClose":6.4,"priceBasic":6.3,"totalVolume":1040600.0,"dealVolume":890600.0,"putthroughVolume":150000.0,"totalValue":6693880000.0,"putthroughValue":1080000000.0,"buyForeignQuantity":0.0,"buyForeignValue":0.0,"sellForeignQuantity":0.0,"sellForeignValue":0.0,"buyCount":561.0,"buyQuantity":2160004.0,"sellCount":639.0,"sellQuantity":3570371.0,"adjRatio":1.0,"currentForeignRoom":141584359.0,"propTradingNetDealValue":0.0,"propTradingNetPTValue":0.0,"propTradingNetValue":0.0,"unit":1000.0},{"date":"2025-12-05T00:00:00","symbol":"HBC","priceHigh":6.5,"priceLow":6.3,"priceOpen":6.4,"priceAverage":6.3,"priceClose":6.4,"priceBasic":6.4,"totalVolume":956200.0,"dealVolume":906200.0,"putthroughVolume":50000.0,"totalValue":6117060000.0,"putthroughValue":365000000.0,"buyForeignQuantity":2500.0,"buyForeignValue":15868627.234606048,"sellForeignQuantity":214.0,"sellForeignValue":1358354.4912822777,"buyCount":534.0,"buyQuantity":2047762.0,"sellCount":743.0,"sellQuantity":2907990.0,"adjRatio":1.0,"currentForeignRoom":141584045.0,"propTradingNetDealValue":0.0,"propTradingNetPTValue":0.0,"propTradingNetValue":0.0,"unit":1000.0},{"date":"2025-12-04T00:00:00","symbol":"HBC","priceHigh":6.5,"priceLow":6.3,"priceOpen":6.3,"priceAverage":6.4,"priceClose":6.4,"priceBasic":6.3,"totalVolume":1439400.0,"dealVolume":1239400.0,"putthroughVolume":200000.0,"totalValue":9320600000.0,"putthroughValue":1400000000.0,"buyForeignQuantity":2600.0,"buyForeignValue":16615749.556236889,"sellForeignQuantity":201988.0,"sellForeignValue":1290839238.9866064,"buyCount":706.0,"buyQuantity":3540011.0,"sellCount":896.0,"sellQuantity":3440179.0,"adjRatio":1.0,"currentForeignRoom":141582545.0,"propTradingNetDealValue":0.0,"propTradingNetPTValue":0.0,"propTradingNetValue":0.0,"unit":1000.0},{"date":"2025-12-03T00:00:00","symbol":"HBC","priceHigh":6.4,"priceLow":6.2,"priceOpen":6.2,"priceAverage":6.3,"priceClose":6.4,"priceBasic":6.2,"totalVolume":2354300.0,"dealVolume":1454300.0,"putthroughVolume":900000.0,"totalValue":14826280000.0,"putthroughValue":5670000000.0,"buyForeignQuantity":0.0,"buyForeignValue":0.0,"sellForeignQuantity":0.0,"sellForeignValue":0.0,"buyCount":671.0,"buyQuantity":4347300.0,"sellCount":820.0,"sellQuantity":4368087.0,"adjRatio":1.0,"currentForeignRoom":141585645.0,"propTradingNetDealValue":0.0,"propTradingNetPTValue":0.0,"propTradingNetValue":0.0,"unit":1000.0},{"date":"2025-12-02T00:00:00","symbol":"HBC","priceHigh":6.3,"priceLow":6.1,"priceOpen":6.2,"priceAverage":6.2,"priceClose":6.3,"priceBasic":6.2,"totalVolume":795700.0,"dealVolume":795700.0,"putthroughVolume":0.0,"totalValue":4933630000.0,"putthroughValue":0.0,"buyForeignQuantity":0.0,"buyForeignValue":0.0,"sellForeignQuantity":0.0,"sellForeignValue":0.0,"buyCount":665.0,"buyQuantity":2216066.0,"sellCount":580.0,"sellQuantity":2932311.0,"adjRatio":1.0,"currentForeignRoom":141583545.0,"propTradingNetDealValue":0.0,"propTradingNetPTValue":0.0,"propTradingNetValue":0.0,"unit":1000.0},{"date":"2025-12-01T00:00:00","symbol":"HBC","priceHigh":6.3,"priceLow":6.2,"priceOpen":6.3,"priceAverage":6.2,"priceClose":6.2,"priceBasic":6.2,"totalVolume":1815600.0,"dealVolume":825600.0,"putthroughVolume":990000.0,"totalValue":11389360000.0,"putthroughValue":6237000000.0,"buyForeignQuantity":100.0,"buyForeignValue":624074.61240310082,"sellForeignQuantity":1000.0,"sellForeignValue":6240746.1240310073,"buyCount":639.0,"buyQuantity":3241602.0,"sellCount":619.0,"sellQuantity":3879341.0,"adjRatio":1.0,"currentForeignRoom":141585545.0,"propTradingNetDealValue":0.0,"propTradingNetPTValue":0.0,"propTradingNetValue":0.0,"unit":1000.0},{"date":"2025-11-28T00:00:00","symbol":"HBC","priceHigh":6.3,"priceLow":6.1,"priceOpen":6.2,"priceAverage":6.2,"priceClose":6.3,"priceBasic":6.2,"totalVolume":448700.0,"dealVolume":448700.0,"putthroughVolume":0.0,"totalValue":2783920000.0,"putthroughValue":0.0,"buyForeignQuantity":0.0,"buyForeignValue":0.0,"sellForeignQuantity":0.0,"sellForeignValue":0.0,"buyCount":499.0,"buyQuantity":1984034.0,"sellCount":547.0,"sellQuantity":2461367.0,"adjRatio":1.0,"currentForeignRoom":141583645.0,"propTradingNetDealValue":0.0,"propTradingNetPTValue":0.0,"propTradingNetValue":0.0,"unit":1000.0},{"date":"2025-11-27T00:00:00","symbol":"HBC","priceHigh":6.3,"priceLow":6.1,"priceOpen":6.3,"priceAverage":6.2,"priceClose":6.2,"priceBasic":6.2,"totalVolume":2172500.0,"dealVolume":1008500.0,"putthroughVolume":1164000.0,"totalValue":13587840000.0,"putthroughValue":7333200000.0,"buyForeignQuantity":7186.0,"buyForeignValue":44567023.341596432,"sellForeignQuantity":0.0,"sellForeignValue":0.0,"buyCount":725.0,"buyQuantity":4065699.0,"sellCount":616.0,"sellQuantity":4399478.0,"adjRatio":1.0,"currentForeignRoom":141582045.0,"propTradingNetDealValue":0.0,"propTradingNetPTValue":0.0,"propTradingNetValue":0.0,"unit":1000.0},{"date":"2025-11-26T00:00:00","symbol":"HBC","priceHigh":6.3,"priceLow":6.2,"priceOpen":6.3,"priceAverage":6.2,"priceClose":6.3,"priceBasic":6.3,"totalVolume":1040111.0,"dealVolume":1023100.0,"putthroughVolume":17011.0,"totalValue":6443120500.0,"putthroughValue":93560500.0,"buyForeignQuantity":200.0,"buyForeignValue":1241239.3705405141,"sellForeignQuantity":0.0,"sellForeignValue":0.0,"buyCount":777.0,"buyQuantity":2709578.0,"sellCount":574.0,"sellQuantity":2966171.0,"adjRatio":1.0,"currentForeignRoom":141590231.0,"propTradingNetDealValue":0.0,"propTradingNetPTValue":0.0,"propTradingNetValue":0.0,"unit":1000.0},{"date":"2025-11-25T00:00:00","symbol":"HBC","priceHigh":6.4,"priceLow":6.2,"priceOpen":6.3,"priceAverage":6.3,"priceClose":6.3,"priceBasic":6.3,"totalVolume":1241900.0,"dealVolume":567900.0,"putthroughVolume":674000.0,"totalValue":7805250000.0,"putthroughValue":4246200000.0,"buyForeignQuantity":300.0,"buyForeignValue":1880110.9350237718,"sellForeignQuantity":2000.0,"sellForeignValue":12534072.900158478,"buyCount":572.0,"buyQuantity":2515595.0,"sellCount":639.0,"sellQuantity":3244206.0,"adjRatio":1.0,"currentForeignRoom":141584131.0,"propTradingNetDealValue":0.0,"propTradingNetPTValue":0.0,"propTradingNetValue":0.0,"unit":1000.0},{"date":"2025-11-24T00:00:00","symbol":"HBC","priceHigh":6.4,"priceLow":6.2,"priceOpen":6.4,"priceAverage":6.3,"priceClose":6.3,"priceBasic":6.3,"totalVolume":1242100.0,"dealVolume":1242100.0,"putthroughVolume":0.0,"totalValue":7824040000.0,"putthroughValue":0.0,"buyForeignQuantity":5000.0,"buyForeignValue":31495209.72546494,"sellForeignQuantity":0.0,"sellForeignValue":0.0,"buyCount":714.0,"buyQuantity":3148109.0,"sellCount":706.0,"sellQuantity":3293082.0,"adjRatio":1.0,"currentForeignRoom":141570431.0,"propTradingNetDealValue":-441000.0,"propTradingNetPTValue":0.0,"propTradingNetValue":-441000.0,"unit":1000.0},{"date":"2025-11-21T00:00:00","symbol":"HBC","priceHigh":6.4,"priceLow":6.2,"priceOpen":6.3,"priceAverage":6.3,"priceClose":6.4,"priceBasic":6.4,"totalVolume":737100.0,"dealVolume":737100.0,"putthroughVolume":0.0,"totalValue":4649860000.0,"putthroughValue":0.0,"buyForeignQuantity":0.0,"buyForeignValue":0.0,"sellForeignQuantity":1000.0,"sellForeignValue":6308316.3749830415,"buyCount":711.0,"buyQuantity":2272179.0,"sellCount":613.0,"sellQuantity":2458900.0,"adjRatio":1.0,"currentForeignRoom":141573335.0,"propTradingNetDealValue":0.0,"propTradingNetPTValue":0.0,"propTradingNetValue":0.0,"unit":1000.0},{"date":"2025-11-20T00:00:00","symbol":"HBC","priceHigh":6.4,"priceLow":6.3,"priceOpen":6.4,"priceAverage":6.4,"priceClose":6.4,"priceBasic":6.3,"totalVolume":1650700.0,"dealVolume":1650700.0,"putthroughVolume":0.0,"totalValue":10482980000.0,"putthroughValue":0.0,"buyForeignQuantity":0.0,"buyForeignValue":0.0,"sellForeignQuantity":20000.0,"sellForeignValue":127012540.1344884,"buyCount":725.0,"buyQuantity":3733315.0,"sellCount":789.0,"sellQuantity":3354744.0,"adjRatio":1.0,"currentForeignRoom":141575335.0,"propTradingNetDealValue":0.0,"propTradingNetPTValue":0.0,"propTradingNetValue":0.0,"unit":1000.0}]</msg>
<arg>${response.text}</arg>
<doc>Logs the given message with the given level.</doc>
<status status="PASS" start="2026-05-13T02:05:14.113424" elapsed="0.001555"/>
</kw>
<kw name="Should Be Equal As Strings" owner="BuiltIn">
<msg time="2026-05-13T02:05:14.116045" level="INFO">Argument types are:
&lt;class 'int'&gt;
&lt;class 'str'&gt;</msg>
<arg>${response.status_code}</arg>
<arg>200</arg>
<doc>Fails if objects are unequal after converting them to strings.</doc>
<status status="PASS" start="2026-05-13T02:05:14.115163" elapsed="0.000980"/>
</kw>
<kw name="Should Contain" owner="BuiltIn">
<arg>'${response.text}'</arg>
<arg>HBC</arg>
<doc>Fails if ``container`` does not contain ``item`` one or more times.</doc>
<status status="PASS" start="2026-05-13T02:05:14.116319" elapsed="0.001248"/>
</kw>
<kw name="Get From List" owner="Collections">
<msg time="2026-05-13T02:05:14.118808" level="INFO">${first} = {'date': '2025-12-31T00:00:00', 'symbol': 'HBC', 'priceHigh': 6.4, 'priceLow': 6.2, 'priceOpen': 6.4, 'priceAverage': 6.3, 'priceClose': 6.4, 'priceBasic': 6.3, 'totalVolume': 937900.0, 'dealVolume': ...</msg>
<var>${first}</var>
<arg>${response.json()}</arg>
<arg>0</arg>
<doc>Returns the value specified with an ``index`` from ``list``.</doc>
<status status="PASS" start="2026-05-13T02:05:14.117762" elapsed="0.001077"/>
</kw>
<kw name="Get From Dictionary" owner="Collections">
<msg time="2026-05-13T02:05:14.119209" level="INFO">${vol} = 937900.0</msg>
<var>${vol}</var>
<arg>${first}</arg>
<arg>totalVolume</arg>
<doc>Returns a value from the given ``dictionary`` based on the given ``key``.</doc>
<status status="PASS" start="2026-05-13T02:05:14.118960" elapsed="0.000286"/>
</kw>
<kw name="Get From Dictionary" owner="Collections">
<msg time="2026-05-13T02:05:14.119640" level="INFO">${val} = 5913750000.0</msg>
<var>${val}</var>
<arg>${first}</arg>
<arg>totalValue</arg>
<doc>Returns a value from the given ``dictionary`` based on the given ``key``.</doc>
<status status="PASS" start="2026-05-13T02:05:14.119374" elapsed="0.000292"/>
</kw>
<kw name="Get From Dictionary" owner="Collections">
<msg time="2026-05-13T02:05:14.119982" level="INFO">${direct} = 6.3</msg>
<var>${direct}</var>
<arg>${first}</arg>
<arg>priceAverage</arg>
<doc>Returns a value from the given ``dictionary`` based on the given ``key``.</doc>
<status status="PASS" start="2026-05-13T02:05:14.119765" elapsed="0.000241"/>
</kw>
<kw name="Evaluate" owner="BuiltIn">
<msg time="2026-05-13T02:05:14.120507" level="INFO">${result} = 6305.309734513275</msg>
<var>${result}</var>
<arg>float(${val} / ${vol})</arg>
<doc>Evaluates the given expression in Python and returns the result.</doc>
<status status="PASS" start="2026-05-13T02:05:14.120106" elapsed="0.000456"/>
</kw>
<kw name="Log" owner="BuiltIn">
<msg time="2026-05-13T02:05:14.121082" level="INFO">5913750000.0 / 937900.0 =&gt; 6305.309734513275</msg>
<arg>${val} / ${vol} =&gt; ${result}</arg>
<doc>Logs the given message with the given level.</doc>
<status status="PASS" start="2026-05-13T02:05:14.120702" elapsed="0.000431"/>
</kw>
<kw name="Log To Console" owner="BuiltIn">
<arg>\n${val} / ${vol} =&gt; ${result} vs ${direct}</arg>
<doc>Logs the given message to the console.</doc>
<status status="PASS" start="2026-05-13T02:05:14.121228" elapsed="0.000480"/>
</kw>
<doc>A test to try api</doc>
<tag>11</tag>
<tag>api</tag>
<tag>done</tag>
<timeout value="1 minute"/>
<status status="PASS" start="2026-05-13T02:05:07.335453" elapsed="6.786416"/>
</test>
<test id="s1-s1-s1-s1-t3" name="Test API Number Two" line="53">
<kw name="Set Variable" owner="BuiltIn">
<msg time="2026-05-13T02:05:14.139311" level="INFO">${code} = hbc</msg>
<var>${code}</var>
<arg>hbc</arg>
<doc>Returns the given values which can then be assigned to a variables.</doc>
<status status="PASS" start="2026-05-13T02:05:14.138890" elapsed="0.000455"/>
</kw>
<kw name="Replace String" owner="String">
<msg time="2026-05-13T02:05:14.139799" level="INFO">${final_url} = https://iboard-query.ssi.com.vn/stock/hbc?boardId=MAIN</msg>
<var>${final_url}</var>
<arg>${URL2}</arg>
<arg>symbol</arg>
<arg>${code}</arg>
<doc>Replaces ``search_for`` in the given ``string`` with ``replace_with``.</doc>
<status status="PASS" start="2026-05-13T02:05:14.139483" elapsed="0.000345"/>
</kw>
<kw name="Log" owner="BuiltIn">
<msg time="2026-05-13T02:05:14.140218" level="INFO">🔗 Requesting: https://iboard-query.ssi.com.vn/stock/hbc?boardId=MAIN</msg>
<arg>🔗 Requesting: ${final_url}</arg>
<doc>Logs the given message with the given level.</doc>
<status status="PASS" start="2026-05-13T02:05:14.139945" elapsed="0.000320"/>
</kw>
<kw name="Create Session" owner="RequestsLibrary">
<msg time="2026-05-13T02:05:14.140663" level="INFO">Creating Session using : alias=iboard, url=https://iboard-query.ssi.com.vn, headers={'User-Agent': 'Mozilla/5.0'},                     cookies={}, auth=None, timeout=None, proxies=None, verify=True,                     debug=0 </msg>
<arg>iboard</arg>
<arg>https://iboard-query.ssi.com.vn</arg>
<arg>headers={"User-Agent": "Mozilla/5.0"}</arg>
<arg>verify=${True}</arg>
<doc>Create Session: create a HTTP session to a server</doc>
<status status="PASS" start="2026-05-13T02:05:14.140365" elapsed="0.000457"/>
</kw>
<kw name="Run Keyword And Ignore Error" owner="BuiltIn">
<kw name="GET On Session" owner="RequestsLibrary">
<msg time="2026-05-13T02:05:14.194976" level="INFO">GET Request : url=https://iboard-query.ssi.com.vn/stock/hbc?boardId=MAIN 
 path_url=/stock/hbc?boardId=MAIN 
 headers={'User-Agent': 'Mozilla/5.0', 'Accept-Encoding': 'gzip, deflate', 'Accept': '*/*', 'Connection': 'keep-alive'} 
 body=None 
 </msg>
<msg time="2026-05-13T02:05:14.195119" level="INFO">GET Response : url=https://iboard-query.ssi.com.vn/stock/hbc?boardId=MAIN 
 status=403, reason=Forbidden 
 headers={'Date': 'Wed, 13 May 2026 02:05:14 GMT', 'Content-Type': 'text/html; charset=UTF-8', 'Transfer-Encoding': 'chunked', 'Connection': 'keep-alive', 'Cache-Control': 'private, max-age=0, no-store, no-cache, must-revalidate, post-check=0, pre-check=0', 'Expires': 'Thu, 01 Jan 1970 00:00:01 GMT', 'referrer-policy': 'same-origin', 'x-frame-options': 'SAMEORIGIN', 'Vary': 'accept-encoding', 'set-cookie': '__cf_bm=d5hPMSFJHwx2Ouf.aTvOz6VlsYWAZHz.uiOWT90m5xU-1778637914.1865003-1.0.1.1-vObw0X54lYp9Kvw7EGRKi2SEGqPflsbn6AhKSq9Bcscmx2950wPpgVeItZzinb06bHMX_clAVbSbXOR37QK_.6vYOxCCYMQOG_yNolVtIuU2XL84axvNU4SGmIlVoThe; HttpOnly; SameSite=None; Secure; Path=/; Domain=ssi.com.vn; Expires=Wed, 13 May 2026 02:35:14 GMT', 'Report-To': '{"group":"cf-nel","max_age":604800,"endpoints":[{"url":"https://a.nel.cloudflare.com/report/v4?s=%2Fwk7NxUuiqcsvs5KyVrR%2BZCY1rtmxQseoSVIHmkFG2Q0BZZvc02PJq8OlRmv9FREKTuKBQptaOKkU7nIUyeBaqWiWvdRhnmw759IhktUGgTIokqUIKbCw8u6kIeOuiqowD1zC%2F3%2FJHCI"}]}', 'Nel': '{"report_to":"cf-nel","success_fraction":0.01,"max_age":604800}', 'expect-ct': 'max-age=86400, enforce', 'x-content-type-options': 'nosniff', 'x-xss-protection': '1; mode=block', 'Content-Encoding': 'gzip', 'Server': 'cloudflare', 'CF-RAY': '9fae18d3abf6de03-SJC'} 
 body=&lt;!doctype html&gt;
&lt;html lang="en"&gt;
&lt;head&gt;
&lt;meta charset="utf-8"&gt;
&lt;meta name="robots" content="noindex, nofollow"&gt;
&lt;meta name="viewport" content="width=device-width, initial-scale=1, shrink-to-fit=no"&gt;
&lt;title&gt;Blocked - SSI&lt;/title&gt;
&lt;style&gt;body{background-color:#fff;color:#000;font-family:Arial,Helvetica,sans-serif;font-size:16px;line-height:1.5;margin:0}.container{margin:50px auto;max-width:600px;padding:0 24px;text-align:center}small{font-size:14px}&lt;/style&gt;
&lt;/head&gt;
&lt;body&gt;
&lt;div class="container"&gt;
&lt;svg xmlns="http://www.w3.org/2000/svg" width="200px" height="84px" viewBox="0 0 2202.96 1993.62"&gt;
&lt;defs&gt;
&lt;style&gt;.cls-1{fill:#e22127;stroke:#fff;stroke-miterlimit:10;stroke-width:5px}.cls-2{fill:#fff}&lt;/style&gt;
&lt;/defs&gt;
&lt;title&gt;logo&lt;/title&gt;
&lt;g id="Layer_2" data-name="Layer 2"&gt;
&lt;g id="Layer_1-2" data-name="Layer 1"&gt;
&lt;path class="cls-1" d="M2200.46 1991.12H2.5V2.5h2197.96v1988.62z" /&gt;
&lt;path class="cls-2" d="M1014.29 1271.05c58 34.42 154.77 87 263.49 88.5h4.47c61.4 0 105.22-16.69 133.65-43 29.07-26.93 40.37-62.36 40.75-94.79-1.12-111.4-118.05-163.17-223.58-222.15C1125.74 940.73 1028 878.24 1028 767.55l.09-3.24c1.89-142.8 127.43-214.66 294.37-214.74h2.91c94.11.95 192.21 25.46 230.45 33.81l2.51.54v-35.55l-1.55-.38c-41.59-9.26-137.24-32.21-231-33.23l-6.63-.06c-85.62 0-164.53 16.92-224.29 55C1033.49 608.48 993.6 680.07 993 763.84v1.6c0 136 116.31 205.84 223.2 264.61 108.1 58.22 205.77 109.93 205.5 187.61l-.19 3.65c-2.29 49.46-28.39 102.89-143.13 103.43-106.55-1-207.78-60.06-261.73-92.91l-.64-.39-1.68 1.69v37.92z" /&gt;
&lt;path class="cls-2" d="M1328 601.69h.13c89.64.92 181.24 33.51 230 49.57h.15v-27.53c-51-16.86-139.23-45.26-229.83-46.33h-5.14c-62.31 0-121.11 11.21-165 40h.06c-45.09 29.19-76.7 78.2-77 141 .37 115.6 116.8 172.35 222.93 231.69 107.7 58.81 205.92 118.64 205.7 218.2v3.22c-2 100.36-77.35 176.63-231.47 176.79h-1.24c-109.12-1-219.55-50-261.26-70l-1.74-.87v29.3l.62.33c50.39 23.21 154.15 64.16 262.29 65.49h6.5c79.21 0 142.85-15.93 187.75-50.14 46.2-35.12 71.34-90.83 71.75-150.55v-.71c-.13-126.36-116.19-191-222.8-250-107.86-58.66-206-113.7-205.77-198.92v-3.44C1116 655 1207.3 601.76 1328 601.69z" /&gt;
&lt;path class="cls-2" d="M1408.84 921.17c-108.2-57.58-206.67-106.71-206-164.07l.18-3.56c1.42-63.54 47.78-88.92 120.64-89.79 84.08.76 171 39.22 231.85 63.6l.87.39 1.92-1.93V691l-1.15-.43C1497.49 666.49 1412.46 630.2 1324 629h-2.85c-39.61 0-76.48 8.29-105 28.12-29.35 20.19-48.15 53.69-48.24 96 2.85 96.15 118.75 138.61 223.79 198.51 106.68 59.14 204.91 127.5 204.87 246.91v3.17c-2.23 151.58-124.76 238.52-317 238.73h-2.94c-109.62-1.17-225.93-37.87-260.61-47l-1.8-.53v36l.62.15c40.79 11.36 152.88 44.88 261.36 46.06l8.08.05c97.85 0 182.43-20.78 244.51-63.73 63.7-43.83 102.1-122.32 102.81-209.36v-2.26c-.06-142.54-115.75-219.4-222.83-278.61zM313.68 1271.05c57.88 34.42 154.77 87 263.43 88.5h4.46c61.41 0 105.26-16.69 133.65-43 29.08-26.93 40.38-62.36 40.79-94.79-1.15-111.4-118-163.17-223.58-222.15-107.36-58.88-205.12-121.37-205-232.06v-3.24c2-142.8 127.39-214.66 294.34-214.74h3.06c94.05.95 192.18 25.46 230.36 33.81l2.51.54v-35.55l-1.55-.38c-41.56-9.26-137.25-32.21-230.92-33.23l-6.69-.06c-85.56 0-164.52 16.92-224.22 55C332.88 608.48 293 680.07 292.35 763.84v1.6c0 136 116.31 205.84 223.14 264.61 108.17 58.22 205.8 109.93 205.43 187.61l-.15 3.65c-2.27 49.46-28.31 102.89-143.13 103.43-106.5-1-207.69-60.06-261.64-92.91l-.65-.39-1.67 1.69v37.92z" /&gt;
&lt;path class="cls-2" d="M627.34 601.69h.22c89.49.92 181.24 33.51 230 49.57h.1v-27.53c-51-16.86-139.17-45.26-229.77-46.33h-5.17c-62.31 0-121.15 11.21-164.9 40-45.09 29.19-76.7 78.2-77.1 141 .46 115.6 116.89 172.35 223 231.69 107.61 58.83 205.71 118.66 205.65 218.22v3.22c-2 100.36-77.38 176.63-231.53 176.79h-1.24c-109.07-1-219.49-50-261.2-70l-1.77-.87v29.3l.59.33c50.38 23.21 154.12 64.16 262.28 65.49h6.6c79.18 0 142.75-15.93 187.72-50.14 46.14-35.12 71.34-90.83 71.74-150.55v-.71c-.12-126.36-116.18-191-222.76-250-107.87-58.64-206.07-113.68-205.8-198.9v-3.44c1.3-103.79 92.59-157.07 213.3-157.14z" /&gt;
&lt;path class="cls-2" d="M708.16 921.17C600 863.59 501.49 814.46 502.24 757.1l.06-3.56c1.48-63.54 47.87-88.92 120.7-89.79 84 .76 171 39.22 231.88 63.6l.81.39 2-1.93V691l-1.27-.43C796.88 666.49 711.78 630.2 623.38 629h-2.92c-39.57 0-76.39 8.29-104.94 28.12-29.36 20.19-48 53.69-48.28 96C470.12 849.21 586 891.67 691 951.57c106.77 59.14 205 127.5 204.9 246.91v3.17c-2.17 151.58-124.61 238.52-316.87 238.73h-3c-109.5-1.17-225.93-37.87-260.61-47l-1.74-.53v36l.5.15c40.81 11.36 153 44.88 261.48 46.06l8 .05c98 0 182.48-20.78 244.54-63.73C892 1367.57 930.29 1289.08 931 1202v-2.26c-.06-142.54-115.66-219.4-222.83-278.61zm1097.94 544.59h31.62V528.6h-31.62v937.16zm-72.71-935.21c9.39 197.36.41 901.05 0 934l1.27 1.31h34.5v-937.2h-33.79l-1.95 1.89zm177.1 0c-9.38 197.36-.28 901.05.12 934l-1.33 1.31h-34.4v-937.2h33.75l1.86 1.89z" /&gt;
&lt;/g&gt;
&lt;/g&gt;
&lt;/svg&gt;
&lt;h1&gt;Sorry, your access has been denied&lt;/h1&gt;
&lt;p&gt; You are unable to access this website. Try to disable VPN or switch to other networks (4G/5G/Wifi)&lt;/p&gt;
&lt;p&gt; Please contact us if the problem persists. &lt;/p&gt;
&lt;p&gt; &lt;small&gt;&lt;strong&gt;IP :&lt;/strong&gt; 52.238.24.38&lt;/small&gt; &lt;/p&gt;
&lt;p&gt; &lt;small&gt;&lt;strong&gt;Ray ID:&lt;/strong&gt; 9fae18d3abf6de03&lt;/small&gt; &lt;/p&gt;
&lt;/div&gt;
[...]
<doc>Returns the given values which can then be assigned to a variables.</doc>
<status status="PASS" start="2026-05-13T02:05:14.198433" elapsed="0.000860"/>
</kw>
<if>
<branch type="IF" condition="'${status}' == 'PASS'">
<kw name="Evaluate" owner="BuiltIn">
<var>${x}</var>
<arg>"'Forbidden' in $response[1].text"</arg>
<doc>Evaluates the given expression in Python and returns the result.</doc>
<status status="NOT RUN" start="2026-05-13T02:05:14.199726" elapsed="0.000072"/>
</kw>
<status status="NOT RUN" start="2026-05-13T02:05:14.199429" elapsed="0.000437"/>
</branch>
<branch type="ELSE">
<kw name="Run Keyword And Return Status" owner="BuiltIn">
<kw name="Should Contain" owner="BuiltIn">
<arg>${result}</arg>
<arg>Forbidden</arg>
<doc>Fails if ``container`` does not contain ``item`` one or more times.</doc>
<status status="PASS" start="2026-05-13T02:05:14.200527" elapsed="0.000455"/>
</kw>
<msg time="2026-05-13T02:05:14.201117" level="INFO">${x} = True</msg>
<var>${x}</var>
<arg>Should Contain</arg>
<arg>${result}</arg>
<arg>Forbidden</arg>
<doc>Runs the specified keyword and returns the status as a Boolean value.</doc>
<status status="PASS" start="2026-05-13T02:05:14.200113" elapsed="0.001038"/>
</kw>
<status status="PASS" start="2026-05-13T02:05:14.199928" elapsed="0.001291"/>
</branch>
<status status="PASS" start="2026-05-13T02:05:14.199390" elapsed="0.001883"/>
</if>
<if>
<branch type="IF" condition="${x} == ${True}">
<kw name="Pass Execution" owner="BuiltIn">
<msg time="2026-05-13T02:05:14.201995" level="INFO">Execution passed with message:
Forbidden</msg>
<arg>Forbidden</arg>
<doc>Skips rest of the current test, setup, or teardown with PASS status.</doc>
<status status="PASS" start="2026-05-13T02:05:14.201743" elapsed="0.000310">Forbidden</status>
</kw>
<status status="PASS" start="2026-05-13T02:05:14.201360" elapsed="0.000742">Forbidden</status>
</branch>
<status status="PASS" start="2026-05-13T02:05:14.201330" elapsed="0.000818">Forbidden</status>
</if>
<kw name="Set Variable" owner="BuiltIn">
<var>${response}</var>
<arg>${response[1]}</arg>
<doc>Returns the given values which can then be assigned to a variables.</doc>
<status status="NOT RUN" start="2026-05-13T02:05:14.202231" elapsed="0.000050"/>
</kw>
<kw name="Should Be Equal As Integers" owner="BuiltIn">
<arg>${response.status_code}</arg>
<arg>200</arg>
<doc>Fails if objects are unequal after converting them to integers.</doc>
<status status="NOT RUN" start="2026-05-13T02:05:14.202373" elapsed="0.000046"/>
</kw>
<kw name="Convert To String" owner="BuiltIn">
<var>${html}</var>
<arg>${response.content}</arg>
<doc>Converts the given item to a Unicode string.</doc>
<status status="NOT RUN" start="2026-05-13T02:05:14.202509" elapsed="0.000074"/>
</kw>
<kw name="Evaluate" owner="BuiltIn">
<var>${is_html}</var>
<arg>'''${html}'''.startswith('&lt;!DOCTYPE html&gt;')</arg>
<doc>Evaluates the given expression in Python and returns the result.</doc>
<status status="NOT RUN" start="2026-05-13T02:05:14.202684" elapsed="0.000047"/>
</kw>
<kw name="Run Keyword If" owner="BuiltIn">
<arg>${is_html}</arg>
<arg>Fail</arg>
<arg>⚠️ SSI API returned HTML — likely blocked</arg>
<doc>Runs the given keyword with the given arguments, if ``condition`` is true.</doc>
<status status="NOT RUN" start="2026-05-13T02:05:14.202833" elapsed="0.000046"/>
</kw>
<kw name="Evaluate" owner="BuiltIn">
<var>${json}</var>
<arg>json.loads('''${html}''')</arg>
<arg>json</arg>
<doc>Evaluates the given expression in Python and returns the result.</doc>
<status status="NOT RUN" start="2026-05-13T02:05:14.202971" elapsed="0.000049"/>
</kw>
<kw name="Set Variable" owner="BuiltIn">
<var>${data}</var>
<arg>${json['data']}</arg>
<doc>Returns the given values which can then be assigned to a variables.</doc>
<status status="NOT RUN" start="2026-05-13T02:05:14.203109" elapsed="0.000043"/>
</kw>
<kw name="Set Variable" owner="BuiltIn">
<var>${output}</var>
<doc>Returns the given values which can then be assigned to a variables.</doc>
<status status="NOT RUN" start="2026-05-13T02:05:14.203237" elapsed="0.000041"/>
</kw>
<for flavor="IN RANGE">
<iter>
<kw name="Set Variable" owner="BuiltIn">
<var>${bid_key}</var>
<arg>best${i}Bid</arg>
<doc>Returns the given values which can then be assigned to a variables.</doc>
<status status="NOT RUN" start="2026-05-13T02:05:14.203630" elapsed="0.000052"/>
</kw>
<kw name="Set Variable" owner="BuiltIn">
<var>${bidVol_key}</var>
<arg>best${i}BidVol</arg>
<doc>Returns the given values which can then be assigned to a variables.</doc>
<status status="NOT RUN" start="2026-05-13T02:05:14.203772" elapsed="0.000047"/>
</kw>
<kw name="Set Variable" owner="BuiltIn">
<var>${offer_key}</var>
<arg>best${i}Offer</arg>
<doc>Returns the given values which can then be assigned to a variables.</doc>
<status status="NOT RUN" start="2026-05-13T02:05:14.203905" elapsed="0.000049"/>
</kw>
<kw name="Set Variable" owner="BuiltIn">
<var>${offerVol_key}</var>
<arg>best${i}OfferVol</arg>
<doc>Returns the given values which can then be assigned to a variables.</doc>
<status status="NOT RUN" start="2026-05-13T02:05:14.204040" elapsed="0.000048"/>
</kw>
<kw name="Run Keyword If" owner="BuiltIn">
<var>${bid}</var>
<arg>'${bid_key}' in ${data}</arg>
<arg>Evaluate</arg>
<arg>str(${data['${bid_key}']}).rjust(8)</arg>
<arg>ELSE</arg>
<arg>Evaluate</arg>
<arg>'—'.rjust(8)</arg>
<doc>Runs the given keyword with the given arguments, if ``condition`` is true.</doc>
<status status="NOT RUN" start="2026-05-13T02:05:14.204184" elapsed="0.000044"/>
</kw>
<kw name="Run Keyword If" owner="BuiltIn">
<var>${bidVol}</var>
<arg>'${bidVol_key}' in ${data}</arg>
<arg>Evaluate</arg>
<arg>str(${data['${bidVol_key}']}).rjust(10)</arg>
<arg>ELSE</arg>
<arg>Evaluate</arg>
<arg>'—'.rjust(10)</arg>
<doc>Runs the given keyword with the given arguments, if ``condition`` is true.</doc>
<status status="NOT RUN" start="2026-05-13T02:05:14.204328" elapsed="0.000044"/>
</kw>
<kw name="Run Keyword If" owner="BuiltIn">
<var>${offer}</var>
<arg>'${offer_key}' in ${data}</arg>
<arg>Evaluate</arg>
<arg>str(${data['${offer_key}']}).rjust(8)</arg>
<arg>ELSE</arg>
<arg>Evaluate</arg>
<arg>'—'.rjust(8)</arg>
<doc>Runs the given keyword with the given arguments, if ``condition`` is true.</doc>
<status status="NOT RUN" start="2026-05-13T02:05:14.204475" elapsed="0.000049"/>
</kw>
<kw name="Run Keyword If" owner="BuiltIn">
<var>${offerVol}</var>
<arg>'${offerVol_key}' in ${data}</arg>
<arg>Evaluate</arg>
<arg>str(${data['${offerVol_key}']}).rjust(10)</arg>
<arg>ELSE</arg>
<arg>Evaluate</arg>
<arg>'—'.rjust(10)</arg>
<doc>Runs the given keyword with the given arguments, if ``condition`` is true.</doc>
<status status="NOT RUN" start="2026-05-13T02:05:14.204647" elapsed="0.000048"/>
</kw>
<kw name="Set Variable" owner="BuiltIn">
<var>${line}</var>
<arg>${bid}${SPACE}${bidVol}${SPACE}${offer}${SPACE}${offerVol}</arg>
<doc>Returns the given values which can then be assigned to a variables.</doc>
<status status="NOT RUN" start="2026-05-13T02:05:14.204833" elapsed="0.000047"/>
</kw>
<kw name="Catenate" owner="BuiltIn">
<var>${output}</var>
<arg>SEPARATOR=\n</arg>
<arg>${output}</arg>
<arg>${line}</arg>
<doc>Catenates the given items together and returns the resulted string.</doc>
<status status="NOT RUN" start="2026-05-13T02:05:14.204968" elapsed="0.000044"/>
</kw>
<var name="${i}"/>
<status status="NOT RUN" start="2026-05-13T02:05:14.203484" elapsed="0.001568"/>
</iter>
<var>${i}</var>
<value>1</value>
<value>11</value>
<status status="NOT RUN" start="2026-05-13T02:05:14.203339" elapsed="0.001757"/>
</for>
<kw name="Log" owner="BuiltIn">
<arg>${output}</arg>
<doc>Logs the given message with the given level.</doc>
<status status="NOT RUN" start="2026-05-13T02:05:14.205197" elapsed="0.000045"/>
</kw>
<kw name="Log To Console" owner="BuiltIn">
<arg>${output}</arg>
<doc>Logs the given message to the console.</doc>
<status status="NOT RUN" start="2026-05-13T02:05:14.205326" elapsed="0.000042"/>
</kw>
<doc>Fetches and formats top 10 bid/offer levels like awk output</doc>
<tag>12</tag>
<tag>api</tag>
<tag>done</tag>
<status status="PASS" start="2026-05-13T02:05:14.132873" elapsed="0.072616">Forbidden</status>
</test>
<status status="FAIL" start="2026-05-13T02:04:42.362553" elapsed="31.852286"/>
</suite>
<suite id="s1-s1-s1-s2" name="Suite number two" source="/home/runner/work/repo1/repo1/playwright2/tests/Suite_number_two.robot">
<test id="s1-s1-s1-s2-t1" name="First complete test to check around the site and skip the recent advert which has just been added" line="7">
<kw name="Close popups if any" owner="keywords">
<kw name="Element Exists" owner="keywords">
<kw name="Run Keyword And Return Status" owner="BuiltIn">
<kw name="Wait For Elements State" owner="Browser">
<msg time="2026-05-13T02:05:20.474962" level="INFO" html="true">&lt;/td&gt;&lt;/tr&gt;&lt;tr&gt;&lt;td colspan="3"&gt;&lt;a href="browser/screenshot/fail-screenshot-4.png" target="_blank"&gt;&lt;img src="browser/screenshot/fail-screenshot-4.png" width="800px"/&gt;&lt;/a&gt;</msg>
<msg time="2026-05-13T02:05:20.475129" level="INFO">See also file:///home/runner/work/repo1/repo1/tmp/playwright-log.txt for additional details.</msg>
<msg time="2026-05-13T02:05:20.475384" level="FAIL">TimeoutError: locator.waitFor: Timeout 6000ms exceeded.
Call log:
  - waiting for locator('//span[normalize-space()=\'Close\']/ancestor::button')
</msg>
<arg>${locator}</arg>
<arg>attached</arg>
<arg>timeout=6s</arg>
<tag>PageContent</tag>
<tag>Wait</tag>
<doc>Waits for the element found by ``selector`` to satisfy state option.</doc>
<status status="FAIL" start="2026-05-13T02:05:14.240030" elapsed="6.236496">TimeoutError: locator.waitFor: Timeout 6000ms exceeded.
Call log:
  - waiting for locator('//span[normalize-space()=\'Close\']/ancestor::button')
</status>
</kw>
<msg time="2026-05-13T02:05:20.476859" level="INFO">${status} = False</msg>
<var>${status}</var>
<arg>Wait For Elements State</arg>
<arg>${locator}</arg>
<arg>attached</arg>
<arg>timeout=6s</arg>
<doc>Runs the specified keyword and returns the status as a Boolean value.</doc>
<status status="PASS" start="2026-05-13T02:05:14.239664" elapsed="6.237231"/>
</kw>
<kw name="Return From Keyword" owner="BuiltIn">
<msg time="2026-05-13T02:05:20.477630" level="INFO">Returning from the enclosing user keyword.</msg>
<arg>${status}</arg>
<doc>Returns from the enclosing user keyword.</doc>
<status status="PASS" start="2026-05-13T02:05:20.477150" elapsed="0.000560"/>
</kw>
<msg time="2026-05-13T02:05:20.477928" level="INFO">${check} = False</msg>
<var>${check}</var>
<arg>${CLOSE}</arg>
<status status="PASS" start="2026-05-13T02:05:14.239344" elapsed="6.238618"/>
</kw>
<kw name="Run Keyword If" owner="BuiltIn">
<arg>${check}</arg>
<arg>Click</arg>
<arg>xpath=${CLOSE}</arg>
<doc>Runs the given keyword with the given arguments, if ``condition`` is true.</doc>
<status status="PASS" start="2026-05-13T02:05:20.478153" elapsed="0.000476"/>
</kw>
<kw name="Set Variable" owner="BuiltIn">
<msg time="2026-05-13T02:05:20.479503" level="INFO">${CLOSE} = //div[@class='relative']//button</msg>
<var>${CLOSE}</var>
<arg>//div[@class='relative']//button</arg>
<doc>Returns the given values which can then be assigned to a variables.</doc>
<status status="PASS" start="2026-05-13T02:05:20.478821" elapsed="0.000723"/>
</kw>
<kw name="Element Exists" owner="keywords">
<kw name="Run Keyword And Return Status" owner="BuiltIn">
<kw name="Wait For Elements State" owner="Browser">
<msg time="2026-05-13T02:05:26.731886" level="INFO" html="true">&lt;/td&gt;&lt;/tr&gt;&lt;tr&gt;&lt;td colspan="3"&gt;&lt;a href="browser/screenshot/fail-screenshot-5.png" target="_blank"&gt;&lt;img src="browser/screenshot/fail-screenshot-5.png" width="800px"/&gt;&lt;/a&gt;</msg>
<msg time="2026-05-13T02:05:26.732058" level="INFO">See also file:///home/runner/work/repo1/repo1/tmp/playwright-log.txt for additional details.</msg>
<msg time="2026-05-13T02:05:26.732279" level="FAIL">TimeoutError: locator.waitFor: Timeout 6000ms exceeded.
Call log:
  - waiting for locator('//div[@class=\'relative\']//button')
</msg>
<arg>${locator}</arg>
<arg>attached</arg>
<arg>timeout=6s</arg>
<tag>PageContent</tag>
<tag>Wait</tag>
<doc>Waits for the element found by ``selector`` to satisfy state option.</doc>
<status status="FAIL" start="2026-05-13T02:05:20.480694" elapsed="6.252655">TimeoutError: locator.waitFor: Timeout 6000ms exceeded.
Call log:
  - waiting for locator('//div[@class=\'relative\']//button')
</status>
</kw>
<msg time="2026-05-13T02:05:26.733601" level="INFO">${status} = False</msg>
<var>${status}</var>
<arg>Wait For Elements State</arg>
<arg>${locator}</arg>
<arg>attached</arg>
<arg>timeout=6s</arg>
<doc>Runs the specified keyword and returns the status as a Boolean value.</doc>
<status status="PASS" start="2026-05-13T02:05:20.480224" elapsed="6.253414"/>
</kw>
<kw name="Return From Keyword" owner="BuiltIn">
<msg time="2026-05-13T02:05:26.734218" level="INFO">Returning from the enclosing user keyword.</msg>
<arg>${status}</arg>
<doc>Returns from the enclosing user keyword.</doc>
<status status="PASS" start="2026-05-13T02:05:26.733856" elapsed="0.000461"/>
</kw>
<msg time="2026-05-13T02:05:26.734594" level="INFO">${check} = False</msg>
<var>${check}</var>
<arg>${CLOSE}</arg>
<status status="PASS" start="2026-05-13T02:05:20.479789" elapsed="6.254853"/>
</kw>
<kw name="Run Keyword If" owner="BuiltIn">
<arg>${check}</arg>
<arg>Click</arg>
<arg>xpath=${CLOSE}</arg>
<doc>Runs the given keyword with the given arguments, if ``condition`` is true.</doc>
<status status="PASS" start="2026-05-13T02:05:26.734819" elapsed="0.000355"/>
</kw>
<status status="PASS" start="2026-05-13T02:05:14.238975" elapsed="12.496286"/>
</kw>
<kw name="Go to a code" owner="keywords">
<kw name="Fill Text" owner="Browser">
<msg time="2026-05-13T02:05:26.736823" level="INFO">Fills the text 'IJC' in the given field.</msg>
<arg>xpath=//div[@data-value]//input</arg>
<arg>${code}</arg>
<tag>PageContent</tag>
<tag>Setter</tag>
<doc>Clears and fills the given ``txt`` into the text field found by ``selector``.</doc>
<status status="PASS" start="2026-05-13T02:05:26.735948" elapsed="0.015075"/>
</kw>
<kw name="Set Variable" owner="BuiltIn">
<msg time="2026-05-13T02:05:26.752044" level="INFO">${RESULT} = (//div[contains(text(),"IJC")]/ancestor::div[@role="option"])[1]</msg>
<var>${RESULT}</var>
<arg>(//div[contains(text(),"${code}")]/ancestor::div[@role="option"])[1]</arg>
<doc>Returns the given values which can then be assigned to a variables.</doc>
<status status="PASS" start="2026-05-13T02:05:26.751315" elapsed="0.000768"/>
</kw>
<kw name="Wait For Elements State" owner="Browser">
<msg time="2026-05-13T02:05:38.970906" level="INFO" html="true">&lt;/td&gt;&lt;/tr&gt;&lt;tr&gt;&lt;td colspan="3"&gt;&lt;a href="browser/screenshot/fail-screenshot-6.png" target="_blank"&gt;&lt;img src="browser/screenshot/fail-screenshot-6.png" width="800px"/&gt;&lt;/a&gt;</msg>
<msg time="2026-05-13T02:05:38.971108" level="INFO">See also file:///home/runner/work/repo1/repo1/tmp/playwright-log.txt for additional details.</msg>
<msg time="2026-05-13T02:05:38.971516" level="FAIL">TimeoutError: locator.waitFor: Timeout 12000ms exceeded.
Call log:
  - waiting for locator('xpath=(//div[contains(text(),"IJC")]/ancestor::div[@role="option"])[1]')
</msg>
<arg>${RESULT}</arg>
<arg>attached</arg>
<arg>timeout=12s</arg>
<tag>PageContent</tag>
<tag>Wait</tag>
<doc>Waits for the element found by ``selector`` to satisfy state option.</doc>
<status status="FAIL" start="2026-05-13T02:05:26.752247" elapsed="12.220386">TimeoutError: locator.waitFor: Timeout 12000ms exceeded.
Call log:
  - waiting for locator('xpath=(//div[contains(text(),"IJC")]/ancestor::div[@role="option"])[1]')
</status>
</kw>
<for flavor="IN RANGE">
<iter>
<kw name="Run Keyword And Ignore Error" owner="BuiltIn">
<var>${status}</var>
<var>${msg}</var>
<arg>Click</arg>
<arg>xpath=${RESULT}</arg>
<doc>Runs the given keyword with the given arguments and ignores possible error.</doc>
<status status="NOT RUN" start="2026-05-13T02:05:38.973418" elapsed="0.000082"/>
</kw>
<kw name="Run Keyword If" owner="BuiltIn">
<arg>'${status}' == 'PASS'</arg>
<arg>Exit For Loop</arg>
<doc>Runs the given keyword with the given arguments, if ``condition`` is true.</doc>
<status status="NOT RUN" start="2026-05-13T02:05:38.973708" elapsed="0.000074"/>
</kw>
<kw name="Run Keyword If" owner="BuiltIn">
<arg>'${status}' != 'PASS'</arg>
<arg>Click</arg>
<arg>xpath=//div[@data-value]</arg>
<doc>Runs the given keyword with the given arguments, if ``condition`` is true.</doc>
<status status="NOT RUN" start="2026-05-13T02:05:38.973944" elapsed="0.000075"/>
</kw>
<var name="${kw}"/>
<status status="NOT RUN" start="2026-05-13T02:05:38.973175" elapsed="0.000905"/>
</iter>
<var>${kw}</var>
<value>1</value>
<value>4</value>
<status status="NOT RUN" start="2026-05-13T02:05:38.972927" elapsed="0.001229"/>
</for>
<kw name="Run Keyword And Ignore Error" owner="BuiltIn">
<arg>Wait For Load State</arg>
<arg>networkidle</arg>
<arg>timeout=4s</arg>
<doc>Runs the given keyword with the given arguments and ignores possible error.</doc>
<status status="NOT RUN" start="2026-05-13T02:05:38.974320" elapsed="0.000064"/>
</kw>
<arg>IJC</arg>
<status status="FAIL" start="2026-05-13T02:05:26.735531" elapsed="12.239059">TimeoutError: locator.waitFor: Timeout 12000ms exceeded.
Call log:
  - waiting for locator('xpath=(//div[contains(text(),"IJC")]/ancestor::div[@role="option"])[1]')
</status>
</kw>
<kw name="Get and show latest stuff" owner="keywords">
<status status="NOT RUN" start="2026-05-13T02:05:38.974833" elapsed="0.000084"/>
</kw>
<doc>A test to perform usual actions but this time there is a new advertisement which seems make the page run much more slowly</doc>
<tag>done</tag>
<timeout value="3 minutes"/>
<status status="FAIL" start="2026-05-13T02:05:14.233742" elapsed="24.741396">TimeoutError: locator.waitFor: Timeout 12000ms exceeded.
Call log:
  - waiting for locator('xpath=(//div[contains(text(),"IJC")]/ancestor::div[@role="option"])[1]')
</status>
</test>
<status status="FAIL" start="2026-05-13T02:05:14.220762" elapsed="24.763108"/>
</suite>
<kw name="Close Browser" owner="Browser" type="TEARDOWN">
<msg time="2026-05-13T02:05:39.008974" level="INFO">Keyword 'Take Screenshot  fail-screenshot-{index}' could not be run on failure:
Error: Tried to take screenshot, but no page was open.</msg>
<msg time="2026-05-13T02:05:39.009164" level="INFO">See also file:///home/runner/work/repo1/repo1/tmp/playwright-log.txt for additional details.</msg>
<msg time="2026-05-13T02:05:39.009391" level="FAIL">Deadline exceeded</msg>
<tag>BrowserControl</tag>
<tag>Setter</tag>
<doc>Closes the current browser.</doc>
<status status="FAIL" start="2026-05-13T02:05:38.991788" elapsed="0.024567">Deadline exceeded</status>
</kw>
<status status="FAIL" start="2026-05-13T02:04:32.279112" elapsed="66.737474">Suite teardown failed:
Deadline exceeded</status>
</suite>
<status status="FAIL" start="2026-05-13T02:04:32.278148" elapsed="66.754363"/>
</suite>
<status status="FAIL" start="2026-05-13T02:04:32.248787" elapsed="66.784740"/>
</suite>
<statistics>
<total>
<stat pass="0" fail="4" skip="0">All Tests</stat>
</total>
<tag>
<stat pass="0" fail="1" skip="0">11</stat>
<stat pass="0" fail="1" skip="0">12</stat>
<stat pass="0" fail="2" skip="0">api</stat>
<stat pass="0" fail="4" skip="0">done</stat>
</tag>
<suite>
<stat name="Repo1" id="s1" pass="0" fail="4" skip="0">Repo1</stat>
<stat name="Playwright2" id="s1-s1" pass="0" fail="4" skip="0">Repo1.Playwright2</stat>
<stat name="Tests" id="s1-s1-s1" pass="0" fail="4" skip="0">Repo1.Playwright2.Tests</stat>
<stat name="First" id="s1-s1-s1-s1" pass="0" fail="3" skip="0">Repo1.Playwright2.Tests.First</stat>
<stat name="Suite number two" id="s1-s1-s1-s2" pass="0" fail="1" skip="0">Repo1.Playwright2.Tests.Suite number two</stat>
</suite>
</statistics>
<errors>
</errors>
</robot>
